<?xml version="1.0" encoding="UTF-8"?>
<coverage generated="1741595468100" clover="3.2.0">
  <project timestamp="1741595468100" name="All files">
    <metrics statements="321" coveredstatements="286" conditionals="133" coveredconditionals="108" methods="34" coveredmethods="24" elements="488" coveredelements="418" complexity="0" loc="321" ncloc="321" packages="1" files="1" classes="1"/>
    <file name="codap-helpers.tsx" path="/Users/chaddorsey/Dropbox/dev/ChatGPT-experiments/sampler/src/helpers/codap-helpers.tsx">
      <metrics statements="321" coveredstatements="286" conditionals="133" coveredconditionals="108" methods="34" coveredmethods="24"/>
      <line num="1" count="3" type="stmt"/>
      <line num="15" count="3" type="stmt"/>
      <line num="18" count="3" type="stmt"/>
      <line num="19" count="3" type="stmt"/>
      <line num="30" count="3" type="stmt"/>
      <line num="31" count="3" type="cond" truecount="1" falsecount="0"/>
      <line num="32" count="2" type="stmt"/>
      <line num="34" count="1" type="stmt"/>
      <line num="37" count="3" type="stmt"/>
      <line num="38" count="9" type="stmt"/>
      <line num="45" count="3" type="stmt"/>
      <line num="46" count="1" type="stmt"/>
      <line num="53" count="1" type="stmt"/>
      <line num="55" count="2" type="stmt"/>
      <line num="57" count="7" type="stmt"/>
      <line num="62" count="1" type="stmt"/>
      <line num="63" count="0" type="stmt"/>
      <line num="64" count="0" type="cond" truecount="0" falsecount="1"/>
      <line num="65" count="0" type="cond" truecount="0" falsecount="2"/>
      <line num="66" count="0" type="cond" truecount="0" falsecount="1"/>
      <line num="67" count="0" type="stmt"/>
      <line num="68" count="0" type="stmt"/>
      <line num="78" count="3" type="stmt"/>
      <line num="79" count="0" type="stmt"/>
      <line num="94" count="3" type="stmt"/>
      <line num="95" count="3" type="stmt"/>
      <line num="96" count="3" type="stmt"/>
      <line num="97" count="3" type="cond" truecount="8" falsecount="2"/>
      <line num="98" count="3" type="stmt"/>
      <line num="101" count="3" type="stmt"/>
      <line num="102" count="1" type="stmt"/>
      <line num="103" count="1" type="stmt"/>
      <line num="104" count="1" type="cond" truecount="1" falsecount="1"/>
      <line num="106" count="1" type="stmt"/>
      <line num="107" count="2" type="stmt"/>
      <line num="108" count="2" type="stmt"/>
      <line num="109" count="1" type="cond" truecount="0" falsecount="1"/>
      <line num="110" count="0" type="stmt"/>
      <line num="111" count="0" type="stmt"/>
      <line num="114" count="1" type="stmt"/>
      <line num="115" count="1" type="stmt"/>
      <line num="117" count="0" type="stmt"/>
      <line num="118" count="0" type="stmt"/>
      <line num="119" count="0" type="cond" truecount="0" falsecount="2"/>
      <line num="120" count="0" type="stmt"/>
      <line num="121" count="0" type="stmt"/>
      <line num="123" count="0" type="stmt"/>
      <line num="129" count="0" type="stmt"/>
      <line num="130" count="0" type="stmt"/>
      <line num="131" count="0" type="stmt"/>
      <line num="132" count="0" type="cond" truecount="0" falsecount="2"/>
      <line num="134" count="0" type="stmt"/>
      <line num="135" count="0" type="cond" truecount="0" falsecount="2"/>
      <line num="137" count="0" type="stmt"/>
      <line num="138" count="0" type="cond" truecount="0" falsecount="2"/>
      <line num="139" count="0" type="stmt"/>
      <line num="140" count="0" type="cond" truecount="0" falsecount="2"/>
      <line num="141" count="0" type="stmt"/>
      <line num="142" count="0" type="stmt"/>
      <line num="144" count="0" type="stmt"/>
      <line num="147" count="0" type="stmt"/>
      <line num="150" count="0" type="stmt"/>
      <line num="153" count="0" type="stmt"/>
      <line num="156" count="0" type="stmt"/>
      <line num="161" count="3" type="stmt"/>
      <line num="162" count="2" type="stmt"/>
      <line num="168" count="3" type="stmt"/>
      <line num="169" count="5" type="stmt"/>
      <line num="171" count="5" type="stmt"/>
      <line num="175" count="5" type="stmt"/>
      <line num="176" count="5" type="cond" truecount="2" falsecount="0"/>
      <line num="179" count="7" type="stmt"/>
      <line num="181" count="5" type="cond" truecount="2" falsecount="0"/>
      <line num="182" count="2" type="stmt"/>
      <line num="191" count="3" type="cond" truecount="4" falsecount="0"/>
      <line num="192" count="6" type="stmt"/>
      <line num="193" count="4" type="stmt"/>
      <line num="194" count="2" type="stmt"/>
      <line num="195" count="2" type="cond" truecount="2" falsecount="0"/>
      <line num="196" count="1" type="stmt"/>
      <line num="198" count="1" type="stmt"/>
      <line num="199" count="2" type="stmt"/>
      <line num="200" count="5" type="stmt"/>
      <line num="201" count="2" type="cond" truecount="2" falsecount="0"/>
      <line num="202" count="1" type="stmt"/>
      <line num="203" count="1" type="stmt"/>
      <line num="204" count="1" type="cond" truecount="0" falsecount="1"/>
      <line num="205" count="0" type="stmt"/>
      <line num="209" count="2" type="stmt"/>
      <line num="218" count="1" type="cond" truecount="3" falsecount="0"/>
      <line num="219" count="1" type="stmt"/>
      <line num="230" count="3" type="stmt"/>
      <line num="231" count="5" type="stmt"/>
      <line num="232" count="5" type="stmt"/>
      <line num="234" count="5" type="stmt"/>
      <line num="235" count="5" type="cond" truecount="0" falsecount="1"/>
      <line num="236" count="0" type="stmt"/>
      <line num="240" count="5" type="cond" truecount="1" falsecount="0"/>
      <line num="242" count="5" type="cond" truecount="3" falsecount="1"/>
      <line num="244" count="2" type="cond" truecount="2" falsecount="0"/>
      <line num="246" count="1" type="stmt"/>
      <line num="248" count="1" type="stmt"/>
      <line num="249" count="2" type="stmt"/>
      <line num="251" count="1" type="stmt"/>
      <line num="254" count="1" type="stmt"/>
      <line num="255" count="2" type="stmt"/>
      <line num="257" count="1" type="stmt"/>
      <line num="261" count="5" type="stmt"/>
      <line num="274" count="3" type="stmt"/>
      <line num="280" count="21" type="stmt"/>
      <line num="281" count="21" type="stmt"/>
      <line num="283" count="21" type="stmt"/>
      <line num="285" count="21" type="stmt"/>
      <line num="286" count="21" type="stmt"/>
      <line num="287" count="21" type="stmt"/>
      <line num="291" count="21" type="stmt"/>
      <line num="292" count="21" type="stmt"/>
      <line num="293" count="20" type="stmt"/>
      <line num="295" count="20" type="cond" truecount="1" falsecount="0"/>
      <line num="296" count="2" type="stmt"/>
      <line num="297" count="2" type="stmt"/>
      <line num="301" count="18" type="stmt"/>
      <line num="304" count="18" type="stmt"/>
      <line num="305" count="18" type="cond" truecount="4" falsecount="0"/>
      <line num="306" count="16" type="stmt"/>
      <line num="307" count="16" type="stmt"/>
      <line num="311" count="18" type="cond" truecount="1" falsecount="0"/>
      <line num="312" count="3" type="stmt"/>
      <line num="315" count="3" type="cond" truecount="2" falsecount="0"/>
      <line num="316" count="1" type="stmt"/>
      <line num="317" count="1" type="stmt"/>
      <line num="318" count="2" type="cond" truecount="3" falsecount="0"/>
      <line num="320" count="2" type="stmt"/>
      <line num="323" count="2" type="cond" truecount="1" falsecount="0"/>
      <line num="324" count="1" type="stmt"/>
      <line num="325" count="1" type="cond" truecount="1" falsecount="0"/>
      <line num="326" count="1" type="stmt"/>
      <line num="327" count="1" type="stmt"/>
      <line num="334" count="18" type="cond" truecount="4" falsecount="0"/>
      <line num="336" count="1" type="cond" truecount="3" falsecount="0"/>
      <line num="338" count="1" type="stmt"/>
      <line num="339" count="1" type="stmt"/>
      <line num="343" count="18" type="cond" truecount="1" falsecount="0"/>
      <line num="344" count="1" type="stmt"/>
      <line num="345" count="1" type="stmt"/>
      <line num="349" count="17" type="stmt"/>
      <line num="350" count="17" type="stmt"/>
      <line num="351" count="17" type="stmt"/>
      <line num="355" count="17" type="stmt"/>
      <line num="356" count="17" type="stmt"/>
      <line num="357" count="17" type="stmt"/>
      <line num="358" count="17" type="cond" truecount="1" falsecount="0"/>
      <line num="359" count="16" type="stmt"/>
      <line num="363" count="17" type="stmt"/>
      <line num="364" count="17" type="stmt"/>
      <line num="366" count="17" type="cond" truecount="3" falsecount="0"/>
      <line num="367" count="14" type="stmt"/>
      <line num="368" count="14" type="stmt"/>
      <line num="370" count="14" type="stmt"/>
      <line num="371" count="11" type="stmt"/>
      <line num="374" count="11" type="stmt"/>
      <line num="378" count="11" type="stmt"/>
      <line num="379" count="11" type="stmt"/>
      <line num="380" count="11" type="stmt"/>
      <line num="381" count="11" type="cond" truecount="1" falsecount="0"/>
      <line num="382" count="11" type="stmt"/>
      <line num="385" count="11" type="cond" truecount="3" falsecount="0"/>
      <line num="386" count="11" type="stmt"/>
      <line num="387" count="11" type="stmt"/>
      <line num="389" count="11" type="stmt"/>
      <line num="390" count="11" type="stmt"/>
      <line num="393" count="11" type="stmt"/>
      <line num="397" count="11" type="stmt"/>
      <line num="398" count="11" type="stmt"/>
      <line num="399" count="11" type="stmt"/>
      <line num="400" count="11" type="cond" truecount="1" falsecount="0"/>
      <line num="401" count="11" type="stmt"/>
      <line num="404" count="11" type="cond" truecount="3" falsecount="0"/>
      <line num="405" count="11" type="stmt"/>
      <line num="406" count="11" type="stmt"/>
      <line num="409" count="11" type="stmt"/>
      <line num="410" count="6" type="stmt"/>
      <line num="411" count="6" type="stmt"/>
      <line num="414" count="6" type="stmt"/>
      <line num="418" count="6" type="stmt"/>
      <line num="419" count="6" type="stmt"/>
      <line num="420" count="6" type="stmt"/>
      <line num="421" count="6" type="cond" truecount="1" falsecount="0"/>
      <line num="422" count="6" type="stmt"/>
      <line num="425" count="6" type="cond" truecount="3" falsecount="1"/>
      <line num="426" count="6" type="cond" truecount="1" falsecount="1"/>
      <line num="427" count="6" type="stmt"/>
      <line num="431" count="6" type="stmt"/>
      <line num="432" count="6" type="stmt"/>
      <line num="435" count="6" type="stmt"/>
      <line num="436" count="6" type="stmt"/>
      <line num="437" count="6" type="stmt"/>
      <line num="438" count="6" type="stmt"/>
      <line num="439" count="6" type="stmt"/>
      <line num="440" count="6" type="stmt"/>
      <line num="441" count="6" type="stmt"/>
      <line num="442" count="6" type="stmt"/>
      <line num="444" count="6" type="stmt"/>
      <line num="445" count="6" type="stmt"/>
      <line num="446" count="6" type="stmt"/>
      <line num="447" count="6" type="stmt"/>
      <line num="448" count="6" type="stmt"/>
      <line num="449" count="6" type="stmt"/>
      <line num="450" count="6" type="stmt"/>
      <line num="451" count="6" type="stmt"/>
      <line num="452" count="6" type="stmt"/>
      <line num="455" count="6" type="cond" truecount="6" falsecount="2"/>
      <line num="458" count="6" type="stmt"/>
      <line num="460" count="6" type="cond" truecount="1" falsecount="0"/>
      <line num="461" count="6" type="stmt"/>
      <line num="464" count="6" type="stmt"/>
      <line num="467" count="6" type="stmt"/>
      <line num="468" count="6" type="stmt"/>
      <line num="469" count="6" type="stmt"/>
      <line num="470" count="6" type="stmt"/>
      <line num="473" count="6" type="stmt"/>
      <line num="474" count="6" type="stmt"/>
      <line num="475" count="6" type="stmt"/>
      <line num="478" count="6" type="stmt"/>
      <line num="479" count="6" type="stmt"/>
      <line num="480" count="6" type="stmt"/>
      <line num="481" count="6" type="stmt"/>
      <line num="484" count="6" type="stmt"/>
      <line num="485" count="6" type="stmt"/>
      <line num="486" count="6" type="stmt"/>
      <line num="487" count="6" type="stmt"/>
      <line num="489" count="6" type="stmt"/>
      <line num="491" count="6" type="stmt"/>
      <line num="500" count="0" type="stmt"/>
      <line num="510" count="17" type="stmt"/>
      <line num="511" count="17" type="stmt"/>
      <line num="512" count="6" type="stmt"/>
      <line num="513" count="6" type="stmt"/>
      <line num="514" count="6" type="stmt"/>
      <line num="515" count="6" type="stmt"/>
      <line num="516" count="6" type="stmt"/>
      <line num="517" count="6" type="stmt"/>
      <line num="521" count="17" type="stmt"/>
      <line num="522" count="17" type="stmt"/>
      <line num="523" count="17" type="stmt"/>
      <line num="531" count="17" type="stmt"/>
      <line num="532" count="17" type="stmt"/>
      <line num="533" count="17" type="stmt"/>
      <line num="534" count="17" type="cond" truecount="2" falsecount="0"/>
      <line num="535" count="15" type="stmt"/>
      <line num="537" count="2" type="stmt"/>
      <line num="538" count="2" type="stmt"/>
      <line num="542" count="15" type="stmt"/>
      <line num="543" count="15" type="stmt"/>
      <line num="545" count="15" type="stmt"/>
      <line num="548" count="15" type="stmt"/>
      <line num="549" count="21" type="stmt"/>
      <line num="551" count="21" type="stmt"/>
      <line num="552" count="21" type="stmt"/>
      <line num="555" count="21" type="cond" truecount="4" falsecount="0"/>
      <line num="556" count="18" type="stmt"/>
      <line num="557" count="18" type="cond" truecount="3" falsecount="0"/>
      <line num="558" count="17" type="stmt"/>
      <line num="560" count="3" type="cond" truecount="3" falsecount="0"/>
      <line num="562" count="3" type="cond" truecount="1" falsecount="0"/>
      <line num="563" count="3" type="stmt"/>
      <line num="564" count="3" type="cond" truecount="3" falsecount="0"/>
      <line num="565" count="3" type="stmt"/>
      <line num="570" count="21" type="cond" truecount="3" falsecount="0"/>
      <line num="571" count="20" type="stmt"/>
      <line num="572" count="20" type="stmt"/>
      <line num="581" count="15" type="stmt"/>
      <line num="583" count="15" type="cond" truecount="2" falsecount="0"/>
      <line num="584" count="14" type="stmt"/>
      <line num="585" count="14" type="stmt"/>
      <line num="588" count="14" type="stmt"/>
      <line num="593" count="14" type="stmt"/>
      <line num="594" count="14" type="stmt"/>
      <line num="595" count="14" type="stmt"/>
      <line num="596" count="14" type="cond" truecount="2" falsecount="0"/>
      <line num="597" count="12" type="stmt"/>
      <line num="599" count="2" type="stmt"/>
      <line num="602" count="1" type="stmt"/>
      <line num="606" count="15" type="stmt"/>
      <line num="607" count="15" type="stmt"/>
      <line num="608" count="15" type="stmt"/>
      <line num="612" count="15" type="stmt"/>
      <line num="613" count="15" type="stmt"/>
      <line num="614" count="15" type="stmt"/>
      <line num="615" count="15" type="cond" truecount="2" falsecount="0"/>
      <line num="616" count="13" type="stmt"/>
      <line num="618" count="2" type="stmt"/>
      <line num="622" count="15" type="stmt"/>
      <line num="623" count="15" type="stmt"/>
      <line num="625" count="15" type="stmt"/>
      <line num="626" count="6" type="stmt"/>
      <line num="627" count="6" type="stmt"/>
      <line num="628" count="6" type="stmt"/>
      <line num="630" count="6" type="stmt"/>
      <line num="638" count="6" type="stmt"/>
      <line num="639" count="6" type="stmt"/>
      <line num="640" count="6" type="stmt"/>
      <line num="641" count="6" type="cond" truecount="2" falsecount="0"/>
      <line num="642" count="5" type="stmt"/>
      <line num="644" count="1" type="stmt"/>
      <line num="649" count="15" type="stmt"/>
      <line num="650" count="15" type="stmt"/>
      <line num="651" count="15" type="stmt"/>
      <line num="655" count="15" type="stmt"/>
      <line num="656" count="15" type="stmt"/>
      <line num="657" count="15" type="stmt"/>
      <line num="658" count="15" type="cond" truecount="1" falsecount="0"/>
      <line num="659" count="15" type="stmt"/>
      <line num="662" count="15" type="cond" truecount="3" falsecount="0"/>
      <line num="663" count="13" type="stmt"/>
      <line num="664" count="13" type="stmt"/>
      <line num="668" count="13" type="cond" truecount="1" falsecount="0"/>
      <line num="669" count="2" type="stmt"/>
      <line num="670" count="2" type="stmt"/>
      <line num="674" count="15" type="stmt"/>
      <line num="676" count="1" type="stmt"/>
    </file>
  </project>
</coverage>
