{"/Users/chaddorsey/Dropbox/dev/ChatGPT-experiments/sampler/src/components/model/percent-label-input.tsx": {"path":"/Users/chaddorsey/Dropbox/dev/ChatGPT-experiments/sampler/src/components/model/percent-label-input.tsx","statementMap":{"0":{"start":{"line":1,"column":0},"end":{"line":1,"column":59}},"1":{"start":{"line":12,"column":29},"end":{"line":57,"column":1}},"2":{"start":{"line":14,"column":26},"end":{"line":14,"column":51}},"3":{"start":{"line":15,"column":14},"end":{"line":15,"column":44}},"4":{"start":{"line":17,"column":2},"end":{"line":27,"column":44}},"5":{"start":{"line":18,"column":22},"end":{"line":18,"column":86}},"6":{"start":{"line":19,"column":4},"end":{"line":26,"column":null}},"7":{"start":{"line":20,"column":6},"end":{"line":20,"column":26}},"8":{"start":{"line":21,"column":29},"end":{"line":21,"column":62}},"9":{"start":{"line":22,"column":20},"end":{"line":22,"column":78}},"10":{"start":{"line":23,"column":6},"end":{"line":23,"column":58}},"11":{"start":{"line":24,"column":6},"end":{"line":24,"column":40}},"12":{"start":{"line":25,"column":6},"end":{"line":25,"column":43}},"13":{"start":{"line":29,"column":24},"end":{"line":38,"column":3}},"14":{"start":{"line":30,"column":4},"end":{"line":37,"column":null}},"15":{"start":{"line":31,"column":6},"end":{"line":31,"column":41}},"16":{"start":{"line":32,"column":6},"end":{"line":32,"column":15}},"17":{"start":{"line":33,"column":11},"end":{"line":37,"column":null}},"18":{"start":{"line":34,"column":6},"end":{"line":34,"column":25}},"19":{"start":{"line":35,"column":6},"end":{"line":35,"column":41}},"20":{"start":{"line":36,"column":6},"end":{"line":36,"column":15}},"21":{"start":{"line":40,"column":21},"end":{"line":43,"column":3}},"22":{"start":{"line":41,"column":4},"end":{"line":41,"column":39}},"23":{"start":{"line":42,"column":4},"end":{"line":42,"column":13}},"24":{"start":{"line":45,"column":2},"end":{"line":56,"column":4}},"25":{"start":{"line":54,"column":23},"end":{"line":54,"column":53}},"26":{"start":{"line":12,"column":13},"end":{"line":12,"column":29}}},"fnMap":{"0":{"name":"(anonymous_0)","decl":{"start":{"line":12,"column":29},"end":{"line":12,"column":30}},"loc":{"start":{"line":13,"column":38},"end":{"line":57,"column":1}}},"1":{"name":"(anonymous_1)","decl":{"start":{"line":17,"column":12},"end":{"line":17,"column":15}},"loc":{"start":{"line":17,"column":17},"end":{"line":27,"column":3}}},"2":{"name":"(anonymous_2)","decl":{"start":{"line":29,"column":24},"end":{"line":29,"column":25}},"loc":{"start":{"line":29,"column":69},"end":{"line":38,"column":3}}},"3":{"name":"(anonymous_3)","decl":{"start":{"line":40,"column":21},"end":{"line":40,"column":24}},"loc":{"start":{"line":40,"column":26},"end":{"line":43,"column":3}}},"4":{"name":"(anonymous_4)","decl":{"start":{"line":54,"column":16},"end":{"line":54,"column":17}},"loc":{"start":{"line":54,"column":23},"end":{"line":54,"column":53}}}},"branchMap":{"0":{"loc":{"start":{"line":19,"column":4},"end":{"line":26,"column":null}},"type":"if","locations":[{"start":{"line":19,"column":4},"end":{"line":26,"column":null}}]},"1":{"loc":{"start":{"line":19,"column":8},"end":{"line":19,"column":32}},"type":"binary-expr","locations":[{"start":{"line":19,"column":8},"end":{"line":19,"column":17}},{"start":{"line":19,"column":21},"end":{"line":19,"column":32}}]},"2":{"loc":{"start":{"line":30,"column":4},"end":{"line":37,"column":null}},"type":"if","locations":[{"start":{"line":30,"column":4},"end":{"line":37,"column":null}},{"start":{"line":33,"column":11},"end":{"line":37,"column":null}}]},"3":{"loc":{"start":{"line":33,"column":11},"end":{"line":37,"column":null}},"type":"if","locations":[{"start":{"line":33,"column":11},"end":{"line":37,"column":null}}]}},"s":{"0":1,"1":1,"2":12,"3":12,"4":12,"5":8,"6":8,"7":8,"8":8,"9":8,"10":8,"11":8,"12":8,"13":12,"14":2,"15":1,"16":1,"17":1,"18":1,"19":1,"20":1,"21":12,"22":1,"23":1,"24":12,"25":4,"26":1},"f":{"0":12,"1":8,"2":2,"3":1,"4":4},"b":{"0":[8],"1":[8,8],"2":[1,1],"3":[1]}}
}
