{"/Users/chaddorsey/Dropbox/dev/ChatGPT-experiments/sampler/src/types.tsx": {"path":"/Users/chaddorsey/Dropbox/dev/ChatGPT-experiments/sampler/src/types.tsx","statementMap":{"0":{"start":{"line":5,"column":16},"end":{"line":5,"column":55}},"1":{"start":{"line":22,"column":0},"end":{"line":22,"column":null}},"2":{"start":{"line":23,"column":2},"end":{"line":23,"column":null}},"3":{"start":{"line":24,"column":2},"end":{"line":24,"column":null}},"4":{"start":{"line":25,"column":2},"end":{"line":25,"column":null}},"5":{"start":{"line":26,"column":2},"end":{"line":26,"column":null}},"6":{"start":{"line":29,"column":13},"end":{"line":34,"column":2}},"7":{"start":{"line":209,"column":0},"end":{"line":209,"column":null}},"8":{"start":{"line":210,"column":2},"end":{"line":210,"column":null}},"9":{"start":{"line":211,"column":2},"end":{"line":211,"column":null}},"10":{"start":{"line":212,"column":2},"end":{"line":212,"column":null}}},"fnMap":{"0":{"name":"(anonymous_0)","decl":{"start":{"line":22,"column":0},"end":{"line":22,"column":12}},"loc":{"start":{"line":22,"column":17},"end":{"line":27,"column":1}}},"1":{"name":"(anonymous_1)","decl":{"start":{"line":209,"column":0},"end":{"line":209,"column":12}},"loc":{"start":{"line":209,"column":20},"end":{"line":213,"column":1}}}},"branchMap":{"0":{"loc":{"start":{"line":22,"column":12},"end":{"line":22,"column":null}},"type":"binary-expr","locations":[{"start":{"line":22,"column":12},"end":{"line":22,"column":17}},{"start":{"line":22,"column":17},"end":{"line":22,"column":null}}]},"1":{"loc":{"start":{"line":209,"column":12},"end":{"line":209,"column":null}},"type":"binary-expr","locations":[{"start":{"line":209,"column":12},"end":{"line":209,"column":20}},{"start":{"line":209,"column":20},"end":{"line":209,"column":null}}]}},"s":{"0":1,"1":1,"2":1,"3":1,"4":1,"5":1,"6":1,"7":1,"8":1,"9":1,"10":1},"f":{"0":1,"1":1},"b":{"0":[1,1],"1":[1,1]}}
,"/Users/chaddorsey/Dropbox/dev/ChatGPT-experiments/sampler/src/components/model/name-label-input.tsx": {"path":"/Users/chaddorsey/Dropbox/dev/ChatGPT-experiments/sampler/src/components/model/name-label-input.tsx","statementMap":{"0":{"start":{"line":1,"column":0},"end":{"line":1,"column":72}},"1":{"start":{"line":2,"column":0},"end":{"line":2,"column":39}},"2":{"start":{"line":3,"column":0},"end":{"line":3,"column":33}},"3":{"start":{"line":15,"column":30},"end":{"line":145,"column":1}},"4":{"start":{"line":24,"column":26},"end":{"line":24,"column":56}},"5":{"start":{"line":25,"column":32},"end":{"line":25,"column":55}},"6":{"start":{"line":26,"column":42},"end":{"line":26,"column":62}},"7":{"start":{"line":27,"column":19},"end":{"line":27,"column":49}},"8":{"start":{"line":28,"column":21},"end":{"line":28,"column":50}},"9":{"start":{"line":29,"column":23},"end":{"line":29,"column":51}},"10":{"start":{"line":32,"column":24},"end":{"line":49,"column":3}},"11":{"start":{"line":33,"column":25},"end":{"line":33,"column":37}},"12":{"start":{"line":36,"column":4},"end":{"line":39,"column":null}},"13":{"start":{"line":37,"column":6},"end":{"line":37,"column":46}},"14":{"start":{"line":38,"column":6},"end":{"line":38,"column":19}},"15":{"start":{"line":42,"column":4},"end":{"line":45,"column":null}},"16":{"start":{"line":43,"column":6},"end":{"line":43,"column":50}},"17":{"start":{"line":44,"column":6},"end":{"line":44,"column":19}},"18":{"start":{"line":47,"column":4},"end":{"line":47,"column":24}},"19":{"start":{"line":48,"column":4},"end":{"line":48,"column":16}},"20":{"start":{"line":52,"column":27},"end":{"line":63,"column":28}},"21":{"start":{"line":53,"column":4},"end":{"line":62,"column":null}},"22":{"start":{"line":54,"column":6},"end":{"line":54,"column":45}},"23":{"start":{"line":55,"column":20},"end":{"line":55,"column":50}},"24":{"start":{"line":58,"column":26},"end":{"line":58,"column":36}},"25":{"start":{"line":59,"column":31},"end":{"line":59,"column":71}},"26":{"start":{"line":61,"column":6},"end":{"line":61,"column":61}},"27":{"start":{"line":66,"column":24},"end":{"line":79,"column":77}},"28":{"start":{"line":67,"column":18},"end":{"line":67,"column":66}},"29":{"start":{"line":68,"column":22},"end":{"line":68,"column":106}},"30":{"start":{"line":70,"column":4},"end":{"line":78,"column":null}},"31":{"start":{"line":71,"column":31},"end":{"line":71,"column":64}},"32":{"start":{"line":74,"column":6},"end":{"line":74,"column":52}},"33":{"start":{"line":75,"column":6},"end":{"line":75,"column":67}},"34":{"start":{"line":76,"column":6},"end":{"line":76,"column":49}},"35":{"start":{"line":77,"column":6},"end":{"line":77,"column":49}},"36":{"start":{"line":82,"column":2},"end":{"line":91,"column":93}},"37":{"start":{"line":83,"column":4},"end":{"line":83,"column":20}},"38":{"start":{"line":84,"column":4},"end":{"line":84,"column":27}},"39":{"start":{"line":87,"column":4},"end":{"line":90,"column":null}},"40":{"start":{"line":88,"column":6},"end":{"line":88,"column":31}},"41":{"start":{"line":89,"column":6},"end":{"line":89,"column":32}},"42":{"start":{"line":94,"column":23},"end":{"line":99,"column":3}},"43":{"start":{"line":95,"column":21},"end":{"line":95,"column":35}},"44":{"start":{"line":96,"column":4},"end":{"line":96,"column":22}},"45":{"start":{"line":97,"column":4},"end":{"line":97,"column":31}},"46":{"start":{"line":98,"column":4},"end":{"line":98,"column":40}},"47":{"start":{"line":102,"column":24},"end":{"line":113,"column":3}},"48":{"start":{"line":103,"column":4},"end":{"line":112,"column":null}},"49":{"start":{"line":104,"column":6},"end":{"line":108,"column":null}},"50":{"start":{"line":105,"column":25},"end":{"line":105,"column":36}},"51":{"start":{"line":106,"column":8},"end":{"line":106,"column":50}},"52":{"start":{"line":107,"column":8},"end":{"line":107,"column":17}},"53":{"start":{"line":109,"column":11},"end":{"line":112,"column":null}},"54":{"start":{"line":111,"column":6},"end":{"line":111,"column":15}},"55":{"start":{"line":116,"column":21},"end":{"line":122,"column":3}},"56":{"start":{"line":117,"column":4},"end":{"line":120,"column":null}},"57":{"start":{"line":118,"column":23},"end":{"line":118,"column":34}},"58":{"start":{"line":119,"column":6},"end":{"line":119,"column":48}},"59":{"start":{"line":121,"column":4},"end":{"line":121,"column":13}},"60":{"start":{"line":124,"column":2},"end":{"line":144,"column":4}},"61":{"start":{"line":15,"column":13},"end":{"line":15,"column":30}}},"fnMap":{"0":{"name":"(anonymous_0)","decl":{"start":{"line":15,"column":30},"end":{"line":15,"column":31}},"loc":{"start":{"line":23,"column":13},"end":{"line":145,"column":1}}},"1":{"name":"(anonymous_1)","decl":{"start":{"line":32,"column":24},"end":{"line":32,"column":25}},"loc":{"start":{"line":32,"column":51},"end":{"line":49,"column":3}}},"2":{"name":"(anonymous_2)","decl":{"start":{"line":52,"column":39},"end":{"line":52,"column":40}},"loc":{"start":{"line":52,"column":57},"end":{"line":63,"column":3}}},"3":{"name":"(anonymous_3)","decl":{"start":{"line":66,"column":36},"end":{"line":66,"column":39}},"loc":{"start":{"line":66,"column":41},"end":{"line":79,"column":3}}},"4":{"name":"(anonymous_4)","decl":{"start":{"line":82,"column":12},"end":{"line":82,"column":15}},"loc":{"start":{"line":82,"column":17},"end":{"line":91,"column":3}}},"5":{"name":"(anonymous_5)","decl":{"start":{"line":94,"column":23},"end":{"line":94,"column":24}},"loc":{"start":{"line":94,"column":66},"end":{"line":99,"column":3}}},"6":{"name":"(anonymous_6)","decl":{"start":{"line":102,"column":24},"end":{"line":102,"column":25}},"loc":{"start":{"line":102,"column":69},"end":{"line":113,"column":3}}},"7":{"name":"(anonymous_7)","decl":{"start":{"line":116,"column":21},"end":{"line":116,"column":24}},"loc":{"start":{"line":116,"column":26},"end":{"line":122,"column":3}}}},"branchMap":{"0":{"loc":{"start":{"line":22,"column":2},"end":{"line":22,"column":20}},"type":"default-arg","locations":[{"start":{"line":22,"column":18},"end":{"line":22,"column":20}}]},"1":{"loc":{"start":{"line":36,"column":4},"end":{"line":39,"column":null}},"type":"if","locations":[{"start":{"line":36,"column":4},"end":{"line":39,"column":null}}]},"2":{"loc":{"start":{"line":42,"column":4},"end":{"line":45,"column":null}},"type":"if","locations":[{"start":{"line":42,"column":4},"end":{"line":45,"column":null}}]},"3":{"loc":{"start":{"line":42,"column":8},"end":{"line":42,"column":77}},"type":"binary-expr","locations":[{"start":{"line":42,"column":8},"end":{"line":42,"column":44}},{"start":{"line":42,"column":48},"end":{"line":42,"column":77}}]},"4":{"loc":{"start":{"line":53,"column":4},"end":{"line":62,"column":null}},"type":"if","locations":[{"start":{"line":53,"column":4},"end":{"line":62,"column":null}}]},"5":{"loc":{"start":{"line":53,"column":8},"end":{"line":53,"column":46}},"type":"binary-expr","locations":[{"start":{"line":53,"column":8},"end":{"line":53,"column":26}},{"start":{"line":53,"column":30},"end":{"line":53,"column":46}}]},"6":{"loc":{"start":{"line":67,"column":18},"end":{"line":67,"column":66}},"type":"cond-expr","locations":[{"start":{"line":67,"column":50},"end":{"line":67,"column":57}},{"start":{"line":67,"column":60},"end":{"line":67,"column":66}}]},"7":{"loc":{"start":{"line":70,"column":4},"end":{"line":78,"column":null}},"type":"if","locations":[{"start":{"line":70,"column":4},"end":{"line":78,"column":null}}]},"8":{"loc":{"start":{"line":70,"column":8},"end":{"line":70,"column":61}},"type":"binary-expr","locations":[{"start":{"line":70,"column":8},"end":{"line":70,"column":17}},{"start":{"line":70,"column":21},"end":{"line":70,"column":37}},{"start":{"line":70,"column":41},"end":{"line":70,"column":61}}]},"9":{"loc":{"start":{"line":87,"column":4},"end":{"line":90,"column":null}},"type":"if","locations":[{"start":{"line":87,"column":4},"end":{"line":90,"column":null}}]},"10":{"loc":{"start":{"line":103,"column":4},"end":{"line":112,"column":null}},"type":"if","locations":[{"start":{"line":103,"column":4},"end":{"line":112,"column":null}},{"start":{"line":109,"column":11},"end":{"line":112,"column":null}}]},"11":{"loc":{"start":{"line":104,"column":6},"end":{"line":108,"column":null}},"type":"if","locations":[{"start":{"line":104,"column":6},"end":{"line":108,"column":null}}]},"12":{"loc":{"start":{"line":109,"column":11},"end":{"line":112,"column":null}},"type":"if","locations":[{"start":{"line":109,"column":11},"end":{"line":112,"column":null}}]},"13":{"loc":{"start":{"line":117,"column":4},"end":{"line":120,"column":null}},"type":"if","locations":[{"start":{"line":117,"column":4},"end":{"line":120,"column":null}}]},"14":{"loc":{"start":{"line":126,"column":7},"end":{"line":129,"column":null}},"type":"binary-expr","locations":[{"start":{"line":126,"column":7},"end":{"line":126,"column":15}},{"start":{"line":127,"column":8},"end":{"line":128,"column":null}}]},"15":{"loc":{"start":{"line":127,"column":41},"end":{"line":127,"column":66}},"type":"cond-expr","locations":[{"start":{"line":127,"column":52},"end":{"line":127,"column":61}},{"start":{"line":127,"column":64},"end":{"line":127,"column":66}}]},"16":{"loc":{"start":{"line":133,"column":43},"end":{"line":133,"column":68}},"type":"cond-expr","locations":[{"start":{"line":133,"column":54},"end":{"line":133,"column":63}},{"start":{"line":133,"column":66},"end":{"line":133,"column":68}}]},"17":{"loc":{"start":{"line":140,"column":26},"end":{"line":140,"column":64}},"type":"cond-expr","locations":[{"start":{"line":140,"column":37},"end":{"line":140,"column":52}},{"start":{"line":140,"column":55},"end":{"line":140,"column":64}}]}},"s":{"0":1,"1":1,"2":1,"3":1,"4":25,"5":25,"6":25,"7":25,"8":25,"9":25,"10":25,"11":11,"12":11,"13":1,"14":1,"15":10,"16":2,"17":2,"18":8,"19":8,"20":25,"21":36,"22":36,"23":36,"24":36,"25":36,"26":36,"27":25,"28":25,"29":25,"30":25,"31":25,"32":25,"33":25,"34":25,"35":25,"36":25,"37":25,"38":25,"39":25,"40":25,"41":25,"42":25,"43":11,"44":11,"45":11,"46":11,"47":25,"48":5,"49":4,"50":2,"51":2,"52":2,"53":1,"54":1,"55":25,"56":3,"57":3,"58":3,"59":3,"60":25,"61":1},"f":{"0":25,"1":11,"2":36,"3":25,"4":25,"5":11,"6":5,"7":3},"b":{"0":[0],"1":[1],"2":[2],"3":[10,2],"4":[36],"5":[36,36],"6":[1,24],"7":[25],"8":[25,25,25],"9":[25],"10":[4,1],"11":[2],"12":[1],"13":[3],"14":[25,3],"15":[3,0],"16":[3,22],"17":[3,22]}}
,"/Users/chaddorsey/Dropbox/dev/ChatGPT-experiments/sampler/src/components/model/percent-label-input.tsx": {"path":"/Users/chaddorsey/Dropbox/dev/ChatGPT-experiments/sampler/src/components/model/percent-label-input.tsx","statementMap":{"0":{"start":{"line":1,"column":0},"end":{"line":1,"column":59}},"1":{"start":{"line":12,"column":29},"end":{"line":57,"column":1}},"2":{"start":{"line":14,"column":26},"end":{"line":14,"column":51}},"3":{"start":{"line":15,"column":14},"end":{"line":15,"column":44}},"4":{"start":{"line":17,"column":2},"end":{"line":27,"column":44}},"5":{"start":{"line":18,"column":22},"end":{"line":18,"column":86}},"6":{"start":{"line":19,"column":4},"end":{"line":26,"column":null}},"7":{"start":{"line":20,"column":6},"end":{"line":20,"column":26}},"8":{"start":{"line":21,"column":29},"end":{"line":21,"column":62}},"9":{"start":{"line":22,"column":20},"end":{"line":22,"column":78}},"10":{"start":{"line":23,"column":6},"end":{"line":23,"column":58}},"11":{"start":{"line":24,"column":6},"end":{"line":24,"column":40}},"12":{"start":{"line":25,"column":6},"end":{"line":25,"column":43}},"13":{"start":{"line":29,"column":24},"end":{"line":38,"column":3}},"14":{"start":{"line":30,"column":4},"end":{"line":37,"column":null}},"15":{"start":{"line":31,"column":6},"end":{"line":31,"column":41}},"16":{"start":{"line":32,"column":6},"end":{"line":32,"column":15}},"17":{"start":{"line":33,"column":11},"end":{"line":37,"column":null}},"18":{"start":{"line":34,"column":6},"end":{"line":34,"column":25}},"19":{"start":{"line":35,"column":6},"end":{"line":35,"column":41}},"20":{"start":{"line":36,"column":6},"end":{"line":36,"column":15}},"21":{"start":{"line":40,"column":21},"end":{"line":43,"column":3}},"22":{"start":{"line":41,"column":4},"end":{"line":41,"column":39}},"23":{"start":{"line":42,"column":4},"end":{"line":42,"column":13}},"24":{"start":{"line":45,"column":2},"end":{"line":56,"column":4}},"25":{"start":{"line":54,"column":23},"end":{"line":54,"column":53}},"26":{"start":{"line":12,"column":13},"end":{"line":12,"column":29}}},"fnMap":{"0":{"name":"(anonymous_0)","decl":{"start":{"line":12,"column":29},"end":{"line":12,"column":30}},"loc":{"start":{"line":13,"column":38},"end":{"line":57,"column":1}}},"1":{"name":"(anonymous_1)","decl":{"start":{"line":17,"column":12},"end":{"line":17,"column":15}},"loc":{"start":{"line":17,"column":17},"end":{"line":27,"column":3}}},"2":{"name":"(anonymous_2)","decl":{"start":{"line":29,"column":24},"end":{"line":29,"column":25}},"loc":{"start":{"line":29,"column":69},"end":{"line":38,"column":3}}},"3":{"name":"(anonymous_3)","decl":{"start":{"line":40,"column":21},"end":{"line":40,"column":24}},"loc":{"start":{"line":40,"column":26},"end":{"line":43,"column":3}}},"4":{"name":"(anonymous_4)","decl":{"start":{"line":54,"column":16},"end":{"line":54,"column":17}},"loc":{"start":{"line":54,"column":23},"end":{"line":54,"column":53}}}},"branchMap":{"0":{"loc":{"start":{"line":19,"column":4},"end":{"line":26,"column":null}},"type":"if","locations":[{"start":{"line":19,"column":4},"end":{"line":26,"column":null}}]},"1":{"loc":{"start":{"line":19,"column":8},"end":{"line":19,"column":32}},"type":"binary-expr","locations":[{"start":{"line":19,"column":8},"end":{"line":19,"column":17}},{"start":{"line":19,"column":21},"end":{"line":19,"column":32}}]},"2":{"loc":{"start":{"line":30,"column":4},"end":{"line":37,"column":null}},"type":"if","locations":[{"start":{"line":30,"column":4},"end":{"line":37,"column":null}},{"start":{"line":33,"column":11},"end":{"line":37,"column":null}}]},"3":{"loc":{"start":{"line":33,"column":11},"end":{"line":37,"column":null}},"type":"if","locations":[{"start":{"line":33,"column":11},"end":{"line":37,"column":null}}]}},"s":{"0":1,"1":1,"2":20,"3":20,"4":20,"5":13,"6":13,"7":12,"8":12,"9":12,"10":12,"11":12,"12":12,"13":20,"14":5,"15":3,"16":3,"17":2,"18":1,"19":1,"20":1,"21":20,"22":1,"23":1,"24":20,"25":7,"26":1},"f":{"0":20,"1":13,"2":5,"3":1,"4":7},"b":{"0":[12],"1":[13,12],"2":[3,2],"3":[1]}}
}
