{"total": {"lines":{"total":3075,"covered":1897,"skipped":0,"pct":61.69},"statements":{"total":3378,"covered":2089,"skipped":0,"pct":61.84},"functions":{"total":683,"covered":328,"skipped":0,"pct":48.02},"branches":{"total":1292,"covered":586,"skipped":0,"pct":45.35},"branchesTrue":{"total":0,"covered":0,"skipped":0,"pct":100}}
,"/Users/chaddorsey/Dropbox/dev/ChatGPT-experiments/sampler/src/contants.ts": {"lines":{"total":5,"covered":5,"skipped":0,"pct":100},"functions":{"total":0,"covered":0,"skipped":0,"pct":100},"statements":{"total":5,"covered":5,"skipped":0,"pct":100},"branches":{"total":0,"covered":0,"skipped":0,"pct":100}}
,"/Users/chaddorsey/Dropbox/dev/ChatGPT-experiments/sampler/src/types.tsx": {"lines":{"total":11,"covered":11,"skipped":0,"pct":100},"functions":{"total":2,"covered":2,"skipped":0,"pct":100},"statements":{"total":11,"covered":11,"skipped":0,"pct":100},"branches":{"total":4,"covered":4,"skipped":0,"pct":100}}
,"/Users/chaddorsey/Dropbox/dev/ChatGPT-experiments/sampler/src/components/App.tsx": {"lines":{"total":28,"covered":28,"skipped":0,"pct":100},"functions":{"total":8,"covered":8,"skipped":0,"pct":100},"statements":{"total":29,"covered":29,"skipped":0,"pct":100},"branches":{"total":24,"covered":23,"skipped":0,"pct":95.83}}
,"/Users/chaddorsey/Dropbox/dev/ChatGPT-experiments/sampler/src/components/helpers.ts": {"lines":{"total":143,"covered":18,"skipped":0,"pct":12.58},"functions":{"total":47,"covered":0,"skipped":0,"pct":0},"statements":{"total":176,"covered":27,"skipped":0,"pct":15.34},"branches":{"total":43,"covered":0,"skipped":0,"pct":0}}
,"/Users/chaddorsey/Dropbox/dev/ChatGPT-experiments/sampler/src/components/about/about.tsx": {"lines":{"total":4,"covered":4,"skipped":0,"pct":100},"functions":{"total":1,"covered":1,"skipped":0,"pct":100},"statements":{"total":5,"covered":5,"skipped":0,"pct":100},"branches":{"total":0,"covered":0,"skipped":0,"pct":100}}
,"/Users/chaddorsey/Dropbox/dev/ChatGPT-experiments/sampler/src/components/measures/CollectorDataProcessing.tsx": {"lines":{"total":15,"covered":14,"skipped":0,"pct":93.33},"functions":{"total":4,"covered":4,"skipped":0,"pct":100},"statements":{"total":16,"covered":15,"skipped":0,"pct":93.75},"branches":{"total":4,"covered":3,"skipped":0,"pct":75}}
,"/Users/chaddorsey/Dropbox/dev/ChatGPT-experiments/sampler/src/components/measures/DataVisualization.tsx": {"lines":{"total":22,"covered":20,"skipped":0,"pct":90.9},"functions":{"total":7,"covered":6,"skipped":0,"pct":85.71},"statements":{"total":25,"covered":23,"skipped":0,"pct":92},"branches":{"total":10,"covered":7,"skipped":0,"pct":70}}
,"/Users/chaddorsey/Dropbox/dev/ChatGPT-experiments/sampler/src/components/measures/StatisticalAnalysis.tsx": {"lines":{"total":26,"covered":16,"skipped":0,"pct":61.53},"functions":{"total":4,"covered":2,"skipped":0,"pct":50},"statements":{"total":27,"covered":17,"skipped":0,"pct":62.96},"branches":{"total":10,"covered":6,"skipped":0,"pct":60}}
,"/Users/chaddorsey/Dropbox/dev/ChatGPT-experiments/sampler/src/components/measures/measures.tsx": {"lines":{"total":68,"covered":57,"skipped":0,"pct":83.82},"functions":{"total":20,"covered":15,"skipped":0,"pct":75},"statements":{"total":75,"covered":62,"skipped":0,"pct":82.66},"branches":{"total":27,"covered":18,"skipped":0,"pct":66.66}}
,"/Users/chaddorsey/Dropbox/dev/ChatGPT-experiments/sampler/src/components/measures/charts/BarChartComponent.tsx": {"lines":{"total":11,"covered":7,"skipped":0,"pct":63.63},"functions":{"total":5,"covered":1,"skipped":0,"pct":20},"statements":{"total":14,"covered":8,"skipped":0,"pct":57.14},"branches":{"total":13,"covered":8,"skipped":0,"pct":61.53}}
,"/Users/chaddorsey/Dropbox/dev/ChatGPT-experiments/sampler/src/components/measures/charts/ChartDataUtils.ts": {"lines":{"total":34,"covered":18,"skipped":0,"pct":52.94},"functions":{"total":20,"covered":10,"skipped":0,"pct":50},"statements":{"total":43,"covered":24,"skipped":0,"pct":55.81},"branches":{"total":23,"covered":5,"skipped":0,"pct":21.73}}
,"/Users/chaddorsey/Dropbox/dev/ChatGPT-experiments/sampler/src/components/measures/charts/ChartFactory.tsx": {"lines":{"total":10,"covered":9,"skipped":0,"pct":90},"functions":{"total":1,"covered":1,"skipped":0,"pct":100},"statements":{"total":11,"covered":10,"skipped":0,"pct":90.9},"branches":{"total":5,"covered":3,"skipped":0,"pct":60}}
,"/Users/chaddorsey/Dropbox/dev/ChatGPT-experiments/sampler/src/components/measures/charts/ChartRegistry.ts": {"lines":{"total":6,"covered":6,"skipped":0,"pct":100},"functions":{"total":0,"covered":0,"skipped":0,"pct":100},"statements":{"total":6,"covered":6,"skipped":0,"pct":100},"branches":{"total":0,"covered":0,"skipped":0,"pct":100}}
,"/Users/chaddorsey/Dropbox/dev/ChatGPT-experiments/sampler/src/components/measures/charts/LineChartComponent.tsx": {"lines":{"total":11,"covered":7,"skipped":0,"pct":63.63},"functions":{"total":5,"covered":1,"skipped":0,"pct":20},"statements":{"total":14,"covered":8,"skipped":0,"pct":57.14},"branches":{"total":13,"covered":8,"skipped":0,"pct":61.53}}
,"/Users/chaddorsey/Dropbox/dev/ChatGPT-experiments/sampler/src/components/measures/charts/ScatterChartComponent.tsx": {"lines":{"total":5,"covered":5,"skipped":0,"pct":100},"functions":{"total":1,"covered":1,"skipped":0,"pct":100},"statements":{"total":6,"covered":6,"skipped":0,"pct":100},"branches":{"total":1,"covered":1,"skipped":0,"pct":100}}
,"/Users/chaddorsey/Dropbox/dev/ChatGPT-experiments/sampler/src/components/model/arrow.tsx": {"lines":{"total":67,"covered":13,"skipped":0,"pct":19.4},"functions":{"total":8,"covered":0,"skipped":0,"pct":0},"statements":{"total":70,"covered":14,"skipped":0,"pct":20},"branches":{"total":23,"covered":0,"skipped":0,"pct":0}}
,"/Users/chaddorsey/Dropbox/dev/ChatGPT-experiments/sampler/src/components/model/column-header.tsx": {"lines":{"total":56,"covered":35,"skipped":0,"pct":62.5},"functions":{"total":17,"covered":9,"skipped":0,"pct":52.94},"statements":{"total":58,"covered":36,"skipped":0,"pct":62.06},"branches":{"total":23,"covered":9,"skipped":0,"pct":39.13}}
,"/Users/chaddorsey/Dropbox/dev/ChatGPT-experiments/sampler/src/components/model/column.tsx": {"lines":{"total":16,"covered":8,"skipped":0,"pct":50},"functions":{"total":4,"covered":0,"skipped":0,"pct":0},"statements":{"total":18,"covered":9,"skipped":0,"pct":50},"branches":{"total":6,"covered":0,"skipped":0,"pct":0}}
,"/Users/chaddorsey/Dropbox/dev/ChatGPT-experiments/sampler/src/components/model/device-footer.tsx": {"lines":{"total":86,"covered":26,"skipped":0,"pct":30.23},"functions":{"total":22,"covered":1,"skipped":0,"pct":4.54},"statements":{"total":90,"covered":27,"skipped":0,"pct":30},"branches":{"total":59,"covered":15,"skipped":0,"pct":25.42}}
,"/Users/chaddorsey/Dropbox/dev/ChatGPT-experiments/sampler/src/components/model/device.tsx": {"lines":{"total":177,"covered":69,"skipped":0,"pct":38.98},"functions":{"total":42,"covered":6,"skipped":0,"pct":14.28},"statements":{"total":189,"covered":70,"skipped":0,"pct":37.03},"branches":{"total":77,"covered":18,"skipped":0,"pct":23.37}}
,"/Users/chaddorsey/Dropbox/dev/ChatGPT-experiments/sampler/src/components/model/formula-editor.tsx": {"lines":{"total":60,"covered":6,"skipped":0,"pct":10},"functions":{"total":13,"covered":0,"skipped":0,"pct":0},"statements":{"total":63,"covered":7,"skipped":0,"pct":11.11},"branches":{"total":36,"covered":0,"skipped":0,"pct":0}}
,"/Users/chaddorsey/Dropbox/dev/ChatGPT-experiments/sampler/src/components/model/help-modal.tsx": {"lines":{"total":5,"covered":2,"skipped":0,"pct":40},"functions":{"total":2,"covered":0,"skipped":0,"pct":0},"statements":{"total":6,"covered":3,"skipped":0,"pct":50},"branches":{"total":0,"covered":0,"skipped":0,"pct":100}}
,"/Users/chaddorsey/Dropbox/dev/ChatGPT-experiments/sampler/src/components/model/index.tsx": {"lines":{"total":1,"covered":1,"skipped":0,"pct":100},"functions":{"total":1,"covered":1,"skipped":0,"pct":100},"statements":{"total":2,"covered":2,"skipped":0,"pct":100},"branches":{"total":0,"covered":0,"skipped":0,"pct":100}}
,"/Users/chaddorsey/Dropbox/dev/ChatGPT-experiments/sampler/src/components/model/loading-indicator.tsx": {"lines":{"total":6,"covered":5,"skipped":0,"pct":83.33},"functions":{"total":1,"covered":1,"skipped":0,"pct":100},"statements":{"total":8,"covered":7,"skipped":0,"pct":87.5},"branches":{"total":2,"covered":1,"skipped":0,"pct":50}}
,"/Users/chaddorsey/Dropbox/dev/ChatGPT-experiments/sampler/src/components/model/lock-model-button.tsx": {"lines":{"total":11,"covered":9,"skipped":0,"pct":81.81},"functions":{"total":3,"covered":2,"skipped":0,"pct":66.66},"statements":{"total":12,"covered":10,"skipped":0,"pct":83.33},"branches":{"total":14,"covered":10,"skipped":0,"pct":71.42}}
,"/Users/chaddorsey/Dropbox/dev/ChatGPT-experiments/sampler/src/components/model/model-component.tsx": {"lines":{"total":51,"covered":45,"skipped":0,"pct":88.23},"functions":{"total":7,"covered":7,"skipped":0,"pct":100},"statements":{"total":53,"covered":46,"skipped":0,"pct":86.79},"branches":{"total":20,"covered":15,"skipped":0,"pct":75}}
,"/Users/chaddorsey/Dropbox/dev/ChatGPT-experiments/sampler/src/components/model/model-header.tsx": {"lines":{"total":46,"covered":28,"skipped":0,"pct":60.86},"functions":{"total":14,"covered":4,"skipped":0,"pct":28.57},"statements":{"total":48,"covered":30,"skipped":0,"pct":62.5},"branches":{"total":53,"covered":28,"skipped":0,"pct":52.83}}
,"/Users/chaddorsey/Dropbox/dev/ChatGPT-experiments/sampler/src/components/model/model-speed-slider.tsx": {"lines":{"total":43,"covered":43,"skipped":0,"pct":100},"functions":{"total":14,"covered":14,"skipped":0,"pct":100},"statements":{"total":44,"covered":44,"skipped":0,"pct":100},"branches":{"total":11,"covered":11,"skipped":0,"pct":100}}
,"/Users/chaddorsey/Dropbox/dev/ChatGPT-experiments/sampler/src/components/model/name-label-input.tsx": {"lines":{"total":61,"covered":59,"skipped":0,"pct":96.72},"functions":{"total":8,"covered":8,"skipped":0,"pct":100},"statements":{"total":62,"covered":60,"skipped":0,"pct":96.77},"branches":{"total":28,"covered":24,"skipped":0,"pct":85.71}}
,"/Users/chaddorsey/Dropbox/dev/ChatGPT-experiments/sampler/src/components/model/outputs.tsx": {"lines":{"total":51,"covered":36,"skipped":0,"pct":70.58},"functions":{"total":11,"covered":8,"skipped":0,"pct":72.72},"statements":{"total":59,"covered":42,"skipped":0,"pct":71.18},"branches":{"total":36,"covered":20,"skipped":0,"pct":55.55}}
,"/Users/chaddorsey/Dropbox/dev/ChatGPT-experiments/sampler/src/components/model/password-modal.tsx": {"lines":{"total":56,"covered":47,"skipped":0,"pct":83.92},"functions":{"total":10,"covered":7,"skipped":0,"pct":70},"statements":{"total":57,"covered":48,"skipped":0,"pct":84.21},"branches":{"total":15,"covered":13,"skipped":0,"pct":86.66}}
,"/Users/chaddorsey/Dropbox/dev/ChatGPT-experiments/sampler/src/components/model/percent-label-input.tsx": {"lines":{"total":26,"covered":2,"skipped":0,"pct":7.69},"functions":{"total":5,"covered":0,"skipped":0,"pct":0},"statements":{"total":27,"covered":3,"skipped":0,"pct":11.11},"branches":{"total":6,"covered":0,"skipped":0,"pct":0}}
,"/Users/chaddorsey/Dropbox/dev/ChatGPT-experiments/sampler/src/components/model/repeat-until.tsx": {"lines":{"total":18,"covered":18,"skipped":0,"pct":100},"functions":{"total":5,"covered":5,"skipped":0,"pct":100},"statements":{"total":20,"covered":20,"skipped":0,"pct":100},"branches":{"total":5,"covered":5,"skipped":0,"pct":100}}
,"/Users/chaddorsey/Dropbox/dev/ChatGPT-experiments/sampler/src/components/model/variable-setting-modal.tsx": {"lines":{"total":16,"covered":3,"skipped":0,"pct":18.75},"functions":{"total":6,"covered":0,"skipped":0,"pct":0},"statements":{"total":17,"covered":4,"skipped":0,"pct":23.52},"branches":{"total":1,"covered":0,"skipped":0,"pct":0}}
,"/Users/chaddorsey/Dropbox/dev/ChatGPT-experiments/sampler/src/components/model/visibility-toggle.tsx": {"lines":{"total":14,"covered":14,"skipped":0,"pct":100},"functions":{"total":4,"covered":4,"skipped":0,"pct":100},"statements":{"total":14,"covered":14,"skipped":0,"pct":100},"branches":{"total":9,"covered":9,"skipped":0,"pct":100}}
,"/Users/chaddorsey/Dropbox/dev/ChatGPT-experiments/sampler/src/components/model/device-views/collector.tsx": {"lines":{"total":134,"covered":81,"skipped":0,"pct":60.44},"functions":{"total":38,"covered":14,"skipped":0,"pct":36.84},"statements":{"total":150,"covered":84,"skipped":0,"pct":56},"branches":{"total":62,"covered":34,"skipped":0,"pct":54.83}}
,"/Users/chaddorsey/Dropbox/dev/ChatGPT-experiments/sampler/src/components/model/device-views/mixer.tsx": {"lines":{"total":6,"covered":6,"skipped":0,"pct":100},"functions":{"total":1,"covered":1,"skipped":0,"pct":100},"statements":{"total":7,"covered":7,"skipped":0,"pct":100},"branches":{"total":0,"covered":0,"skipped":0,"pct":100}}
,"/Users/chaddorsey/Dropbox/dev/ChatGPT-experiments/sampler/src/components/model/device-views/shared/ball.tsx": {"lines":{"total":16,"covered":4,"skipped":0,"pct":25},"functions":{"total":4,"covered":0,"skipped":0,"pct":0},"statements":{"total":19,"covered":5,"skipped":0,"pct":26.31},"branches":{"total":4,"covered":0,"skipped":0,"pct":0}}
,"/Users/chaddorsey/Dropbox/dev/ChatGPT-experiments/sampler/src/components/model/device-views/shared/balls.tsx": {"lines":{"total":137,"covered":68,"skipped":0,"pct":49.63},"functions":{"total":16,"covered":8,"skipped":0,"pct":50},"statements":{"total":140,"covered":70,"skipped":0,"pct":50},"branches":{"total":52,"covered":9,"skipped":0,"pct":17.3}}
,"/Users/chaddorsey/Dropbox/dev/ChatGPT-experiments/sampler/src/components/model/device-views/shared/constants.ts": {"lines":{"total":16,"covered":16,"skipped":0,"pct":100},"functions":{"total":0,"covered":0,"skipped":0,"pct":100},"statements":{"total":16,"covered":16,"skipped":0,"pct":100},"branches":{"total":0,"covered":0,"skipped":0,"pct":100}}
,"/Users/chaddorsey/Dropbox/dev/ChatGPT-experiments/sampler/src/components/model/device-views/shared/helpers.tsx": {"lines":{"total":23,"covered":9,"skipped":0,"pct":39.13},"functions":{"total":4,"covered":1,"skipped":0,"pct":25},"statements":{"total":27,"covered":13,"skipped":0,"pct":48.14},"branches":{"total":4,"covered":1,"skipped":0,"pct":25}}
,"/Users/chaddorsey/Dropbox/dev/ChatGPT-experiments/sampler/src/components/model/device-views/shared/mixer-frame.tsx": {"lines":{"total":14,"covered":14,"skipped":0,"pct":100},"functions":{"total":1,"covered":1,"skipped":0,"pct":100},"statements":{"total":15,"covered":15,"skipped":0,"pct":100},"branches":{"total":0,"covered":0,"skipped":0,"pct":100}}
,"/Users/chaddorsey/Dropbox/dev/ChatGPT-experiments/sampler/src/components/model/device-views/spinner/animation-helpers.ts": {"lines":{"total":34,"covered":34,"skipped":0,"pct":100},"functions":{"total":5,"covered":5,"skipped":0,"pct":100},"statements":{"total":39,"covered":39,"skipped":0,"pct":100},"branches":{"total":2,"covered":2,"skipped":0,"pct":100}}
,"/Users/chaddorsey/Dropbox/dev/ChatGPT-experiments/sampler/src/components/model/device-views/spinner/needle.tsx": {"lines":{"total":18,"covered":17,"skipped":0,"pct":94.44},"functions":{"total":1,"covered":1,"skipped":0,"pct":100},"statements":{"total":19,"covered":18,"skipped":0,"pct":94.73},"branches":{"total":1,"covered":0,"skipped":0,"pct":0}}
,"/Users/chaddorsey/Dropbox/dev/ChatGPT-experiments/sampler/src/components/model/device-views/spinner/separator-lines.tsx": {"lines":{"total":27,"covered":23,"skipped":0,"pct":85.18},"functions":{"total":9,"covered":6,"skipped":0,"pct":66.66},"statements":{"total":33,"covered":27,"skipped":0,"pct":81.81},"branches":{"total":22,"covered":10,"skipped":0,"pct":45.45}}
,"/Users/chaddorsey/Dropbox/dev/ChatGPT-experiments/sampler/src/components/model/device-views/spinner/spinner.tsx": {"lines":{"total":53,"covered":45,"skipped":0,"pct":84.9},"functions":{"total":15,"covered":12,"skipped":0,"pct":80},"statements":{"total":61,"covered":52,"skipped":0,"pct":85.24},"branches":{"total":20,"covered":15,"skipped":0,"pct":75}}
,"/Users/chaddorsey/Dropbox/dev/ChatGPT-experiments/sampler/src/components/model/device-views/spinner/text-backer.tsx": {"lines":{"total":17,"covered":4,"skipped":0,"pct":23.52},"functions":{"total":4,"covered":0,"skipped":0,"pct":0},"statements":{"total":20,"covered":6,"skipped":0,"pct":30},"branches":{"total":16,"covered":0,"skipped":0,"pct":0}}
,"/Users/chaddorsey/Dropbox/dev/ChatGPT-experiments/sampler/src/components/model/device-views/spinner/wedge.tsx": {"lines":{"total":77,"covered":12,"skipped":0,"pct":15.58},"functions":{"total":7,"covered":0,"skipped":0,"pct":0},"statements":{"total":80,"covered":13,"skipped":0,"pct":16.25},"branches":{"total":83,"covered":0,"skipped":0,"pct":0}}
,"/Users/chaddorsey/Dropbox/dev/ChatGPT-experiments/sampler/src/helpers/codap-helpers.tsx": {"lines":{"total":321,"covered":304,"skipped":0,"pct":94.7},"functions":{"total":34,"covered":30,"skipped":0,"pct":88.23},"statements":{"total":344,"covered":326,"skipped":0,"pct":94.76},"branches":{"total":133,"covered":113,"skipped":0,"pct":84.96}}
,"/Users/chaddorsey/Dropbox/dev/ChatGPT-experiments/sampler/src/helpers/model-helpers.ts": {"lines":{"total":31,"covered":5,"skipped":0,"pct":16.12},"functions":{"total":15,"covered":1,"skipped":0,"pct":6.66},"statements":{"total":36,"covered":9,"skipped":0,"pct":25},"branches":{"total":8,"covered":0,"skipped":0,"pct":0}}
,"/Users/chaddorsey/Dropbox/dev/ChatGPT-experiments/sampler/src/hooks/use-resizer.ts": {"lines":{"total":21,"covered":17,"skipped":0,"pct":80.95},"functions":{"total":8,"covered":5,"skipped":0,"pct":62.5},"statements":{"total":26,"covered":20,"skipped":0,"pct":76.92},"branches":{"total":2,"covered":0,"skipped":0,"pct":0}}
,"/Users/chaddorsey/Dropbox/dev/ChatGPT-experiments/sampler/src/hooks/useAnimation.tsx": {"lines":{"total":246,"covered":159,"skipped":0,"pct":64.63},"functions":{"total":50,"covered":32,"skipped":0,"pct":64},"statements":{"total":268,"covered":173,"skipped":0,"pct":64.55},"branches":{"total":96,"covered":35,"skipped":0,"pct":36.45}}
,"/Users/chaddorsey/Dropbox/dev/ChatGPT-experiments/sampler/src/hooks/useGlobalState.tsx": {"lines":{"total":47,"covered":31,"skipped":0,"pct":65.95},"functions":{"total":15,"covered":8,"skipped":0,"pct":53.33},"statements":{"total":54,"covered":35,"skipped":0,"pct":64.81},"branches":{"total":10,"covered":2,"skipped":0,"pct":20}}
,"/Users/chaddorsey/Dropbox/dev/ChatGPT-experiments/sampler/src/hooks/useSpinnerAnimation.tsx": {"lines":{"total":51,"covered":51,"skipped":0,"pct":100},"functions":{"total":6,"covered":6,"skipped":0,"pct":100},"statements":{"total":54,"covered":54,"skipped":0,"pct":100},"branches":{"total":22,"covered":20,"skipped":0,"pct":90.9}}
,"/Users/chaddorsey/Dropbox/dev/ChatGPT-experiments/sampler/src/lib/codap-interface.ts": {"lines":{"total":8,"covered":3,"skipped":0,"pct":37.5},"functions":{"total":2,"covered":0,"skipped":0,"pct":0},"statements":{"total":8,"covered":3,"skipped":0,"pct":37.5},"branches":{"total":0,"covered":0,"skipped":0,"pct":100}}
,"/Users/chaddorsey/Dropbox/dev/ChatGPT-experiments/sampler/src/models/device-model.tsx": {"lines":{"total":23,"covered":11,"skipped":0,"pct":47.82},"functions":{"total":10,"covered":1,"skipped":0,"pct":10},"statements":{"total":27,"covered":12,"skipped":0,"pct":44.44},"branches":{"total":4,"covered":0,"skipped":0,"pct":0}}
,"/Users/chaddorsey/Dropbox/dev/ChatGPT-experiments/sampler/src/models/model-model.tsx": {"lines":{"total":41,"covered":25,"skipped":0,"pct":60.97},"functions":{"total":20,"covered":11,"skipped":0,"pct":55},"statements":{"total":57,"covered":38,"skipped":0,"pct":66.66},"branches":{"total":8,"covered":4,"skipped":0,"pct":50}}
,"/Users/chaddorsey/Dropbox/dev/ChatGPT-experiments/sampler/src/utils/condition-parser.ts": {"lines":{"total":39,"covered":37,"skipped":0,"pct":94.87},"functions":{"total":7,"covered":7,"skipped":0,"pct":100},"statements":{"total":45,"covered":43,"skipped":0,"pct":95.55},"branches":{"total":18,"covered":16,"skipped":0,"pct":88.88}}
,"/Users/chaddorsey/Dropbox/dev/ChatGPT-experiments/sampler/src/utils/formula-parser.ts": {"lines":{"total":124,"covered":90,"skipped":0,"pct":72.58},"functions":{"total":22,"covered":18,"skipped":0,"pct":81.81},"statements":{"total":132,"covered":96,"skipped":0,"pct":72.72},"branches":{"total":40,"covered":25,"skipped":0,"pct":62.5}}
,"/Users/chaddorsey/Dropbox/dev/ChatGPT-experiments/sampler/src/utils/id.ts": {"lines":{"total":7,"covered":7,"skipped":0,"pct":100},"functions":{"total":1,"covered":1,"skipped":0,"pct":100},"statements":{"total":8,"covered":8,"skipped":0,"pct":100},"branches":{"total":0,"covered":0,"skipped":0,"pct":100}}
,"/Users/chaddorsey/Dropbox/dev/ChatGPT-experiments/sampler/src/utils/index.ts": {"lines":{"total":6,"covered":6,"skipped":0,"pct":100},"functions":{"total":7,"covered":3,"skipped":0,"pct":42.85},"statements":{"total":9,"covered":9,"skipped":0,"pct":100},"branches":{"total":0,"covered":0,"skipped":0,"pct":100}}
,"/Users/chaddorsey/Dropbox/dev/ChatGPT-experiments/sampler/src/utils/password-utils.ts": {"lines":{"total":12,"covered":3,"skipped":0,"pct":25},"functions":{"total":4,"covered":0,"skipped":0,"pct":0},"statements":{"total":16,"covered":6,"skipped":0,"pct":37.5},"branches":{"total":0,"covered":0,"skipped":0,"pct":100}}
,"/Users/chaddorsey/Dropbox/dev/ChatGPT-experiments/sampler/src/utils/secure-storage.ts": {"lines":{"total":51,"covered":8,"skipped":0,"pct":15.68},"functions":{"total":6,"covered":0,"skipped":0,"pct":0},"statements":{"total":59,"covered":12,"skipped":0,"pct":20.33},"branches":{"total":2,"covered":0,"skipped":0,"pct":0}}
,"/Users/chaddorsey/Dropbox/dev/ChatGPT-experiments/sampler/src/utils/utils.ts": {"lines":{"total":66,"covered":11,"skipped":0,"pct":16.66},"functions":{"total":10,"covered":1,"skipped":0,"pct":10},"statements":{"total":70,"covered":14,"skipped":0,"pct":20},"branches":{"total":29,"covered":0,"skipped":0,"pct":0}}
,"/Users/chaddorsey/Dropbox/dev/ChatGPT-experiments/sampler/src/utils/formula/FormulaParser.tsx": {"lines":{"total":42,"covered":41,"skipped":0,"pct":97.61},"functions":{"total":7,"covered":7,"skipped":0,"pct":100},"statements":{"total":45,"covered":44,"skipped":0,"pct":97.77},"branches":{"total":16,"covered":15,"skipped":0,"pct":93.75}}
,"/Users/chaddorsey/Dropbox/dev/ChatGPT-experiments/sampler/src/utils/formula/FormulaReferenceTracker.tsx": {"lines":{"total":44,"covered":44,"skipped":0,"pct":100},"functions":{"total":14,"covered":14,"skipped":0,"pct":100},"statements":{"total":47,"covered":47,"skipped":0,"pct":100},"branches":{"total":23,"covered":20,"skipped":0,"pct":86.95}}
,"/Users/chaddorsey/Dropbox/dev/ChatGPT-experiments/sampler/src/utils/formula/FormulaVariableRenaming.tsx": {"lines":{"total":57,"covered":17,"skipped":0,"pct":29.82},"functions":{"total":18,"covered":5,"skipped":0,"pct":27.77},"statements":{"total":67,"covered":23,"skipped":0,"pct":34.32},"branches":{"total":14,"covered":1,"skipped":0,"pct":7.14}}
}
