{"total": {"lines":{"total":321,"covered":219,"skipped":0,"pct":68.22},"statements":{"total":344,"covered":227,"skipped":0,"pct":65.98},"functions":{"total":34,"covered":3,"skipped":0,"pct":8.82},"branches":{"total":133,"covered":75,"skipped":0,"pct":56.39},"branchesTrue":{"total":0,"covered":0,"skipped":0,"pct":"Unknown"}}
,"/Users/chaddorsey/Dropbox/dev/ChatGPT-experiments/sampler/src/helpers/codap-helpers.tsx": {"lines":{"total":321,"covered":219,"skipped":0,"pct":68.22},"functions":{"total":34,"covered":3,"skipped":0,"pct":8.82},"statements":{"total":344,"covered":227,"skipped":0,"pct":65.98},"branches":{"total":133,"covered":75,"skipped":0,"pct":56.39}}
}
