TN:
SF:src/helpers/codap-helpers.tsx
FN:18,(anonymous_0)
FN:37,(anonymous_1)
FN:45,(anonymous_2)
FN:53,(anonymous_3)
FN:55,(anonymous_4)
FN:57,(anonymous_5)
FN:62,(anonymous_6)
FN:63,(anonymous_7)
FN:65,(anonymous_8)
FN:67,(anonymous_9)
FN:78,(anonymous_10)
FN:94,(anonymous_11)
FN:98,(anonymous_12)
FN:101,(anonymous_13)
FN:107,(anonymous_14)
FN:108,(anonymous_15)
FN:110,(anonymous_16)
FN:120,(anonymous_17)
FN:130,(anonymous_18)
FN:161,(anonymous_19)
FN:168,(anonymous_20)
FN:174,(anonymous_21)
FN:179,(anonymous_22)
FN:192,(anonymous_23)
FN:193,(anonymous_24)
FN:200,(anonymous_25)
FN:230,(anonymous_26)
FN:242,(anonymous_27)
FN:248,(anonymous_28)
FN:254,(anonymous_29)
FN:274,(anonymous_30)
FN:338,(anonymous_31)
FN:511,(anonymous_32)
FN:663,(anonymous_33)
FNF:34
FNH:24
FNDA:3,(anonymous_0)
FNDA:9,(anonymous_1)
FNDA:1,(anonymous_2)
FNDA:0,(anonymous_3)
FNDA:2,(anonymous_4)
FNDA:7,(anonymous_5)
FNDA:0,(anonymous_6)
FNDA:0,(anonymous_7)
FNDA:0,(anonymous_8)
FNDA:0,(anonymous_9)
FNDA:0,(anonymous_10)
FNDA:3,(anonymous_11)
FNDA:3,(anonymous_12)
FNDA:1,(anonymous_13)
FNDA:2,(anonymous_14)
FNDA:2,(anonymous_15)
FNDA:0,(anonymous_16)
FNDA:0,(anonymous_17)
FNDA:0,(anonymous_18)
FNDA:2,(anonymous_19)
FNDA:5,(anonymous_20)
FNDA:5,(anonymous_21)
FNDA:7,(anonymous_22)
FNDA:6,(anonymous_23)
FNDA:4,(anonymous_24)
FNDA:5,(anonymous_25)
FNDA:5,(anonymous_26)
FNDA:5,(anonymous_27)
FNDA:2,(anonymous_28)
FNDA:2,(anonymous_29)
FNDA:21,(anonymous_30)
FNDA:0,(anonymous_31)
FNDA:6,(anonymous_32)
FNDA:2,(anonymous_33)
DA:1,3
DA:15,3
DA:18,3
DA:19,3
DA:30,3
DA:31,3
DA:32,2
DA:34,1
DA:37,3
DA:38,9
DA:45,3
DA:46,1
DA:53,1
DA:55,2
DA:57,7
DA:62,1
DA:63,0
DA:64,0
DA:65,0
DA:66,0
DA:67,0
DA:68,0
DA:78,3
DA:79,0
DA:94,3
DA:95,3
DA:96,3
DA:97,3
DA:98,3
DA:101,3
DA:102,1
DA:103,1
DA:104,1
DA:106,1
DA:107,2
DA:108,2
DA:109,1
DA:110,0
DA:111,0
DA:114,1
DA:115,1
DA:117,0
DA:118,0
DA:119,0
DA:120,0
DA:121,0
DA:123,0
DA:129,0
DA:130,0
DA:131,0
DA:132,0
DA:134,0
DA:135,0
DA:137,0
DA:138,0
DA:139,0
DA:140,0
DA:141,0
DA:142,0
DA:144,0
DA:147,0
DA:150,0
DA:153,0
DA:156,0
DA:161,3
DA:162,2
DA:168,3
DA:169,5
DA:171,5
DA:175,5
DA:176,5
DA:179,7
DA:181,5
DA:182,2
DA:191,3
DA:192,6
DA:193,4
DA:194,2
DA:195,2
DA:196,1
DA:198,1
DA:199,2
DA:200,5
DA:201,2
DA:202,1
DA:203,1
DA:204,1
DA:205,0
DA:209,2
DA:218,1
DA:219,1
DA:230,3
DA:231,5
DA:232,5
DA:234,5
DA:235,5
DA:236,0
DA:240,5
DA:242,5
DA:244,2
DA:246,1
DA:248,1
DA:249,2
DA:251,1
DA:254,1
DA:255,2
DA:257,1
DA:261,5
DA:274,3
DA:280,21
DA:281,21
DA:283,21
DA:285,21
DA:286,21
DA:287,21
DA:291,21
DA:292,21
DA:293,20
DA:295,20
DA:296,2
DA:297,2
DA:301,18
DA:304,18
DA:305,18
DA:306,16
DA:307,16
DA:311,18
DA:312,3
DA:315,3
DA:316,1
DA:317,1
DA:318,2
DA:320,2
DA:323,2
DA:324,1
DA:325,1
DA:326,1
DA:327,1
DA:334,18
DA:336,1
DA:338,1
DA:339,1
DA:343,18
DA:344,1
DA:345,1
DA:349,17
DA:350,17
DA:351,17
DA:355,17
DA:356,17
DA:357,17
DA:358,17
DA:359,16
DA:363,17
DA:364,17
DA:366,17
DA:367,14
DA:368,14
DA:370,14
DA:371,11
DA:374,11
DA:378,11
DA:379,11
DA:380,11
DA:381,11
DA:382,11
DA:385,11
DA:386,11
DA:387,11
DA:389,11
DA:390,11
DA:393,11
DA:397,11
DA:398,11
DA:399,11
DA:400,11
DA:401,11
DA:404,11
DA:405,11
DA:406,11
DA:409,11
DA:410,6
DA:411,6
DA:414,6
DA:418,6
DA:419,6
DA:420,6
DA:421,6
DA:422,6
DA:425,6
DA:426,6
DA:427,6
DA:431,6
DA:432,6
DA:435,6
DA:436,6
DA:437,6
DA:438,6
DA:439,6
DA:440,6
DA:441,6
DA:442,6
DA:444,6
DA:445,6
DA:446,6
DA:447,6
DA:448,6
DA:449,6
DA:450,6
DA:451,6
DA:452,6
DA:455,6
DA:458,6
DA:460,6
DA:461,6
DA:464,6
DA:467,6
DA:468,6
DA:469,6
DA:470,6
DA:473,6
DA:474,6
DA:475,6
DA:478,6
DA:479,6
DA:480,6
DA:481,6
DA:484,6
DA:485,6
DA:486,6
DA:487,6
DA:489,6
DA:491,6
DA:500,0
DA:510,17
DA:511,17
DA:512,6
DA:513,6
DA:514,6
DA:515,6
DA:516,6
DA:517,6
DA:521,17
DA:522,17
DA:523,17
DA:531,17
DA:532,17
DA:533,17
DA:534,17
DA:535,15
DA:537,2
DA:538,2
DA:542,15
DA:543,15
DA:545,15
DA:548,15
DA:549,21
DA:551,21
DA:552,21
DA:555,21
DA:556,18
DA:557,18
DA:558,17
DA:560,3
DA:562,3
DA:563,3
DA:564,3
DA:565,3
DA:570,21
DA:571,20
DA:572,20
DA:581,15
DA:583,15
DA:584,14
DA:585,14
DA:588,14
DA:593,14
DA:594,14
DA:595,14
DA:596,14
DA:597,12
DA:599,2
DA:602,1
DA:606,15
DA:607,15
DA:608,15
DA:612,15
DA:613,15
DA:614,15
DA:615,15
DA:616,13
DA:618,2
DA:622,15
DA:623,15
DA:625,15
DA:626,6
DA:627,6
DA:628,6
DA:630,6
DA:638,6
DA:639,6
DA:640,6
DA:641,6
DA:642,5
DA:644,1
DA:649,15
DA:650,15
DA:651,15
DA:655,15
DA:656,15
DA:657,15
DA:658,15
DA:659,15
DA:662,15
DA:663,13
DA:664,13
DA:668,13
DA:669,2
DA:670,2
DA:674,15
DA:676,1
LF:321
LH:286
BRDA:31,0,0,2
BRDA:64,1,0,0
BRDA:65,2,0,0
BRDA:65,2,1,0
BRDA:66,3,0,0
BRDA:97,4,0,2
BRDA:97,4,1,1
BRDA:97,5,0,2
BRDA:97,5,1,0
BRDA:97,6,0,2
BRDA:97,6,1,2
BRDA:97,7,0,0
BRDA:97,7,1,2
BRDA:97,8,0,2
BRDA:97,8,1,2
BRDA:104,9,0,1
BRDA:104,9,1,0
BRDA:109,10,0,0
BRDA:119,11,0,0
BRDA:119,11,1,0
BRDA:132,12,0,0
BRDA:132,12,1,0
BRDA:135,13,0,0
BRDA:135,13,1,0
BRDA:138,14,0,0
BRDA:138,14,1,0
BRDA:140,15,0,0
BRDA:140,15,1,0
BRDA:176,16,0,3
BRDA:176,16,1,2
BRDA:181,17,0,2
BRDA:181,17,1,3
BRDA:191,18,0,2
BRDA:191,18,1,1
BRDA:191,19,0,3
BRDA:191,19,1,3
BRDA:195,20,0,1
BRDA:195,20,1,1
BRDA:201,21,0,1
BRDA:201,21,1,1
BRDA:204,22,0,0
BRDA:218,23,0,1
BRDA:218,24,0,1
BRDA:218,24,1,1
BRDA:235,25,0,0
BRDA:240,26,0,2
BRDA:242,27,0,0
BRDA:242,27,1,5
BRDA:242,28,0,5
BRDA:242,28,1,5
BRDA:244,29,0,1
BRDA:244,29,1,1
BRDA:295,30,0,2
BRDA:305,31,0,16
BRDA:305,32,0,18
BRDA:305,32,1,18
BRDA:305,32,2,16
BRDA:311,33,0,3
BRDA:315,34,0,1
BRDA:315,34,1,2
BRDA:318,35,0,2
BRDA:318,36,0,2
BRDA:318,36,1,2
BRDA:323,37,0,1
BRDA:325,38,0,1
BRDA:334,39,0,1
BRDA:334,40,0,18
BRDA:334,40,1,1
BRDA:334,40,2,1
BRDA:336,41,0,1
BRDA:336,42,0,1
BRDA:336,42,1,1
BRDA:343,43,0,1
BRDA:358,44,0,16
BRDA:366,45,0,14
BRDA:366,46,0,17
BRDA:366,46,1,16
BRDA:381,47,0,11
BRDA:385,48,0,11
BRDA:385,49,0,11
BRDA:385,49,1,11
BRDA:400,50,0,11
BRDA:404,51,0,11
BRDA:404,52,0,11
BRDA:404,52,1,11
BRDA:421,53,0,6
BRDA:425,54,0,0
BRDA:425,54,1,6
BRDA:425,55,0,6
BRDA:425,55,1,6
BRDA:426,56,0,6
BRDA:426,56,1,0
BRDA:455,57,0,6
BRDA:455,57,1,4
BRDA:455,57,2,1
BRDA:455,57,3,1
BRDA:455,57,4,1
BRDA:455,57,5,1
BRDA:455,57,6,0
BRDA:455,57,7,0
BRDA:460,58,0,6
BRDA:534,59,0,15
BRDA:534,59,1,2
BRDA:555,60,0,18
BRDA:555,60,1,3
BRDA:555,61,0,21
BRDA:555,61,1,21
BRDA:557,62,0,17
BRDA:557,63,0,18
BRDA:557,63,1,18
BRDA:560,64,0,3
BRDA:560,65,0,3
BRDA:560,65,1,3
BRDA:562,66,0,3
BRDA:564,67,0,3
BRDA:564,68,0,3
BRDA:564,68,1,3
BRDA:570,69,0,20
BRDA:570,70,0,21
BRDA:570,70,1,21
BRDA:583,71,0,14
BRDA:583,71,1,1
BRDA:596,72,0,12
BRDA:596,72,1,2
BRDA:615,73,0,13
BRDA:615,73,1,2
BRDA:641,74,0,5
BRDA:641,74,1,1
BRDA:658,75,0,15
BRDA:662,76,0,13
BRDA:662,77,0,15
BRDA:662,77,1,15
BRDA:668,78,0,2
BRF:133
BRH:108
end_of_record
