TN:
SF:src/contants.ts
FNF:0
FNH:0
DA:1,24
DA:2,24
DA:3,24
DA:4,24
DA:5,24
LF:5
LH:5
BRF:0
BRH:0
end_of_record
TN:
SF:src/types.tsx
FN:22,(anonymous_0)
FN:211,(anonymous_1)
FNF:2
FNH:2
FNDA:35,(anonymous_0)
FNDA:35,(anonymous_1)
DA:5,35
DA:22,35
DA:23,35
DA:24,35
DA:25,35
DA:26,35
DA:29,35
DA:211,35
DA:212,35
DA:213,35
DA:214,35
LF:11
LH:11
BRDA:22,0,0,35
BRDA:22,0,1,35
BRDA:211,1,0,35
BRDA:211,1,1,35
BRF:4
BRH:4
end_of_record
TN:
SF:src/components/App.tsx
FN:15,(anonymous_0)
FN:24,(anonymous_1)
FN:25,(anonymous_2)
FN:31,(anonymous_3)
FN:35,(anonymous_4)
FN:36,(anonymous_5)
FN:49,(anonymous_6)
FN:53,(anonymous_7)
FN:57,(anonymous_8)
FNF:9
FNH:9
FNDA:26,(anonymous_0)
FNDA:15,(anonymous_1)
FNDA:15,(anonymous_2)
FNDA:25,(anonymous_3)
FNDA:6,(anonymous_4)
FNDA:6,(anonymous_5)
FNDA:78,(anonymous_6)
FNDA:3,(anonymous_7)
FNDA:3,(anonymous_8)
DA:1,3
DA:2,3
DA:3,3
DA:4,3
DA:5,3
DA:6,3
DA:7,3
DA:8,3
DA:10,3
DA:12,3
DA:15,3
DA:16,26
DA:17,26
DA:18,26
DA:19,26
DA:20,26
DA:21,26
DA:22,26
DA:24,26
DA:25,15
DA:26,15
DA:31,26
DA:32,25
DA:35,26
DA:36,6
DA:37,6
DA:41,26
DA:50,78
DA:53,3
DA:58,3
DA:59,3
DA:60,3
LF:32
LH:32
BRDA:21,0,0,13
BRDA:21,0,1,13
BRDA:21,1,0,26
BRDA:21,1,1,26
BRDA:21,2,0,13
BRDA:21,2,1,13
BRDA:21,3,0,26
BRDA:21,3,1,26
BRDA:22,4,0,13
BRDA:22,4,1,13
BRDA:22,5,0,26
BRDA:22,5,1,26
BRDA:22,6,0,13
BRDA:22,6,1,13
BRDA:22,7,0,26
BRDA:22,7,1,26
BRDA:52,8,0,26
BRDA:52,8,1,52
BRDA:58,9,0,3
BRDA:58,10,0,3
BRDA:58,10,1,0
BRDA:75,11,0,20
BRDA:75,11,1,6
BRDA:77,12,0,4
BRDA:77,12,1,2
BRDA:82,13,0,26
BRDA:82,13,1,0
BRF:27
BRH:25
end_of_record
TN:
SF:src/components/helpers.ts
FN:3,calcPct
FN:7,gcd
FN:11,lcm
FN:15,isOneThirdOrTwoThirds
FN:19,percentageToFraction
FN:26,findCommonDenominator
FN:27,(anonymous_6)
FN:28,(anonymous_7)
FN:29,(anonymous_8)
FN:33,findEquivNum
FN:37,fewestNumbersToSum
FN:61,(anonymous_11)
FN:67,(anonymous_12)
FN:68,(anonymous_13)
FN:74,(anonymous_14)
FN:84,(anonymous_15)
FN:89,(anonymous_16)
FN:90,(anonymous_17)
FN:95,(anonymous_18)
FN:103,(anonymous_19)
FN:104,(anonymous_20)
FN:106,(anonymous_21)
FN:111,(anonymous_22)
FN:112,(anonymous_23)
FN:115,(anonymous_24)
FN:119,(anonymous_25)
FN:121,(anonymous_26)
FN:125,(anonymous_27)
FN:133,(anonymous_28)
FN:135,(anonymous_29)
FN:138,(anonymous_30)
FN:148,(anonymous_31)
FN:153,(anonymous_32)
FN:162,(anonymous_33)
FN:168,(anonymous_34)
FN:171,(anonymous_35)
FN:173,(anonymous_36)
FN:175,(anonymous_37)
FN:182,(anonymous_38)
FN:185,(anonymous_39)
FN:188,(anonymous_40)
FN:195,getRandomElement
FN:200,(anonymous_42)
FN:202,(anonymous_43)
FN:203,(anonymous_44)
FN:209,(anonymous_45)
FN:216,(anonymous_46)
FNF:47
FNH:47
FNDA:22,calcPct
FNDA:137,gcd
FNDA:15,lcm
FNDA:5,isOneThirdOrTwoThirds
FNDA:22,percentageToFraction
FNDA:6,findCommonDenominator
FNDA:17,(anonymous_6)
FNDA:17,(anonymous_7)
FNDA:11,(anonymous_8)
FNDA:10,findEquivNum
FNDA:8,fewestNumbersToSum
FNDA:5,(anonymous_11)
FNDA:6,(anonymous_12)
FNDA:7,(anonymous_13)
FNDA:13,(anonymous_14)
FNDA:1,(anonymous_15)
FNDA:2,(anonymous_16)
FNDA:8,(anonymous_17)
FNDA:3,(anonymous_18)
FNDA:3,(anonymous_19)
FNDA:3,(anonymous_20)
FNDA:100,(anonymous_21)
FNDA:22,(anonymous_22)
FNDA:132,(anonymous_23)
FNDA:18,(anonymous_24)
FNDA:6,(anonymous_25)
FNDA:33,(anonymous_26)
FNDA:5,(anonymous_27)
FNDA:12,(anonymous_28)
FNDA:7,(anonymous_29)
FNDA:7,(anonymous_30)
FNDA:7,(anonymous_31)
FNDA:4,(anonymous_32)
FNDA:3,(anonymous_33)
FNDA:4,(anonymous_34)
FNDA:4,(anonymous_35)
FNDA:2,(anonymous_36)
FNDA:4,(anonymous_37)
FNDA:3,(anonymous_38)
FNDA:50,(anonymous_39)
FNDA:49,(anonymous_40)
FNDA:3,getRandomElement
FNDA:4,(anonymous_42)
FNDA:10,(anonymous_43)
FNDA:3,(anonymous_44)
FNDA:7,(anonymous_45)
FNDA:11,(anonymous_46)
DA:3,8
DA:4,22
DA:7,8
DA:8,137
DA:11,8
DA:12,15
DA:15,8
DA:16,5
DA:19,8
DA:20,22
DA:21,22
DA:22,22
DA:23,22
DA:26,8
DA:27,17
DA:28,17
DA:29,11
DA:30,6
DA:33,8
DA:34,10
DA:37,8
DA:38,8
DA:41,8
DA:44,8
DA:45,8
DA:46,15
DA:50,8
DA:51,8
DA:52,8
DA:53,3
DA:54,3
DA:55,3
DA:58,8
DA:61,8
DA:62,5
DA:63,5
DA:64,5
DA:67,8
DA:68,7
DA:70,6
DA:71,2
DA:72,2
DA:74,4
DA:75,13
DA:76,12
DA:78,1
DA:80,4
DA:84,8
DA:85,1
DA:86,1
DA:87,1
DA:88,1
DA:89,1
DA:90,8
DA:91,2
DA:92,2
DA:94,1
DA:95,3
DA:96,1
DA:97,1
DA:98,1
DA:99,1
DA:100,1
DA:101,1
DA:103,3
DA:104,1
DA:105,3
DA:106,100
DA:108,1
DA:111,8
DA:112,132
DA:115,8
DA:116,18
DA:119,8
DA:120,6
DA:121,33
DA:122,6
DA:125,8
DA:126,5
DA:127,5
DA:128,5
DA:129,5
DA:131,5
DA:133,12
DA:134,2
DA:135,7
DA:138,2
DA:139,7
DA:140,7
DA:141,4
DA:143,7
DA:144,7
DA:148,7
DA:149,3
DA:150,3
DA:153,3
DA:154,4
DA:155,4
DA:156,4
DA:159,5
DA:162,8
DA:163,3
DA:164,3
DA:165,3
DA:166,3
DA:167,3
DA:168,4
DA:169,2
DA:170,2
DA:171,2
DA:172,4
DA:173,2
DA:175,4
DA:180,1
DA:182,1
DA:183,3
DA:184,1
DA:185,50
DA:187,2
DA:188,49
DA:192,3
DA:195,8
DA:196,3
DA:197,3
DA:200,8
DA:201,4
DA:202,10
DA:203,4
DA:205,4
DA:206,1
DA:209,7
DA:210,3
DA:211,3
DA:212,1
DA:214,2
DA:215,4
DA:216,11
DA:217,4
DA:218,1
DA:219,1
DA:220,3
DA:221,1
DA:226,3
LF:143
LH:143
BRDA:8,0,0,42
BRDA:8,0,1,95
BRDA:16,1,0,5
BRDA:16,1,1,4
BRDA:70,2,0,2
BRDA:70,2,1,4
BRDA:75,3,0,12
BRDA:75,4,0,13
BRDA:75,4,1,9
BRDA:75,4,2,4
BRDA:75,4,3,3
BRDA:76,5,0,10
BRDA:76,5,1,2
BRDA:98,6,0,1
BRDA:98,6,1,0
BRDA:131,7,0,2
BRDA:131,7,1,3
BRDA:140,8,0,4
BRDA:140,9,0,7
BRDA:140,9,1,4
BRDA:167,10,0,2
BRDA:167,10,1,1
BRDA:167,11,0,3
BRDA:167,11,1,2
BRDA:167,11,2,0
BRDA:169,12,0,2
BRDA:169,12,1,0
BRDA:170,13,0,2
BRDA:170,13,1,0
BRDA:172,14,0,2
BRDA:172,14,1,2
BRDA:183,15,0,1
BRDA:183,15,1,2
BRDA:202,16,0,10
BRDA:202,16,1,8
BRDA:203,17,0,4
BRDA:203,17,1,3
BRDA:205,18,0,1
BRDA:211,19,0,1
BRDA:211,19,1,2
BRDA:217,20,0,1
BRDA:217,20,1,3
BRDA:220,21,0,1
BRF:43
BRH:39
end_of_record
TN:
SF:src/components/about/about.tsx
FN:5,(anonymous_0)
FNF:1
FNH:1
FNDA:5,(anonymous_0)
DA:1,3
DA:3,3
DA:5,3
DA:6,5
LF:4
LH:4
BRF:0
BRH:0
end_of_record
TN:
SF:src/components/measures/CollectorDataProcessing.tsx
FN:13,(anonymous_0)
FN:17,(anonymous_1)
FN:22,(anonymous_2)
FN:52,(anonymous_3)
FNF:4
FNH:4
FNDA:4,(anonymous_0)
FNDA:1,(anonymous_1)
FNDA:1,(anonymous_2)
FNDA:12,(anonymous_3)
DA:1,3
DA:2,3
DA:13,3
DA:14,4
DA:15,4
DA:17,4
DA:18,1
DA:19,1
DA:22,4
DA:25,1
DA:26,1
DA:28,0
DA:33,4
DA:39,4
DA:53,12
LF:15
LH:14
BRDA:25,0,0,1
BRDA:25,0,1,0
BRDA:69,1,0,4
BRDA:69,1,1,1
BRF:4
BRH:3
end_of_record
TN:
SF:src/components/measures/DataVisualization.tsx
FN:19,(anonymous_0)
FN:25,(anonymous_1)
FN:44,(anonymous_2)
FN:73,(anonymous_3)
FN:81,(anonymous_4)
FN:85,(anonymous_5)
FN:89,(anonymous_6)
FNF:7
FNH:6
FNDA:32,(anonymous_0)
FNDA:12,(anonymous_1)
FNDA:12,(anonymous_2)
FNDA:12,(anonymous_3)
FNDA:0,(anonymous_4)
FNDA:1,(anonymous_5)
FNDA:1,(anonymous_6)
DA:1,3
DA:2,3
DA:3,3
DA:5,3
DA:7,3
DA:19,3
DA:20,32
DA:21,32
DA:22,32
DA:25,32
DA:44,32
DA:73,32
DA:74,12
DA:75,0
DA:77,12
DA:81,32
DA:82,0
DA:85,32
DA:86,1
DA:89,32
DA:91,1
DA:97,32
LF:22
LH:20
BRDA:74,0,0,0
BRDA:74,0,1,12
BRDA:75,1,0,0
BRDA:75,1,1,0
BRDA:77,2,0,12
BRDA:77,2,1,12
BRDA:138,3,0,32
BRDA:138,3,1,32
BRDA:185,4,0,20
BRDA:185,4,1,12
BRF:10
BRH:7
end_of_record
TN:
SF:src/components/measures/StatisticalAnalysis.tsx
FN:16,(anonymous_0)
FN:21,(anonymous_1)
FN:26,(anonymous_2)
FN:31,(anonymous_3)
FNF:4
FNH:2
FNDA:18,(anonymous_0)
FNDA:0,(anonymous_1)
FNDA:0,(anonymous_2)
FNDA:1,(anonymous_3)
DA:1,3
DA:2,3
DA:16,3
DA:17,18
DA:18,18
DA:19,18
DA:21,18
DA:22,0
DA:23,0
DA:26,18
DA:27,0
DA:28,0
DA:31,18
DA:34,1
DA:36,1
DA:37,1
DA:39,1
DA:40,1
DA:42,0
DA:43,0
DA:45,0
DA:46,0
DA:48,0
DA:49,0
DA:52,1
DA:55,18
LF:26
LH:16
BRDA:36,0,0,1
BRDA:36,0,1,0
BRDA:37,1,0,1
BRDA:37,1,1,0
BRDA:37,1,2,0
BRDA:48,2,0,0
BRDA:86,3,0,18
BRDA:86,3,1,18
BRDA:132,4,0,18
BRDA:132,4,1,1
BRF:10
BRH:6
end_of_record
TN:
SF:src/components/measures/measures.tsx
FN:14,(anonymous_0)
FN:29,(anonymous_1)
FN:41,(anonymous_2)
FN:43,(anonymous_3)
FN:44,(anonymous_4)
FN:51,(anonymous_5)
FN:64,(anonymous_6)
FN:65,(anonymous_7)
FN:66,(anonymous_8)
FN:67,(anonymous_9)
FN:68,(anonymous_10)
FN:70,(anonymous_11)
FN:75,(anonymous_12)
FN:79,(anonymous_13)
FN:84,(anonymous_14)
FN:94,(anonymous_15)
FN:105,(anonymous_16)
FN:115,(anonymous_17)
FN:159,(anonymous_18)
FN:185,(anonymous_19)
FNF:20
FNH:15
FNDA:1,(anonymous_0)
FNDA:33,(anonymous_1)
FNDA:32,(anonymous_2)
FNDA:14,(anonymous_3)
FNDA:14,(anonymous_4)
FNDA:20,(anonymous_5)
FNDA:4,(anonymous_6)
FNDA:1,(anonymous_7)
FNDA:2,(anonymous_8)
FNDA:0,(anonymous_9)
FNDA:0,(anonymous_10)
FNDA:1,(anonymous_11)
FNDA:7,(anonymous_12)
FNDA:7,(anonymous_13)
FNDA:7,(anonymous_14)
FNDA:0,(anonymous_15)
FNDA:0,(anonymous_16)
FNDA:7,(anonymous_17)
FNDA:0,(anonymous_18)
FNDA:2,(anonymous_19)
DA:1,3
DA:2,3
DA:3,3
DA:4,3
DA:5,3
DA:6,3
DA:7,3
DA:8,3
DA:10,3
DA:14,3
DA:15,1
DA:19,1
DA:21,0
DA:23,0
DA:25,0
DA:29,3
DA:30,33
DA:31,33
DA:32,33
DA:33,33
DA:34,33
DA:35,33
DA:36,33
DA:37,33
DA:40,33
DA:41,33
DA:43,33
DA:44,14
DA:45,14
DA:46,13
DA:48,14
DA:51,33
DA:52,20
DA:53,20
DA:54,2
DA:57,0
DA:58,0
DA:61,20
DA:64,33
DA:65,33
DA:66,33
DA:67,33
DA:68,33
DA:70,33
DA:71,1
DA:72,1
DA:75,33
DA:76,7
DA:79,7
DA:84,33
DA:85,7
DA:94,33
DA:95,0
DA:105,33
DA:106,0
DA:115,33
DA:116,7
DA:120,7
DA:129,0
DA:142,0
DA:155,0
DA:159,33
DA:160,0
DA:185,33
DA:186,2
DA:205,33
DA:206,14
DA:215,19
LF:68
LH:57
BRDA:15,0,0,1
BRDA:15,0,1,1
BRDA:15,0,2,1
BRDA:15,0,3,0
BRDA:15,0,4,0
BRDA:15,0,5,0
BRDA:52,1,0,20
BRDA:52,1,1,6
BRDA:53,2,0,2
BRDA:54,3,0,0
BRDA:54,3,1,0
BRDA:116,4,0,7
BRDA:116,4,1,7
BRDA:116,4,2,7
BRDA:116,4,3,0
BRDA:116,4,4,0
BRDA:205,5,0,14
BRDA:226,6,0,2
BRDA:226,6,1,17
BRDA:229,7,0,2
BRDA:229,7,1,0
BRDA:246,8,0,17
BRDA:246,8,1,7
BRDA:265,9,0,7
BRDA:265,9,1,2
BRDA:270,10,0,7
BRDA:270,10,1,0
BRF:27
BRH:18
end_of_record
TN:
SF:src/components/measures/charts/BarChartComponent.tsx
FN:13,(anonymous_0)
FN:39,(anonymous_1)
FN:40,(anonymous_2)
FN:44,(anonymous_3)
FN:46,(anonymous_4)
FNF:5
FNH:1
FNDA:23,(anonymous_0)
FNDA:0,(anonymous_1)
FNDA:0,(anonymous_2)
FNDA:0,(anonymous_3)
FNDA:0,(anonymous_4)
DA:2,4
DA:3,4
DA:13,4
DA:19,23
DA:36,23
DA:37,23
DA:39,0
DA:40,0
DA:44,0
DA:47,0
DA:52,23
LF:11
LH:7
BRDA:15,0,0,1
BRDA:16,1,0,23
BRDA:24,2,0,23
BRDA:24,2,1,21
BRDA:27,3,0,23
BRDA:27,3,1,21
BRDA:29,4,0,0
BRDA:29,4,1,23
BRDA:37,5,0,0
BRDA:37,6,0,23
BRDA:37,6,1,0
BRDA:47,7,0,0
BRDA:47,7,1,0
BRF:13
BRH:8
end_of_record
TN:
SF:src/components/measures/charts/ChartDataUtils.ts
FN:20,(anonymous_0)
FN:34,(anonymous_1)
FN:36,(anonymous_2)
FN:37,(anonymous_3)
FN:39,(anonymous_4)
FN:40,(anonymous_5)
FN:47,(anonymous_6)
FN:48,(anonymous_7)
FN:49,(anonymous_8)
FN:63,(anonymous_9)
FN:66,(anonymous_10)
FN:68,(anonymous_11)
FN:70,(anonymous_12)
FN:90,(anonymous_13)
FN:92,(anonymous_14)
FN:93,(anonymous_15)
FN:99,(anonymous_16)
FN:115,(anonymous_17)
FN:117,(anonymous_18)
FN:118,(anonymous_19)
FNF:20
FNH:10
FNDA:72,(anonymous_0)
FNDA:12,(anonymous_1)
FNDA:180,(anonymous_2)
FNDA:60,(anonymous_3)
FNDA:180,(anonymous_4)
FNDA:36,(anonymous_5)
FNDA:0,(anonymous_6)
FNDA:0,(anonymous_7)
FNDA:0,(anonymous_8)
FNDA:36,(anonymous_9)
FNDA:180,(anonymous_10)
FNDA:2700,(anonymous_11)
FNDA:180,(anonymous_12)
FNDA:0,(anonymous_13)
FNDA:0,(anonymous_14)
FNDA:0,(anonymous_15)
FNDA:0,(anonymous_16)
FNDA:0,(anonymous_17)
FNDA:0,(anonymous_18)
FNDA:0,(anonymous_19)
DA:20,3
DA:21,72
DA:22,72
DA:23,72
DA:25,72
DA:34,3
DA:36,180
DA:37,60
DA:39,180
DA:40,36
DA:43,12
DA:45,0
DA:48,0
DA:49,0
DA:56,0
DA:63,12
DA:64,36
DA:67,180
DA:68,2700
DA:70,180
DA:78,12
DA:90,3
DA:92,0
DA:93,0
DA:96,0
DA:97,0
DA:99,0
DA:108,0
DA:115,0
DA:116,0
DA:117,0
DA:118,0
DA:123,0
DA:132,0
LF:34
LH:18
BRDA:20,0,0,0
BRDA:36,1,0,180
BRDA:36,1,1,0
BRDA:39,2,0,180
BRDA:39,2,1,0
BRDA:43,3,0,0
BRDA:49,4,0,0
BRDA:49,4,1,0
BRDA:68,5,0,2700
BRDA:68,5,1,540
BRDA:70,6,0,180
BRDA:70,6,1,0
BRDA:92,7,0,0
BRDA:92,7,1,0
BRDA:96,8,0,0
BRDA:100,9,0,0
BRDA:100,9,1,0
BRDA:101,10,0,0
BRDA:101,10,1,0
BRDA:119,11,0,0
BRDA:119,11,1,0
BRDA:120,12,0,0
BRDA:120,12,1,0
BRF:23
BRH:5
end_of_record
TN:
SF:src/components/measures/charts/ChartFactory.tsx
FN:12,(anonymous_0)
FNF:1
FNH:1
FNDA:23,(anonymous_0)
DA:1,4
DA:3,4
DA:4,4
DA:5,4
DA:12,4
DA:18,23
DA:20,21
DA:22,1
DA:24,1
DA:27,0
LF:10
LH:9
BRDA:15,0,0,0
BRDA:18,1,0,21
BRDA:18,1,1,1
BRDA:18,1,2,1
BRDA:18,1,3,0
BRF:5
BRH:3
end_of_record
TN:
SF:src/components/measures/charts/ChartRegistry.ts
FNF:0
FNH:0
DA:2,3
DA:17,3
DA:30,3
DA:31,3
DA:32,3
DA:35,3
LF:6
LH:6
BRF:0
BRH:0
end_of_record
TN:
SF:src/components/measures/charts/LineChartComponent.tsx
FN:13,(anonymous_0)
FN:39,(anonymous_1)
FN:40,(anonymous_2)
FN:44,(anonymous_3)
FN:46,(anonymous_4)
FNF:5
FNH:1
FNDA:2,(anonymous_0)
FNDA:0,(anonymous_1)
FNDA:0,(anonymous_2)
FNDA:0,(anonymous_3)
FNDA:0,(anonymous_4)
DA:2,4
DA:3,4
DA:13,4
DA:19,2
DA:36,2
DA:37,2
DA:39,0
DA:40,0
DA:44,0
DA:47,0
DA:52,2
LF:11
LH:7
BRDA:15,0,0,1
BRDA:16,1,0,2
BRDA:24,2,0,2
BRDA:24,2,1,2
BRDA:27,3,0,2
BRDA:27,3,1,2
BRDA:29,4,0,0
BRDA:29,4,1,2
BRDA:37,5,0,0
BRDA:37,6,0,2
BRDA:37,6,1,0
BRDA:47,7,0,0
BRDA:47,7,1,0
BRF:13
BRH:8
end_of_record
TN:
SF:src/components/measures/charts/ScatterChartComponent.tsx
FN:13,(anonymous_0)
FNF:1
FNH:1
FNDA:2,(anonymous_0)
DA:2,4
DA:3,4
DA:13,4
DA:18,2
DA:33,2
LF:5
LH:5
BRDA:15,0,0,2
BRF:1
BRH:1
end_of_record
TN:
SF:src/components/model/arrow.tsx
FN:26,(anonymous_0)
FN:42,(anonymous_1)
FN:47,(anonymous_2)
FN:47,(anonymous_3)
FN:62,(anonymous_4)
FN:69,(anonymous_5)
FN:76,(anonymous_6)
FN:85,(anonymous_7)
FNF:8
FNH:8
FNDA:26,(anonymous_0)
FNDA:15,(anonymous_1)
FNDA:7,(anonymous_2)
FNDA:7,(anonymous_3)
FNDA:4,(anonymous_4)
FNDA:6,(anonymous_5)
FNDA:3,(anonymous_6)
FNDA:4,(anonymous_7)
DA:1,4
DA:2,4
DA:3,4
DA:4,4
DA:5,4
DA:8,4
DA:19,4
DA:20,4
DA:21,4
DA:23,4
DA:24,4
DA:26,4
DA:27,26
DA:30,26
DA:31,26
DA:32,26
DA:33,26
DA:34,26
DA:35,26
DA:37,26
DA:39,26
DA:42,4
DA:43,15
DA:44,15
DA:46,15
DA:47,15
DA:49,15
DA:57,15
DA:58,15
DA:59,15
DA:62,15
DA:63,4
DA:64,1
DA:69,15
DA:70,6
DA:74,15
DA:76,15
DA:77,3
DA:78,3
DA:79,3
DA:80,3
DA:82,3
DA:85,15
DA:86,4
DA:91,15
DA:92,2
DA:95,13
DA:96,13
DA:98,13
DA:99,13
DA:100,13
DA:101,13
DA:102,13
DA:103,13
DA:104,13
DA:105,13
DA:106,13
DA:107,13
DA:108,13
DA:110,13
DA:111,13
DA:112,13
DA:113,13
DA:115,13
DA:116,13
DA:118,13
DA:120,13
LF:67
LH:67
BRDA:32,0,0,52
BRDA:32,0,1,26
BRDA:32,0,2,26
BRDA:63,1,0,1
BRDA:78,2,0,3
BRDA:78,2,1,2
BRDA:78,2,2,1
BRDA:79,3,0,3
BRDA:79,3,1,0
BRDA:79,4,0,3
BRDA:79,4,1,3
BRDA:79,5,0,0
BRDA:79,5,1,3
BRDA:79,6,0,3
BRDA:79,6,1,3
BRDA:80,7,0,3
BRDA:80,7,1,0
BRDA:82,8,0,1
BRDA:82,8,1,2
BRDA:91,9,0,2
BRDA:91,10,0,15
BRDA:91,10,1,13
BRDA:104,11,0,13
BRF:23
BRH:20
end_of_record
TN:
SF:src/components/model/column-header.tsx
FN:16,(anonymous_0)
FN:25,(anonymous_1)
FN:29,(anonymous_2)
FN:32,(anonymous_3)
FN:38,(anonymous_4)
FN:40,(anonymous_5)
FN:47,(anonymous_6)
FN:57,(anonymous_7)
FN:58,(anonymous_8)
FN:67,(anonymous_9)
FN:73,(anonymous_10)
FN:77,(anonymous_11)
FN:84,(anonymous_12)
FN:100,(anonymous_13)
FN:101,(anonymous_14)
FN:108,(anonymous_15)
FN:113,(anonymous_16)
FNF:17
FNH:9
FNDA:12,(anonymous_0)
FNDA:5,(anonymous_1)
FNDA:0,(anonymous_2)
FNDA:0,(anonymous_3)
FNDA:5,(anonymous_4)
FNDA:5,(anonymous_5)
FNDA:1,(anonymous_6)
FNDA:0,(anonymous_7)
FNDA:0,(anonymous_8)
FNDA:0,(anonymous_9)
FNDA:0,(anonymous_10)
FNDA:0,(anonymous_11)
FNDA:0,(anonymous_12)
FNDA:1,(anonymous_13)
FNDA:1,(anonymous_14)
FNDA:3,(anonymous_15)
FNDA:12,(anonymous_16)
DA:1,4
DA:2,4
DA:3,4
DA:4,4
DA:5,4
DA:6,4
DA:16,4
DA:17,12
DA:18,12
DA:19,12
DA:20,12
DA:21,12
DA:22,12
DA:23,12
DA:25,12
DA:26,5
DA:29,12
DA:30,0
DA:31,0
DA:32,0
DA:33,0
DA:38,12
DA:39,5
DA:40,5
DA:41,5
DA:42,0
DA:47,12
DA:48,1
DA:50,1
DA:51,0
DA:54,1
DA:57,1
DA:58,0
DA:59,0
DA:60,0
DA:63,1
DA:66,1
DA:67,1
DA:68,0
DA:70,0
DA:71,0
DA:72,0
DA:74,0
DA:75,0
DA:78,0
DA:84,12
DA:85,0
DA:86,0
DA:87,0
DA:88,0
DA:89,0
DA:93,12
DA:100,1
DA:101,1
DA:108,3
DA:113,12
LF:56
LH:35
BRDA:30,0,0,0
BRDA:30,1,0,0
BRDA:30,1,1,0
BRDA:30,2,0,0
BRDA:30,2,1,0
BRDA:41,3,0,0
BRDA:50,4,0,0
BRDA:59,5,0,0
BRDA:70,6,0,0
BRDA:85,7,0,0
BRDA:85,7,1,0
BRDA:87,8,0,0
BRDA:94,9,0,0
BRDA:94,9,1,12
BRDA:95,10,0,7
BRDA:95,10,1,5
BRDA:108,11,0,3
BRDA:108,11,1,3
BRDA:113,12,0,12
BRDA:113,12,1,4
BRDA:113,12,2,1
BRDA:115,13,0,1
BRDA:115,13,1,0
BRF:23
BRH:9
end_of_record
TN:
SF:src/components/model/column.tsx
FN:16,(anonymous_0)
FN:19,(anonymous_1)
FN:23,(anonymous_2)
FN:35,(anonymous_3)
FNF:4
FNH:4
FNDA:4,(anonymous_0)
FNDA:4,(anonymous_1)
FNDA:7,(anonymous_2)
FNDA:7,(anonymous_3)
DA:1,4
DA:2,4
DA:3,4
DA:4,4
DA:5,4
DA:6,4
DA:9,4
DA:16,4
DA:17,4
DA:18,4
DA:19,4
DA:21,4
DA:24,7
DA:25,7
DA:26,7
DA:36,7
LF:16
LH:16
BRDA:19,0,0,4
BRDA:19,0,1,4
BRDA:22,1,0,3
BRDA:22,1,1,1
BRDA:28,2,0,7
BRDA:28,2,1,4
BRF:6
BRH:6
end_of_record
TN:
SF:src/components/model/device-footer.tsx
FN:23,(anonymous_0)
FN:34,(anonymous_1)
FN:49,(anonymous_2)
FN:56,(anonymous_3)
FN:57,(anonymous_4)
FN:58,(anonymous_5)
FN:59,(anonymous_6)
FN:62,(anonymous_7)
FN:69,(anonymous_8)
FN:70,(anonymous_9)
FN:80,(anonymous_10)
FN:81,(anonymous_11)
FN:94,(anonymous_12)
FN:109,(anonymous_13)
FN:110,(anonymous_14)
FN:116,(anonymous_15)
FN:120,(anonymous_16)
FN:122,(anonymous_17)
FN:153,(anonymous_18)
FN:161,(anonymous_19)
FN:171,(anonymous_20)
FN:172,(anonymous_21)
FN:172,(anonymous_22)
FN:181,(anonymous_23)
FN:182,(anonymous_24)
FN:182,(anonymous_25)
FN:192,(anonymous_26)
FN:193,(anonymous_27)
FN:193,(anonymous_28)
FN:210,(anonymous_29)
FN:243,(anonymous_30)
FN:252,(anonymous_31)
FNF:32
FNH:13
FNDA:70,(anonymous_0)
FNDA:2,(anonymous_1)
FNDA:0,(anonymous_2)
FNDA:3,(anonymous_3)
FNDA:0,(anonymous_4)
FNDA:0,(anonymous_5)
FNDA:0,(anonymous_6)
FNDA:0,(anonymous_7)
FNDA:0,(anonymous_8)
FNDA:0,(anonymous_9)
FNDA:2,(anonymous_10)
FNDA:2,(anonymous_11)
FNDA:0,(anonymous_12)
FNDA:1,(anonymous_13)
FNDA:1,(anonymous_14)
FNDA:2,(anonymous_15)
FNDA:2,(anonymous_16)
FNDA:2,(anonymous_17)
FNDA:0,(anonymous_18)
FNDA:0,(anonymous_19)
FNDA:0,(anonymous_20)
FNDA:0,(anonymous_21)
FNDA:0,(anonymous_22)
FNDA:1,(anonymous_23)
FNDA:0,(anonymous_24)
FNDA:0,(anonymous_25)
FNDA:1,(anonymous_26)
FNDA:0,(anonymous_27)
FNDA:0,(anonymous_28)
FNDA:2,(anonymous_29)
FNDA:0,(anonymous_30)
FNDA:0,(anonymous_31)
DA:1,8
DA:2,8
DA:3,8
DA:4,8
DA:5,8
DA:6,8
DA:7,8
DA:8,8
DA:9,8
DA:11,8
DA:23,8
DA:24,70
DA:25,70
DA:26,70
DA:27,70
DA:28,70
DA:29,70
DA:30,70
DA:31,70
DA:32,70
DA:34,70
DA:35,2
DA:36,2
DA:37,1
DA:39,1
DA:40,1
DA:49,70
DA:50,0
DA:51,0
DA:52,0
DA:56,70
DA:57,3
DA:58,0
DA:59,0
DA:60,0
DA:61,0
DA:62,0
DA:64,0
DA:65,0
DA:69,0
DA:70,0
DA:71,0
DA:80,70
DA:81,2
DA:82,2
DA:83,2
DA:84,2
DA:86,1
DA:89,1
DA:90,1
DA:91,1
DA:94,1
DA:95,1
DA:96,0
DA:97,0
DA:99,1
DA:100,1
DA:101,0
DA:106,2
DA:109,70
DA:110,1
DA:111,1
DA:113,1
DA:116,70
DA:117,2
DA:118,2
DA:120,2
DA:121,2
DA:122,2
DA:123,2
DA:125,2
DA:126,2
DA:127,2
DA:130,2
DA:131,1
DA:136,2
DA:137,1
DA:138,1
DA:139,1
DA:142,0
DA:147,70
DA:153,0
DA:161,0
DA:171,0
DA:172,0
DA:181,1
DA:182,0
DA:192,1
DA:193,0
DA:211,2
DA:212,2
DA:213,2
DA:214,2
DA:216,2
DA:243,0
DA:252,0
LF:96
LH:71
BRDA:23,0,0,0
BRDA:29,1,0,70
BRDA:29,1,1,0
BRDA:32,2,0,70
BRDA:32,2,1,69
BRDA:32,3,0,69
BRDA:32,3,1,1
BRDA:32,4,0,70
BRDA:32,4,1,59
BRDA:36,5,0,1
BRDA:36,5,1,1
BRDA:50,6,0,0
BRDA:50,7,0,0
BRDA:50,7,1,0
BRDA:61,8,0,0
BRDA:64,9,0,0
BRDA:70,10,0,0
BRDA:84,11,0,1
BRDA:84,11,1,1
BRDA:95,12,0,0
BRDA:95,12,1,1
BRDA:100,13,0,0
BRDA:125,14,0,2
BRDA:125,14,1,0
BRDA:130,15,0,1
BRDA:130,16,0,2
BRDA:130,16,1,1
BRDA:136,17,0,1
BRDA:136,18,0,2
BRDA:136,18,1,1
BRDA:170,19,0,58
BRDA:170,19,1,12
BRDA:180,20,0,8
BRDA:180,20,1,62
BRDA:189,21,0,70
BRDA:189,21,1,70
BRDA:191,22,0,4
BRDA:191,22,1,66
BRDA:205,23,0,4
BRDA:205,23,1,66
BRDA:209,24,0,1
BRDA:209,24,1,3
BRDA:209,25,0,4
BRDA:209,25,1,4
BRDA:211,26,0,2
BRDA:211,26,1,0
BRDA:211,26,2,0
BRDA:212,27,0,2
BRDA:212,27,1,0
BRDA:213,28,0,2
BRDA:213,28,1,0
BRDA:213,28,2,0
BRDA:221,29,0,1
BRDA:221,29,1,1
BRDA:223,30,0,1
BRDA:223,30,1,1
BRDA:226,31,0,1
BRDA:226,31,1,1
BRDA:248,32,0,66
BRDA:248,32,1,1
BRF:60
BRH:44
end_of_record
TN:
SF:src/components/model/device.tsx
FN:29,(anonymous_0)
FN:52,(anonymous_1)
FN:63,(anonymous_2)
FN:64,(anonymous_3)
FN:69,(anonymous_4)
FN:70,(anonymous_5)
FN:71,(anonymous_6)
FN:93,(anonymous_7)
FN:102,(anonymous_8)
FN:106,(anonymous_9)
FN:107,(anonymous_10)
FN:108,(anonymous_11)
FN:120,(anonymous_12)
FN:124,(anonymous_13)
FN:130,(anonymous_14)
FN:131,(anonymous_15)
FN:132,(anonymous_16)
FN:139,(anonymous_17)
FN:150,(anonymous_18)
FN:160,(anonymous_19)
FN:163,(anonymous_20)
FN:169,(anonymous_21)
FN:174,(anonymous_22)
FN:180,(anonymous_23)
FN:192,(anonymous_24)
FN:207,(anonymous_25)
FN:210,(anonymous_26)
FN:215,(anonymous_27)
FN:220,(anonymous_28)
FN:238,(anonymous_29)
FN:264,(anonymous_30)
FN:273,(anonymous_31)
FN:279,(anonymous_32)
FN:282,(anonymous_33)
FN:283,(anonymous_34)
FN:285,(anonymous_35)
FN:317,(anonymous_36)
FN:337,(anonymous_37)
FN:345,(anonymous_38)
FN:355,(anonymous_39)
FN:356,(anonymous_40)
FN:363,(anonymous_41)
FN:376,(anonymous_42)
FN:388,(anonymous_43)
FNF:44
FNH:12
FNDA:62,(anonymous_0)
FNDA:29,(anonymous_1)
FNDA:6,(anonymous_2)
FNDA:0,(anonymous_3)
FNDA:1,(anonymous_4)
FNDA:0,(anonymous_5)
FNDA:0,(anonymous_6)
FNDA:0,(anonymous_7)
FNDA:2,(anonymous_8)
FNDA:8,(anonymous_9)
FNDA:8,(anonymous_10)
FNDA:7,(anonymous_11)
FNDA:0,(anonymous_12)
FNDA:1,(anonymous_13)
FNDA:0,(anonymous_14)
FNDA:0,(anonymous_15)
FNDA:0,(anonymous_16)
FNDA:0,(anonymous_17)
FNDA:0,(anonymous_18)
FNDA:0,(anonymous_19)
FNDA:0,(anonymous_20)
FNDA:0,(anonymous_21)
FNDA:0,(anonymous_22)
FNDA:0,(anonymous_23)
FNDA:0,(anonymous_24)
FNDA:0,(anonymous_25)
FNDA:0,(anonymous_26)
FNDA:0,(anonymous_27)
FNDA:0,(anonymous_28)
FNDA:0,(anonymous_29)
FNDA:29,(anonymous_30)
FNDA:29,(anonymous_31)
FNDA:0,(anonymous_32)
FNDA:0,(anonymous_33)
FNDA:0,(anonymous_34)
FNDA:0,(anonymous_35)
FNDA:0,(anonymous_36)
FNDA:12,(anonymous_37)
FNDA:0,(anonymous_38)
FNDA:0,(anonymous_39)
FNDA:0,(anonymous_40)
FNDA:0,(anonymous_41)
FNDA:0,(anonymous_42)
FNDA:0,(anonymous_43)
DA:1,7
DA:2,7
DA:3,7
DA:4,7
DA:5,7
DA:6,7
DA:7,7
DA:8,7
DA:9,7
DA:10,7
DA:11,7
DA:12,7
DA:13,7
DA:14,7
DA:15,7
DA:16,7
DA:17,7
DA:18,7
DA:19,7
DA:20,7
DA:22,7
DA:29,7
DA:30,62
DA:31,61
DA:32,61
DA:33,61
DA:34,61
DA:35,61
DA:36,61
DA:37,61
DA:38,61
DA:39,61
DA:40,61
DA:41,61
DA:42,61
DA:43,61
DA:44,61
DA:45,61
DA:46,61
DA:50,61
DA:52,61
DA:53,29
DA:56,29
DA:57,3
DA:59,26
DA:63,61
DA:64,6
DA:65,0
DA:69,61
DA:70,1
DA:71,0
DA:72,0
DA:73,0
DA:74,0
DA:75,0
DA:76,0
DA:78,0
DA:80,0
DA:83,0
DA:93,61
DA:95,0
DA:96,0
DA:97,0
DA:98,0
DA:102,61
DA:103,2
DA:106,61
DA:107,8
DA:108,8
DA:109,8
DA:110,0
DA:111,0
DA:112,0
DA:113,0
DA:115,8
DA:120,61
DA:121,0
DA:124,61
DA:125,1
DA:126,1
DA:130,61
DA:131,0
DA:132,0
DA:133,0
DA:134,0
DA:139,61
DA:140,0
DA:141,0
DA:142,0
DA:144,0
DA:146,0
DA:150,61
DA:151,0
DA:152,0
DA:153,0
DA:155,0
DA:156,0
DA:157,0
DA:159,0
DA:160,0
DA:162,0
DA:163,0
DA:166,0
DA:169,61
DA:170,0
DA:171,0
DA:174,61
DA:175,0
DA:176,0
DA:177,0
DA:180,61
DA:181,0
DA:184,0
DA:187,0
DA:188,0
DA:189,0
DA:190,0
DA:192,0
DA:196,0
DA:199,0
DA:202,0
DA:206,0
DA:207,0
DA:210,61
DA:211,0
DA:212,0
DA:215,61
DA:216,0
DA:217,0
DA:220,61
DA:221,0
DA:222,0
DA:223,0
DA:224,0
DA:225,0
DA:226,0
DA:227,0
DA:228,0
DA:229,0
DA:230,0
DA:231,0
DA:232,0
DA:235,0
DA:238,61
DA:239,0
DA:240,0
DA:241,0
DA:242,0
DA:250,0
DA:251,0
DA:252,0
DA:253,0
DA:254,0
DA:255,0
DA:256,0
DA:257,0
DA:258,0
DA:259,0
DA:264,61
DA:265,29
DA:266,0
DA:267,0
DA:269,29
DA:270,29
DA:273,29
DA:274,29
DA:275,29
DA:279,61
DA:280,0
DA:282,0
DA:283,0
DA:284,0
DA:285,0
DA:286,0
DA:287,0
DA:294,0
DA:297,61
DA:318,0
DA:319,0
DA:320,0
DA:337,12
DA:345,0
DA:355,0
DA:356,0
DA:363,0
DA:376,0
DA:388,0
LF:187
LH:81
BRDA:46,0,0,53
BRDA:46,0,1,8
BRDA:47,1,0,6
BRDA:47,1,1,2
BRDA:56,2,0,3
BRDA:56,2,1,26
BRDA:74,3,0,0
BRDA:74,3,1,0
BRDA:74,4,0,0
BRDA:74,4,1,0
BRDA:75,5,0,0
BRDA:78,6,0,0
BRDA:78,6,1,0
BRDA:95,7,0,0
BRDA:95,8,0,0
BRDA:95,8,1,0
BRDA:109,9,0,0
BRDA:109,9,1,8
BRDA:125,10,0,1
BRDA:133,11,0,0
BRDA:140,12,0,0
BRDA:142,13,0,0
BRDA:142,13,1,0
BRDA:151,14,0,0
BRDA:152,15,0,0
BRDA:152,16,0,0
BRDA:152,16,1,0
BRDA:153,17,0,0
BRDA:153,18,0,0
BRDA:153,18,1,0
BRDA:156,19,0,0
BRDA:156,19,1,0
BRDA:159,20,0,0
BRDA:159,20,1,0
BRDA:184,21,0,0
BRDA:188,22,0,0
BRDA:188,22,1,0
BRDA:188,23,0,0
BRDA:188,23,1,0
BRDA:192,24,0,0
BRDA:192,24,1,0
BRDA:221,25,0,0
BRDA:221,25,1,0
BRDA:221,26,0,0
BRDA:221,26,1,0
BRDA:224,27,0,0
BRDA:229,28,0,0
BRDA:239,29,0,0
BRDA:240,30,0,0
BRDA:255,31,0,0
BRDA:255,31,1,0
BRDA:256,32,0,0
BRDA:256,33,0,0
BRDA:256,33,1,0
BRDA:256,33,2,0
BRDA:265,34,0,0
BRDA:265,34,1,29
BRDA:284,35,0,0
BRDA:286,36,0,0
BRDA:298,37,0,2
BRDA:298,37,1,59
BRDA:300,38,0,59
BRDA:300,38,1,2
BRDA:308,39,0,61
BRDA:308,39,1,59
BRDA:318,40,0,0
BRDA:318,41,0,0
BRDA:318,41,1,0
BRDA:337,42,0,61
BRDA:337,42,1,5
BRDA:340,43,0,53
BRDA:340,43,1,8
BRDA:347,44,0,6
BRDA:347,44,1,2
BRDA:369,45,0,61
BRDA:369,45,1,0
BRDA:369,45,2,0
BRDA:381,46,0,61
BRDA:381,46,1,0
BRDA:381,46,2,0
BRDA:392,47,0,61
BRDA:392,47,1,4
BRDA:392,47,2,4
BRDA:410,48,0,61
BRDA:410,48,1,59
BRDA:421,49,0,61
BRDA:421,49,1,2
BRF:87
BRH:30
end_of_record
TN:
SF:src/components/model/formula-editor.tsx
FN:18,(anonymous_0)
FN:26,(anonymous_1)
FN:32,(anonymous_2)
FN:33,(anonymous_3)
FN:34,(anonymous_4)
FN:42,(anonymous_5)
FN:47,(anonymous_6)
FN:48,(anonymous_7)
FN:64,(anonymous_8)
FN:65,(anonymous_9)
FN:78,(anonymous_10)
FN:82,(anonymous_11)
FN:88,(anonymous_12)
FNF:13
FNH:10
FNDA:20,(anonymous_0)
FNDA:1,(anonymous_1)
FNDA:10,(anonymous_2)
FNDA:10,(anonymous_3)
FNDA:0,(anonymous_4)
FNDA:3,(anonymous_5)
FNDA:0,(anonymous_6)
FNDA:0,(anonymous_7)
FNDA:19,(anonymous_8)
FNDA:1,(anonymous_9)
FNDA:5,(anonymous_10)
FNDA:1,(anonymous_11)
FNDA:2,(anonymous_12)
DA:1,4
DA:2,4
DA:3,4
DA:5,4
DA:16,4
DA:18,4
DA:19,20
DA:20,20
DA:21,20
DA:22,20
DA:23,20
DA:24,20
DA:26,20
DA:27,1
DA:28,1
DA:32,20
DA:33,10
DA:34,10
DA:35,0
DA:36,0
DA:38,10
DA:42,20
DA:43,3
DA:44,3
DA:45,3
DA:46,3
DA:47,3
DA:48,0
DA:49,0
DA:53,3
DA:55,3
DA:57,0
DA:58,0
DA:59,0
DA:64,20
DA:65,19
DA:67,1
DA:68,1
DA:69,1
DA:70,0
DA:72,1
DA:74,1
DA:76,19
DA:77,5
DA:78,5
DA:82,20
DA:83,1
DA:84,1
DA:85,1
DA:88,20
DA:89,2
DA:91,1
DA:92,1
DA:93,1
DA:95,1
DA:96,1
DA:97,1
DA:101,20
DA:102,20
DA:104,20
LF:60
LH:52
BRDA:27,0,0,1
BRDA:35,1,0,0
BRDA:35,1,1,0
BRDA:35,2,0,0
BRDA:35,2,1,0
BRDA:36,3,0,0
BRDA:36,3,1,0
BRDA:36,4,0,0
BRDA:36,4,1,0
BRDA:43,5,0,3
BRDA:43,5,1,0
BRDA:43,6,0,3
BRDA:43,6,1,3
BRDA:43,7,0,0
BRDA:43,7,1,3
BRDA:43,8,0,3
BRDA:43,8,1,3
BRDA:44,9,0,3
BRDA:44,9,1,0
BRDA:57,10,0,0
BRDA:69,11,0,0
BRDA:76,12,0,5
BRDA:89,13,0,1
BRDA:89,13,1,1
BRDA:101,14,0,1
BRDA:101,14,1,19
BRDA:101,15,0,1
BRDA:101,15,1,18
BRDA:106,16,0,6
BRDA:106,16,1,14
BRDA:112,17,0,1
BRDA:112,17,1,13
BRDA:112,18,0,1
BRDA:112,18,1,13
BRDA:115,19,0,1
BRDA:115,19,1,13
BRF:36
BRH:23
end_of_record
TN:
SF:src/components/model/help-modal.tsx
FN:7,(anonymous_0)
FN:11,(anonymous_1)
FN:16,(anonymous_2)
FN:26,(anonymous_3)
FN:37,(anonymous_4)
FN:47,(anonymous_5)
FNF:6
FNH:6
FNDA:11,(anonymous_0)
FNDA:2,(anonymous_1)
FNDA:11,(anonymous_2)
FNDA:2,(anonymous_3)
FNDA:11,(anonymous_4)
FNDA:2,(anonymous_5)
DA:1,8
DA:7,8
DA:9,11
DA:11,11
DA:12,2
DA:16,11
DA:18,11
DA:21,11
DA:22,11
DA:26,11
DA:28,2
DA:29,0
DA:34,11
DA:37,11
DA:38,11
DA:39,11
DA:47,11
DA:49,2
DA:50,0
DA:51,0
DA:55,11
LF:21
LH:18
BRDA:21,0,0,11
BRDA:28,1,0,0
BRDA:39,2,0,0
BRDA:39,2,1,11
BRDA:39,3,0,11
BRDA:39,3,1,11
BRDA:49,4,0,0
BRDA:49,5,0,2
BRDA:49,5,1,2
BRF:9
BRH:6
end_of_record
TN:
SF:src/components/model/loading-indicator.tsx
FN:9,(anonymous_0)
FNF:1
FNH:1
FNDA:34,(anonymous_0)
DA:1,5
DA:2,5
DA:9,5
DA:13,34
DA:15,0
DA:23,5
LF:6
LH:5
BRDA:11,0,0,0
BRDA:13,1,0,34
BRF:2
BRH:1
end_of_record
TN:
SF:src/components/model/lock-model-button.tsx
FN:11,(anonymous_0)
FN:15,(anonymous_1)
FN:16,(anonymous_2)
FNF:3
FNH:3
FNDA:34,(anonymous_0)
FNDA:3,(anonymous_1)
FNDA:3,(anonymous_2)
DA:1,5
DA:2,5
DA:3,5
DA:11,5
DA:12,34
DA:13,34
DA:15,34
DA:16,3
DA:17,3
DA:18,3
DA:22,34
LF:11
LH:11
BRDA:18,0,0,1
BRDA:18,0,1,2
BRDA:18,1,0,1
BRDA:18,1,1,0
BRDA:24,2,0,4
BRDA:24,2,1,30
BRDA:26,3,0,4
BRDA:26,3,1,30
BRDA:27,4,0,4
BRDA:27,4,1,30
BRDA:30,5,0,4
BRDA:30,5,1,30
BRDA:33,6,0,4
BRDA:33,6,1,30
BRF:14
BRH:13
end_of_record
TN:
SF:src/components/model/model-component.tsx
FN:13,(anonymous_0)
FN:24,(anonymous_1)
FN:34,(anonymous_2)
FN:38,(anonymous_3)
FN:43,(anonymous_4)
FN:69,(anonymous_5)
FN:106,(anonymous_6)
FNF:7
FNH:7
FNDA:44,(anonymous_0)
FNDA:59,(anonymous_1)
FNDA:1,(anonymous_2)
FNDA:6,(anonymous_3)
FNDA:2,(anonymous_4)
FNDA:34,(anonymous_5)
FNDA:112,(anonymous_6)
DA:1,5
DA:2,5
DA:3,5
DA:4,5
DA:5,5
DA:6,5
DA:7,5
DA:8,5
DA:9,5
DA:11,5
DA:13,5
DA:14,44
DA:15,44
DA:16,44
DA:17,44
DA:18,44
DA:19,44
DA:22,44
DA:24,44
DA:25,59
DA:27,59
DA:28,2
DA:30,57
DA:34,44
DA:35,1
DA:38,44
DA:39,6
DA:40,6
DA:43,44
DA:44,2
DA:46,2
DA:48,2
DA:50,0
DA:51,0
DA:52,0
DA:54,1
DA:55,1
DA:56,1
DA:58,0
DA:59,0
DA:60,0
DA:62,1
DA:63,1
DA:64,1
DA:69,44
DA:70,34
DA:71,32
DA:72,32
DA:76,44
DA:78,44
DA:107,112
LF:51
LH:45
BRDA:22,0,0,44
BRDA:22,0,1,0
BRDA:25,1,0,27
BRDA:25,1,1,32
BRDA:25,2,0,59
BRDA:25,2,1,32
BRDA:27,3,0,2
BRDA:27,3,1,57
BRDA:27,4,0,59
BRDA:27,4,1,2
BRDA:44,5,0,0
BRDA:48,6,0,0
BRDA:48,6,1,1
BRDA:48,6,2,0
BRDA:48,6,3,1
BRDA:70,7,0,32
BRDA:74,8,0,0
BRDA:74,8,1,44
BRDA:74,9,0,44
BRDA:74,9,1,44
BRDA:74,10,0,0
BRDA:74,10,1,44
BRDA:74,11,0,44
BRDA:74,11,1,44
BRDA:88,12,0,2
BRDA:88,12,1,42
BRDA:92,13,0,0
BRDA:92,13,1,42
BRF:28
BRH:21
end_of_record
TN:
SF:src/components/model/model-header.tsx
FN:20,(anonymous_0)
FN:28,(anonymous_1)
FN:30,(anonymous_2)
FN:38,(anonymous_3)
FN:42,(anonymous_4)
FN:43,(anonymous_5)
FN:48,(anonymous_6)
FN:49,(anonymous_7)
FN:54,(anonymous_8)
FN:55,(anonymous_9)
FN:65,(anonymous_10)
FN:66,(anonymous_11)
FN:71,(anonymous_12)
FN:72,(anonymous_13)
FN:83,(anonymous_14)
FN:194,(anonymous_15)
FNF:16
FNH:9
FNDA:27,(anonymous_0)
FNDA:27,(anonymous_1)
FNDA:2,(anonymous_2)
FNDA:1,(anonymous_3)
FNDA:2,(anonymous_4)
FNDA:3,(anonymous_5)
FNDA:1,(anonymous_6)
FNDA:1,(anonymous_7)
FNDA:0,(anonymous_8)
FNDA:0,(anonymous_9)
FNDA:0,(anonymous_10)
FNDA:0,(anonymous_11)
FNDA:0,(anonymous_12)
FNDA:0,(anonymous_13)
FNDA:27,(anonymous_14)
FNDA:0,(anonymous_15)
DA:1,4
DA:2,4
DA:3,4
DA:4,4
DA:5,4
DA:6,4
DA:7,4
DA:8,4
DA:9,4
DA:10,4
DA:11,4
DA:20,4
DA:21,27
DA:22,27
DA:23,27
DA:24,27
DA:25,27
DA:28,27
DA:30,27
DA:31,2
DA:32,1
DA:34,1
DA:38,27
DA:39,1
DA:42,27
DA:43,2
DA:44,3
DA:48,27
DA:49,1
DA:50,1
DA:54,27
DA:55,0
DA:56,0
DA:57,0
DA:59,0
DA:61,0
DA:65,27
DA:66,0
DA:67,0
DA:71,27
DA:72,0
DA:73,0
DA:74,0
DA:76,0
DA:78,0
DA:83,27
DA:84,27
DA:85,2
DA:86,0
DA:91,2
DA:97,25
DA:104,27
DA:106,27
DA:195,0
DA:196,0
DA:197,0
LF:56
LH:40
BRDA:25,0,0,27
BRDA:25,0,1,25
BRDA:31,1,0,1
BRDA:31,1,1,1
BRDA:56,2,0,0
BRDA:56,2,1,0
BRDA:56,3,0,0
BRDA:56,3,1,0
BRDA:73,4,0,0
BRDA:73,4,1,0
BRDA:73,5,0,0
BRDA:73,5,1,0
BRDA:84,6,0,2
BRDA:84,6,1,25
BRDA:85,7,0,0
BRDA:85,7,1,2
BRDA:121,8,0,27
BRDA:121,8,1,27
BRDA:122,9,0,1
BRDA:122,9,1,26
BRDA:122,10,0,27
BRDA:122,10,1,27
BRDA:130,11,0,27
BRDA:130,11,1,2
BRDA:131,12,0,25
BRDA:131,12,1,2
BRDA:131,13,0,27
BRDA:131,13,1,2
BRDA:143,14,0,27
BRDA:143,14,1,25
BRDA:144,15,0,3
BRDA:144,15,1,24
BRDA:144,16,0,27
BRDA:144,16,1,25
BRDA:156,17,0,27
BRDA:156,17,1,25
BRDA:165,18,0,27
BRDA:165,18,1,25
BRDA:173,19,0,3
BRDA:173,19,1,24
BRDA:176,20,0,27
BRDA:176,20,1,25
BRDA:176,20,2,24
BRDA:177,21,0,10
BRDA:177,21,1,17
BRDA:186,22,0,27
BRDA:186,22,1,3
BRDA:187,23,0,0
BRDA:187,23,1,3
BRDA:195,24,0,0
BRDA:195,25,0,0
BRDA:195,25,1,0
BRDA:203,26,0,3
BRDA:203,26,1,1
BRDA:210,27,0,27
BRDA:210,27,1,25
BRF:56
BRH:43
end_of_record
TN:
SF:src/components/model/model-speed-slider.tsx
FN:9,(anonymous_0)
FN:14,(anonymous_1)
FN:16,(anonymous_2)
FN:22,(anonymous_3)
FN:23,(anonymous_4)
FN:33,(anonymous_5)
FN:38,(anonymous_6)
FN:47,(anonymous_7)
FN:54,(anonymous_8)
FN:60,(anonymous_9)
FN:69,(anonymous_10)
FN:71,(anonymous_11)
FN:72,(anonymous_12)
FN:79,(anonymous_13)
FN:83,(anonymous_14)
FNF:15
FNH:14
FNDA:20,(anonymous_0)
FNDA:2,(anonymous_1)
FNDA:2,(anonymous_2)
FNDA:1,(anonymous_3)
FNDA:1,(anonymous_4)
FNDA:4,(anonymous_5)
FNDA:1,(anonymous_6)
FNDA:1,(anonymous_7)
FNDA:1,(anonymous_8)
FNDA:1,(anonymous_9)
FNDA:20,(anonymous_10)
FNDA:160,(anonymous_11)
FNDA:80,(anonymous_12)
FNDA:1,(anonymous_13)
FNDA:0,(anonymous_14)
DA:1,4
DA:2,4
DA:3,4
DA:9,4
DA:10,20
DA:11,20
DA:12,20
DA:14,20
DA:15,2
DA:16,2
DA:17,2
DA:22,20
DA:23,1
DA:24,1
DA:27,1
DA:28,1
DA:33,20
DA:34,4
DA:37,1
DA:38,1
DA:39,1
DA:42,1
DA:43,1
DA:46,1
DA:47,1
DA:48,1
DA:51,1
DA:52,1
DA:54,1
DA:55,1
DA:57,1
DA:58,1
DA:60,1
DA:61,1
DA:63,1
DA:64,1
DA:69,20
DA:70,20
DA:71,160
DA:73,80
DA:74,80
DA:75,80
DA:79,1
DA:84,0
DA:85,0
DA:86,0
DA:97,20
LF:47
LH:44
BRDA:27,0,0,1
BRDA:34,1,0,1
BRDA:34,1,1,1
BRDA:34,1,2,1
BRDA:34,1,3,1
BRDA:34,1,4,1
BRDA:34,1,5,1
BRDA:37,2,0,1
BRDA:46,3,0,1
BRDA:77,4,0,20
BRDA:77,4,1,60
BRDA:84,5,0,0
BRDA:84,6,0,0
BRDA:84,6,1,0
BRDA:111,7,0,10
BRDA:111,7,1,10
BRF:16
BRH:13
end_of_record
TN:
SF:src/components/model/name-label-input.tsx
FN:15,(anonymous_0)
FN:32,(anonymous_1)
FN:52,(anonymous_2)
FN:66,(anonymous_3)
FN:82,(anonymous_4)
FN:94,(anonymous_5)
FN:102,(anonymous_6)
FN:116,(anonymous_7)
FNF:8
FNH:8
FNDA:25,(anonymous_0)
FNDA:11,(anonymous_1)
FNDA:36,(anonymous_2)
FNDA:25,(anonymous_3)
FNDA:25,(anonymous_4)
FNDA:11,(anonymous_5)
FNDA:5,(anonymous_6)
FNDA:3,(anonymous_7)
DA:1,8
DA:2,8
DA:3,8
DA:15,8
DA:24,25
DA:25,25
DA:26,25
DA:27,25
DA:28,25
DA:29,25
DA:32,25
DA:33,11
DA:36,11
DA:37,1
DA:38,1
DA:42,10
DA:43,2
DA:44,2
DA:47,8
DA:48,8
DA:52,25
DA:53,36
DA:54,36
DA:55,36
DA:58,36
DA:59,36
DA:61,36
DA:66,25
DA:67,25
DA:68,25
DA:70,25
DA:71,25
DA:74,25
DA:75,25
DA:76,25
DA:77,25
DA:82,25
DA:83,25
DA:84,25
DA:87,25
DA:88,25
DA:89,25
DA:94,25
DA:95,11
DA:96,11
DA:97,11
DA:98,11
DA:102,25
DA:103,5
DA:104,4
DA:105,2
DA:106,2
DA:107,2
DA:109,1
DA:111,1
DA:116,25
DA:117,3
DA:118,3
DA:119,3
DA:121,3
DA:124,25
LF:61
LH:61
BRDA:22,0,0,0
BRDA:36,1,0,1
BRDA:42,2,0,2
BRDA:42,3,0,10
BRDA:42,3,1,2
BRDA:53,4,0,36
BRDA:53,5,0,36
BRDA:53,5,1,36
BRDA:67,6,0,1
BRDA:67,6,1,24
BRDA:70,7,0,25
BRDA:70,8,0,25
BRDA:70,8,1,25
BRDA:70,8,2,25
BRDA:87,9,0,25
BRDA:103,10,0,4
BRDA:103,10,1,1
BRDA:104,11,0,2
BRDA:109,12,0,1
BRDA:117,13,0,3
BRDA:126,14,0,25
BRDA:126,14,1,3
BRDA:127,15,0,3
BRDA:127,15,1,0
BRDA:133,16,0,3
BRDA:133,16,1,22
BRDA:140,17,0,3
BRDA:140,17,1,22
BRF:28
BRH:26
end_of_record
TN:
SF:src/components/model/outputs.tsx
FN:11,(anonymous_0)
FN:13,(anonymous_1)
FN:25,(anonymous_2)
FN:30,(anonymous_3)
FN:50,(anonymous_4)
FN:63,(anonymous_5)
FN:69,(anonymous_6)
FN:76,(anonymous_7)
FN:85,(anonymous_8)
FN:86,(anonymous_9)
FN:87,(anonymous_10)
FN:88,(anonymous_11)
FN:111,(anonymous_12)
FN:142,(anonymous_13)
FNF:14
FNH:11
FNDA:0,(anonymous_0)
FNDA:8,(anonymous_1)
FNDA:8,(anonymous_2)
FNDA:8,(anonymous_3)
FNDA:0,(anonymous_4)
FNDA:8,(anonymous_5)
FNDA:8,(anonymous_6)
FNDA:8,(anonymous_7)
FNDA:8,(anonymous_8)
FNDA:8,(anonymous_9)
FNDA:8,(anonymous_10)
FNDA:8,(anonymous_11)
FNDA:0,(anonymous_12)
FNDA:8,(anonymous_13)
DA:1,3
DA:3,3
DA:4,3
DA:6,3
DA:8,3
DA:9,3
DA:11,3
DA:13,3
DA:14,8
DA:15,8
DA:16,8
DA:17,8
DA:18,8
DA:19,8
DA:20,8
DA:21,8
DA:22,8
DA:25,8
DA:26,8
DA:27,8
DA:30,8
DA:31,8
DA:32,8
DA:34,8
DA:36,8
DA:37,0
DA:38,8
DA:39,0
DA:40,8
DA:41,8
DA:42,8
DA:43,0
DA:44,0
DA:45,8
DA:46,0
DA:47,0
DA:48,0
DA:49,8
DA:50,0
DA:51,0
DA:52,8
DA:53,0
DA:54,8
DA:55,0
DA:56,0
DA:57,0
DA:58,0
DA:63,8
DA:64,8
DA:69,8
DA:70,8
DA:71,8
DA:76,8
DA:78,8
DA:79,8
DA:82,0
DA:85,8
DA:86,8
DA:87,8
DA:88,8
DA:90,8
DA:92,8
DA:112,0
DA:143,8
LF:64
LH:48
BRDA:11,0,0,0
BRDA:11,0,1,0
BRDA:27,1,0,0
BRDA:27,1,1,8
BRDA:32,2,0,0
BRDA:32,2,1,8
BRDA:32,3,0,8
BRDA:32,3,1,8
BRDA:32,4,0,8
BRDA:32,4,1,0
BRDA:32,5,0,8
BRDA:32,5,1,8
BRDA:36,6,0,0
BRDA:36,6,1,8
BRDA:38,7,0,0
BRDA:38,7,1,8
BRDA:40,8,0,8
BRDA:42,9,0,0
BRDA:42,9,1,8
BRDA:45,10,0,0
BRDA:45,10,1,8
BRDA:49,11,0,0
BRDA:49,11,1,8
BRDA:52,12,0,0
BRDA:52,12,1,8
BRDA:54,13,0,0
BRDA:70,14,0,8
BRDA:78,15,0,8
BRDA:82,16,0,0
BRDA:82,16,1,0
BRDA:85,17,0,0
BRDA:85,17,1,8
BRDA:86,18,0,0
BRDA:86,18,1,8
BRDA:87,19,0,0
BRDA:87,19,1,8
BRDA:88,20,0,0
BRDA:88,20,1,8
BRDA:126,21,0,8
BRDA:126,21,1,0
BRF:40
BRH:21
end_of_record
TN:
SF:src/components/model/password-modal.tsx
FN:13,(anonymous_0)
FN:21,(anonymous_1)
FN:22,(anonymous_2)
FN:31,(anonymous_3)
FN:47,(anonymous_4)
FN:62,(anonymous_5)
FN:69,(anonymous_6)
FN:85,(anonymous_7)
FN:116,(anonymous_8)
FN:128,(anonymous_9)
FNF:10
FNH:7
FNDA:21,(anonymous_0)
FNDA:1,(anonymous_1)
FNDA:0,(anonymous_2)
FNDA:3,(anonymous_3)
FNDA:0,(anonymous_4)
FNDA:2,(anonymous_5)
FNDA:0,(anonymous_6)
FNDA:5,(anonymous_7)
FNDA:5,(anonymous_8)
FNDA:3,(anonymous_9)
DA:1,4
DA:2,4
DA:3,4
DA:4,4
DA:5,4
DA:13,4
DA:14,21
DA:15,21
DA:17,21
DA:18,21
DA:19,21
DA:21,21
DA:22,1
DA:23,0
DA:26,1
DA:27,1
DA:28,1
DA:31,21
DA:32,3
DA:33,1
DA:34,1
DA:37,2
DA:38,0
DA:39,0
DA:42,2
DA:44,2
DA:45,2
DA:47,1
DA:48,0
DA:49,0
DA:50,0
DA:54,1
DA:55,1
DA:56,1
DA:58,1
DA:62,21
DA:63,2
DA:65,2
DA:66,2
DA:67,2
DA:69,1
DA:70,0
DA:71,0
DA:75,1
DA:76,1
DA:78,1
DA:81,0
DA:85,21
DA:86,5
DA:88,5
DA:89,3
DA:90,2
DA:91,2
DA:95,21
DA:116,5
DA:128,3
LF:56
LH:47
BRDA:32,0,0,1
BRDA:37,1,0,0
BRDA:65,2,0,2
BRDA:65,2,1,0
BRDA:88,3,0,3
BRDA:88,3,1,2
BRDA:90,4,0,2
BRDA:99,5,0,14
BRDA:99,5,1,7
BRDA:121,6,0,21
BRDA:121,6,1,14
BRDA:133,7,0,21
BRDA:133,7,1,3
BRDA:138,8,0,14
BRDA:138,8,1,7
BRF:15
BRH:13
end_of_record
TN:
SF:src/components/model/percent-label-input.tsx
FN:12,(anonymous_0)
FN:17,(anonymous_1)
FN:29,(anonymous_2)
FN:40,(anonymous_3)
FN:54,(anonymous_4)
FNF:5
FNH:5
FNDA:20,(anonymous_0)
FNDA:13,(anonymous_1)
FNDA:5,(anonymous_2)
FNDA:1,(anonymous_3)
FNDA:7,(anonymous_4)
DA:1,8
DA:12,8
DA:14,20
DA:15,20
DA:17,20
DA:18,13
DA:19,13
DA:20,12
DA:21,12
DA:22,12
DA:23,12
DA:24,12
DA:25,12
DA:29,20
DA:30,5
DA:31,3
DA:32,3
DA:33,2
DA:34,1
DA:35,1
DA:36,1
DA:40,20
DA:41,1
DA:42,1
DA:45,20
DA:54,7
LF:26
LH:26
BRDA:19,0,0,12
BRDA:19,1,0,13
BRDA:19,1,1,12
BRDA:30,2,0,3
BRDA:30,2,1,2
BRDA:33,3,0,1
BRF:6
BRH:6
end_of_record
TN:
SF:src/components/model/repeat-until.tsx
FN:9,(anonymous_0)
FN:23,(anonymous_1)
FN:25,(anonymous_2)
FN:33,(anonymous_3)
FN:41,(anonymous_4)
FN:82,(anonymous_5)
FN:88,(anonymous_6)
FN:98,(anonymous_7)
FN:135,(anonymous_8)
FNF:9
FNH:7
FNDA:23,(anonymous_0)
FNDA:5,(anonymous_1)
FNDA:5,(anonymous_2)
FNDA:3,(anonymous_3)
FNDA:0,(anonymous_4)
FNDA:9,(anonymous_5)
FNDA:9,(anonymous_6)
FNDA:0,(anonymous_7)
FNDA:9,(anonymous_8)
DA:1,8
DA:2,8
DA:3,8
DA:9,8
DA:10,23
DA:11,23
DA:12,23
DA:15,23
DA:16,3
DA:23,20
DA:24,5
DA:25,5
DA:26,5
DA:33,20
DA:34,3
DA:41,20
DA:43,0
DA:44,0
DA:45,0
DA:49,20
DA:82,8
DA:84,9
DA:85,9
DA:88,9
DA:90,9
DA:93,9
DA:94,9
DA:98,9
DA:100,0
DA:101,0
DA:102,0
DA:106,0
DA:108,0
DA:113,0
DA:115,0
DA:116,0
DA:119,0
DA:120,0
DA:121,0
DA:124,0
DA:125,0
DA:126,0
DA:132,9
DA:135,9
DA:136,9
DA:137,9
DA:141,9
LF:47
LH:30
BRDA:15,0,0,3
BRDA:43,1,0,0
BRDA:43,2,0,0
BRDA:43,2,1,0
BRDA:55,3,0,20
BRDA:55,3,1,14
BRDA:74,4,0,20
BRDA:74,4,1,2
BRDA:93,5,0,9
BRDA:100,6,0,0
BRDA:106,7,0,0
BRDA:108,8,0,0
BRDA:108,8,1,0
BRDA:108,9,0,0
BRDA:108,9,1,0
BRDA:108,10,0,0
BRDA:108,10,1,0
BRDA:113,11,0,0
BRDA:119,12,0,0
BRDA:119,12,1,0
BRDA:119,13,0,0
BRDA:119,13,1,0
BRDA:124,14,0,0
BRDA:124,15,0,0
BRDA:124,15,1,0
BRDA:137,16,0,0
BRDA:137,16,1,9
BRDA:137,17,0,9
BRDA:137,17,1,9
BRF:29
BRH:9
end_of_record
TN:
SF:src/components/model/variable-setting-modal.tsx
FN:13,(anonymous_0)
FN:21,(anonymous_1)
FN:24,(anonymous_2)
FN:28,(anonymous_3)
FN:31,(anonymous_4)
FN:62,(anonymous_5)
FNF:6
FNH:6
FNDA:12,(anonymous_0)
FNDA:1,(anonymous_1)
FNDA:2,(anonymous_2)
FNDA:4,(anonymous_3)
FNDA:2,(anonymous_4)
FNDA:4,(anonymous_5)
DA:1,8
DA:3,8
DA:13,8
DA:20,12
DA:21,12
DA:22,1
DA:24,12
DA:25,2
DA:26,2
DA:28,12
DA:29,4
DA:31,12
DA:32,2
DA:33,1
DA:37,12
DA:62,4
LF:16
LH:16
BRDA:32,0,0,1
BRDA:39,1,0,12
BRDA:39,1,1,12
BRDA:42,2,0,12
BRDA:42,2,1,10
BRF:5
BRH:5
end_of_record
TN:
SF:src/components/model/visibility-toggle.tsx
FN:5,(anonymous_0)
FN:23,(anonymous_1)
FN:47,(anonymous_2)
FN:52,(anonymous_3)
FNF:4
FNH:4
FNDA:29,(anonymous_0)
FNDA:4,(anonymous_1)
FNDA:33,(anonymous_2)
FNDA:2,(anonymous_3)
DA:1,5
DA:2,5
DA:5,5
DA:6,29
DA:23,5
DA:24,4
DA:47,5
DA:52,33
DA:53,2
DA:54,2
DA:55,2
DA:59,33
DA:78,5
DA:79,5
LF:14
LH:14
BRDA:53,0,0,2
BRDA:53,1,0,2
BRDA:53,1,1,1
BRDA:61,2,0,4
BRDA:61,2,1,29
BRDA:68,3,0,4
BRDA:68,3,1,29
BRDA:71,4,0,4
BRDA:71,4,1,29
BRF:9
BRH:9
end_of_record
TN:
SF:src/components/model/device-views/collector.tsx
FN:18,(anonymous_0)
FN:27,(anonymous_1)
FN:35,(anonymous_2)
FN:50,(anonymous_3)
FN:55,(anonymous_4)
FN:56,(anonymous_5)
FN:57,(anonymous_6)
FN:61,(anonymous_7)
FN:68,(anonymous_8)
FN:77,(anonymous_9)
FN:80,(anonymous_10)
FN:81,(anonymous_11)
FN:82,(anonymous_12)
FN:86,(anonymous_13)
FN:100,(anonymous_14)
FN:112,(anonymous_15)
FN:132,(anonymous_16)
FN:151,(anonymous_17)
FN:161,(anonymous_18)
FN:171,(anonymous_19)
FN:172,(anonymous_20)
FN:173,(anonymous_21)
FN:177,(anonymous_22)
FN:191,(anonymous_23)
FN:195,(anonymous_24)
FN:210,(anonymous_25)
FN:215,(anonymous_26)
FN:216,(anonymous_27)
FN:217,(anonymous_28)
FN:221,(anonymous_29)
FN:228,(anonymous_30)
FN:237,(anonymous_31)
FN:240,(anonymous_32)
FN:241,(anonymous_33)
FN:242,(anonymous_34)
FN:246,(anonymous_35)
FN:293,(anonymous_36)
FN:295,(anonymous_37)
FNF:38
FNH:15
FNDA:22,(anonymous_0)
FNDA:20,(anonymous_1)
FNDA:1,(anonymous_2)
FNDA:3,(anonymous_3)
FNDA:0,(anonymous_4)
FNDA:0,(anonymous_5)
FNDA:0,(anonymous_6)
FNDA:0,(anonymous_7)
FNDA:0,(anonymous_8)
FNDA:3,(anonymous_9)
FNDA:0,(anonymous_10)
FNDA:0,(anonymous_11)
FNDA:0,(anonymous_12)
FNDA:0,(anonymous_13)
FNDA:7,(anonymous_14)
FNDA:9,(anonymous_15)
FNDA:0,(anonymous_16)
FNDA:7,(anonymous_17)
FNDA:2,(anonymous_18)
FNDA:0,(anonymous_19)
FNDA:0,(anonymous_20)
FNDA:0,(anonymous_21)
FNDA:0,(anonymous_22)
FNDA:1,(anonymous_23)
FNDA:1,(anonymous_24)
FNDA:3,(anonymous_25)
FNDA:0,(anonymous_26)
FNDA:0,(anonymous_27)
FNDA:0,(anonymous_28)
FNDA:0,(anonymous_29)
FNDA:0,(anonymous_30)
FNDA:3,(anonymous_31)
FNDA:0,(anonymous_32)
FNDA:0,(anonymous_33)
FNDA:0,(anonymous_34)
FNDA:0,(anonymous_35)
FNDA:1,(anonymous_36)
FNDA:11,(anonymous_37)
DA:1,8
DA:2,8
DA:4,8
DA:5,8
DA:6,8
DA:18,8
DA:19,22
DA:20,22
DA:21,22
DA:22,22
DA:23,22
DA:24,22
DA:27,22
DA:28,20
DA:29,13
DA:32,7
DA:35,7
DA:36,1
DA:38,1
DA:39,1
DA:41,1
DA:42,0
DA:43,0
DA:46,1
DA:49,1
DA:50,1
DA:51,3
DA:55,1
DA:56,0
DA:57,0
DA:60,0
DA:61,0
DA:62,0
DA:63,0
DA:68,0
DA:69,0
DA:70,0
DA:75,1
DA:76,1
DA:77,3
DA:80,1
DA:81,0
DA:82,0
DA:85,0
DA:86,0
DA:87,0
DA:88,0
DA:96,1
DA:100,7
DA:101,7
DA:103,7
DA:104,7
DA:106,7
DA:107,0
DA:108,0
DA:112,7
DA:114,9
DA:115,0
DA:119,9
DA:123,7
DA:124,7
DA:127,7
DA:128,1
DA:129,1
DA:132,1
DA:133,0
DA:137,1
DA:143,7
DA:147,7
DA:151,22
DA:152,7
DA:154,7
DA:156,1
DA:157,1
DA:158,1
DA:161,1
DA:162,2
DA:163,0
DA:165,2
DA:168,1
DA:171,1
DA:172,0
DA:173,0
DA:176,0
DA:177,0
DA:178,0
DA:179,0
DA:186,6
DA:191,22
DA:192,1
DA:195,1
DA:196,1
DA:198,1
DA:199,1
DA:201,1
DA:202,0
DA:203,0
DA:206,1
DA:209,1
DA:210,1
DA:211,3
DA:215,1
DA:216,0
DA:217,0
DA:220,0
DA:221,0
DA:222,0
DA:223,0
DA:228,0
DA:229,0
DA:230,0
DA:235,1
DA:236,1
DA:237,3
DA:240,1
DA:241,0
DA:242,0
DA:245,0
DA:246,0
DA:247,0
DA:248,0
DA:256,1
DA:260,1
DA:264,22
DA:265,8
DA:275,14
DA:276,8
DA:286,6
DA:293,1
DA:296,11
DA:298,11
DA:299,11
DA:300,11
DA:302,11
LF:134
LH:89
BRDA:28,0,0,13
BRDA:41,1,0,0
BRDA:41,2,0,1
BRDA:41,2,1,1
BRDA:41,2,2,1
BRDA:60,3,0,0
BRDA:62,4,0,0
BRDA:69,5,0,0
BRDA:75,6,0,1
BRDA:75,7,0,1
BRDA:75,7,1,1
BRDA:85,8,0,0
BRDA:87,9,0,0
BRDA:106,10,0,0
BRDA:106,11,0,7
BRDA:106,11,1,7
BRDA:106,11,2,7
BRDA:114,12,0,0
BRDA:123,13,0,7
BRDA:123,14,0,7
BRDA:123,14,1,2
BRDA:127,15,0,1
BRDA:154,16,0,1
BRDA:154,16,1,6
BRDA:154,17,0,7
BRDA:154,17,1,7
BRDA:157,18,0,1
BRDA:157,19,0,1
BRDA:157,19,1,1
BRDA:162,20,0,0
BRDA:162,21,0,2
BRDA:162,21,1,2
BRDA:165,22,0,2
BRDA:165,22,1,0
BRDA:176,23,0,0
BRDA:178,24,0,0
BRDA:201,25,0,0
BRDA:201,26,0,1
BRDA:201,26,1,1
BRDA:201,26,2,1
BRDA:220,27,0,0
BRDA:222,28,0,0
BRDA:229,29,0,0
BRDA:235,30,0,1
BRDA:235,31,0,1
BRDA:235,31,1,1
BRDA:245,32,0,0
BRDA:247,33,0,0
BRDA:264,34,0,8
BRDA:275,35,0,8
BRDA:275,36,0,14
BRDA:275,36,1,14
BRDA:275,36,2,14
BRDA:292,37,0,6
BRDA:292,37,1,4
BRDA:296,38,0,0
BRDA:296,39,0,11
BRDA:296,39,1,11
BRDA:298,40,0,11
BRDA:298,40,1,0
BRDA:300,41,0,11
BRDA:300,41,1,0
BRF:62
BRH:41
end_of_record
TN:
SF:src/components/model/device-views/mixer.tsx
FN:13,(anonymous_0)
FNF:1
FNH:1
FNDA:57,(anonymous_0)
DA:1,8
DA:2,8
DA:3,8
DA:13,8
DA:14,57
DA:15,57
LF:6
LH:6
BRF:0
BRH:0
end_of_record
TN:
SF:src/components/model/device-views/shared/ball.tsx
FN:21,(anonymous_0)
FN:25,(anonymous_1)
FN:35,(anonymous_2)
FN:40,(anonymous_3)
FNF:4
FNH:4
FNDA:8,(anonymous_0)
FNDA:8,(anonymous_1)
FNDA:4,(anonymous_2)
FNDA:2,(anonymous_3)
DA:1,9
DA:2,9
DA:3,9
DA:21,9
DA:23,8
DA:25,8
DA:26,8
DA:28,8
DA:32,8
DA:35,8
DA:36,4
DA:37,2
DA:40,8
DA:41,2
DA:42,1
DA:45,8
LF:16
LH:16
BRDA:36,0,0,2
BRDA:41,1,0,1
BRDA:57,2,0,1
BRDA:57,2,1,7
BRF:4
BRH:4
end_of_record
TN:
SF:src/components/model/device-views/shared/balls.tsx
FN:18,(anonymous_0)
FN:40,(anonymous_1)
FN:63,(anonymous_2)
FN:64,(anonymous_3)
FN:125,(anonymous_4)
FN:126,(anonymous_5)
FN:141,(anonymous_6)
FN:143,(anonymous_7)
FN:149,(anonymous_8)
FN:167,(anonymous_9)
FN:171,(anonymous_10)
FN:194,(anonymous_11)
FN:227,(anonymous_12)
FN:232,(anonymous_13)
FN:241,(anonymous_14)
FN:251,(anonymous_15)
FNF:16
FNH:8
FNDA:5,(anonymous_0)
FNDA:0,(anonymous_1)
FNDA:0,(anonymous_2)
FNDA:0,(anonymous_3)
FNDA:0,(anonymous_4)
FNDA:0,(anonymous_5)
FNDA:0,(anonymous_6)
FNDA:0,(anonymous_7)
FNDA:62,(anonymous_8)
FNDA:5,(anonymous_9)
FNDA:5,(anonymous_10)
FNDA:0,(anonymous_11)
FNDA:30,(anonymous_12)
FNDA:187,(anonymous_13)
FNDA:172,(anonymous_14)
FNDA:15,(anonymous_15)
DA:1,8
DA:2,8
DA:3,8
DA:4,8
DA:15,8
DA:16,8
DA:18,8
DA:19,5
DA:20,5
DA:21,5
DA:22,5
DA:23,5
DA:24,5
DA:26,5
DA:27,15
DA:28,15
DA:29,15
DA:30,15
DA:31,15
DA:32,15
DA:33,15
DA:34,15
DA:35,15
DA:37,5
DA:40,8
DA:41,0
DA:42,0
DA:43,0
DA:44,0
DA:46,0
DA:47,0
DA:48,0
DA:49,0
DA:51,0
DA:52,0
DA:53,0
DA:55,0
DA:56,0
DA:57,0
DA:60,0
DA:63,8
DA:64,0
DA:66,0
DA:67,0
DA:70,0
DA:71,0
DA:72,0
DA:75,0
DA:76,0
DA:85,0
DA:98,0
DA:99,0
DA:100,0
DA:102,0
DA:104,0
DA:105,0
DA:106,0
DA:107,0
DA:108,0
DA:110,0
DA:111,0
DA:113,0
DA:116,0
DA:117,0
DA:121,0
DA:125,8
DA:126,0
DA:127,0
DA:128,0
DA:129,0
DA:130,0
DA:131,0
DA:132,0
DA:133,0
DA:134,0
DA:135,0
DA:136,0
DA:137,0
DA:141,8
DA:142,0
DA:143,0
DA:144,0
DA:145,0
DA:149,8
DA:150,62
DA:151,62
DA:152,62
DA:155,62
DA:156,62
DA:157,62
DA:158,62
DA:159,62
DA:160,62
DA:163,62
DA:164,62
DA:165,62
DA:167,62
DA:168,5
DA:169,5
DA:171,5
DA:172,5
DA:173,5
DA:176,5
DA:177,5
DA:178,5
DA:179,5
DA:180,5
DA:181,0
DA:182,0
DA:183,0
DA:184,0
DA:185,0
DA:186,0
DA:188,0
DA:189,0
DA:192,0
DA:193,0
DA:194,0
DA:196,0
DA:197,0
DA:199,0
DA:207,0
DA:209,0
DA:217,0
DA:219,0
DA:222,0
DA:227,62
DA:228,30
DA:232,62
DA:233,187
DA:234,0
DA:235,0
DA:237,187
DA:241,62
DA:242,172
DA:243,172
DA:246,62
DA:247,62
DA:249,62
DA:252,15
DA:254,15
DA:255,15
DA:256,0
DA:259,15
DA:260,15
LF:145
LH:68
BRDA:29,0,0,15
BRDA:29,0,1,0
BRDA:51,1,0,0
BRDA:51,2,0,0
BRDA:51,2,1,0
BRDA:55,3,0,0
BRDA:55,4,0,0
BRDA:55,4,1,0
BRDA:70,5,0,0
BRDA:70,6,0,0
BRDA:70,6,1,0
BRDA:75,7,0,0
BRDA:75,7,1,0
BRDA:98,8,0,0
BRDA:98,8,1,0
BRDA:98,9,0,0
BRDA:98,9,1,0
BRDA:116,10,0,0
BRDA:144,11,0,0
BRDA:144,11,1,0
BRDA:145,12,0,0
BRDA:145,12,1,0
BRDA:165,13,0,62
BRDA:165,13,1,0
BRDA:169,14,0,0
BRDA:169,15,0,0
BRDA:169,15,1,5
BRDA:169,16,0,5
BRDA:169,16,1,5
BRDA:176,17,0,5
BRDA:176,17,1,0
BRDA:176,18,0,5
BRDA:176,18,1,0
BRDA:176,18,2,0
BRDA:181,19,0,0
BRDA:181,19,1,0
BRDA:181,20,0,0
BRDA:181,20,1,0
BRDA:183,21,0,0
BRDA:183,21,1,0
BRDA:183,22,0,0
BRDA:183,22,1,0
BRDA:186,23,0,0
BRDA:186,24,0,0
BRDA:186,24,1,0
BRDA:188,25,0,0
BRDA:192,26,0,0
BRDA:192,26,1,0
BRDA:193,27,0,0
BRDA:197,28,0,0
BRDA:197,28,1,0
BRDA:207,29,0,0
BRDA:207,29,1,0
BRDA:217,30,0,0
BRDA:217,30,1,0
BRDA:233,31,0,0
BRDA:233,31,1,187
BRDA:255,32,0,0
BRDA:265,33,0,0
BRDA:265,33,1,15
BRF:60
BRH:9
end_of_record
TN:
SF:src/components/model/device-views/shared/constants.ts
FNF:0
FNH:0
DA:1,11
DA:2,11
DA:3,11
DA:4,11
DA:5,11
DA:6,11
DA:7,11
DA:8,11
DA:9,11
DA:10,11
DA:11,11
DA:12,11
DA:13,11
DA:14,11
DA:15,11
DA:16,11
LF:16
LH:16
BRF:0
BRH:0
end_of_record
TN:
SF:src/components/model/device-views/shared/helpers.tsx
FN:3,(anonymous_0)
FN:11,(anonymous_1)
FN:16,(anonymous_2)
FN:35,(anonymous_3)
FNF:4
FNH:3
FNDA:8,(anonymous_0)
FNDA:16,(anonymous_1)
FNDA:0,(anonymous_2)
FNDA:126,(anonymous_3)
DA:1,10
DA:3,10
DA:4,8
DA:5,8
DA:6,8
DA:7,8
DA:8,8
DA:11,10
DA:12,16
DA:13,16
DA:16,10
DA:18,0
DA:19,0
DA:22,0
DA:25,0
DA:26,0
DA:30,0
DA:32,0
DA:35,10
DA:36,126
DA:37,126
DA:38,126
DA:39,126
LF:23
LH:16
BRDA:7,0,0,0
BRDA:7,0,1,8
BRDA:25,1,0,0
BRDA:35,2,0,82
BRF:4
BRH:2
end_of_record
TN:
SF:src/components/model/device-views/shared/mixer-frame.tsx
FN:5,(anonymous_0)
FNF:1
FNH:1
FNDA:52,(anonymous_0)
DA:1,7
DA:2,7
DA:3,7
DA:5,7
DA:6,52
DA:7,52
DA:8,52
DA:9,52
DA:10,52
DA:11,52
DA:12,52
DA:13,52
DA:14,52
DA:16,52
LF:14
LH:14
BRF:0
BRH:0
end_of_record
TN:
SF:src/components/model/device-views/spinner/animation-helpers.ts
FN:15,(anonymous_0)
FN:58,(anonymous_1)
FN:93,(anonymous_2)
FN:118,(anonymous_3)
FN:138,(anonymous_4)
FNF:5
FNH:5
FNDA:28,(anonymous_0)
FNDA:45,(anonymous_1)
FNDA:8,(anonymous_2)
FNDA:22,(anonymous_3)
FNDA:7,(anonymous_4)
DA:15,11
DA:21,28
DA:24,28
DA:27,28
DA:28,28
DA:31,28
DA:34,28
DA:35,1
DA:39,28
DA:43,28
DA:45,28
DA:58,11
DA:66,45
DA:74,45
DA:75,45
DA:76,45
DA:79,45
DA:80,45
DA:82,45
DA:93,11
DA:97,8
DA:99,3
DA:103,5
DA:104,5
DA:107,5
DA:108,5
DA:118,11
DA:121,22
DA:122,22
DA:125,22
DA:128,22
DA:138,11
DA:141,7
DA:142,7
LF:34
LH:34
BRDA:34,0,0,1
BRDA:97,1,0,3
BRF:2
BRH:2
end_of_record
TN:
SF:src/components/model/device-views/spinner/needle.tsx
FN:24,(anonymous_0)
FNF:1
FNH:1
FNDA:44,(anonymous_0)
DA:1,9
DA:2,9
DA:3,9
DA:5,9
DA:8,9
DA:9,9
DA:10,9
DA:13,9
DA:14,9
DA:15,9
DA:16,9
DA:17,9
DA:24,9
DA:26,44
DA:33,44
DA:35,44
DA:36,0
DA:39,44
LF:18
LH:17
BRDA:35,0,0,0
BRF:1
BRH:0
end_of_record
TN:
SF:src/components/model/device-views/spinner/separator-lines.tsx
FN:15,(anonymous_0)
FN:21,(anonymous_1)
FN:22,(anonymous_2)
FN:24,(anonymous_3)
FN:26,(anonymous_4)
FN:30,(anonymous_5)
FN:40,(anonymous_6)
FN:47,(anonymous_7)
FN:48,(anonymous_8)
FNF:9
FNH:6
FNDA:58,(anonymous_0)
FNDA:29,(anonymous_1)
FNDA:29,(anonymous_2)
FNDA:48,(anonymous_3)
FNDA:29,(anonymous_4)
FNDA:29,(anonymous_5)
FNDA:0,(anonymous_6)
FNDA:0,(anonymous_7)
FNDA:0,(anonymous_8)
DA:1,8
DA:2,8
DA:3,8
DA:4,8
DA:15,8
DA:16,58
DA:17,58
DA:18,58
DA:19,58
DA:21,58
DA:22,58
DA:24,58
DA:26,58
DA:27,29
DA:30,58
DA:31,29
DA:32,0
DA:33,29
DA:34,17
DA:36,12
DA:40,58
DA:41,0
DA:42,0
DA:43,0
DA:47,58
DA:48,58
DA:50,58
LF:27
LH:23
BRDA:24,0,0,48
BRDA:24,0,1,43
BRDA:24,0,2,34
BRDA:31,1,0,0
BRDA:31,1,1,29
BRDA:33,2,0,17
BRDA:33,2,1,12
BRDA:41,3,0,0
BRDA:42,4,0,0
BRDA:42,4,1,0
BRDA:42,5,0,0
BRDA:42,5,1,0
BRDA:43,6,0,0
BRDA:43,6,1,0
BRDA:43,7,0,0
BRDA:43,7,1,0
BRDA:52,8,0,58
BRDA:52,8,1,0
BRDA:53,9,0,58
BRDA:53,9,1,34
BRDA:66,10,0,0
BRDA:66,10,1,58
BRF:22
BRH:10
end_of_record
TN:
SF:src/components/model/device-views/spinner/spinner.tsx
FN:24,(anonymous_0)
FN:36,(anonymous_1)
FN:37,(anonymous_2)
FN:40,(anonymous_3)
FN:40,(anonymous_4)
FN:41,(anonymous_5)
FN:60,(anonymous_6)
FN:69,(anonymous_7)
FN:75,(anonymous_8)
FN:81,(anonymous_9)
FN:125,(anonymous_10)
FN:126,(anonymous_11)
FN:160,(anonymous_12)
FN:161,(anonymous_13)
FN:172,(anonymous_14)
FNF:15
FNH:12
FNDA:20,(anonymous_0)
FNDA:10,(anonymous_1)
FNDA:10,(anonymous_2)
FNDA:10,(anonymous_3)
FNDA:29,(anonymous_4)
FNDA:87,(anonymous_5)
FNDA:10,(anonymous_6)
FNDA:10,(anonymous_7)
FNDA:0,(anonymous_8)
FNDA:0,(anonymous_9)
FNDA:58,(anonymous_10)
FNDA:116,(anonymous_11)
FNDA:58,(anonymous_12)
FNDA:116,(anonymous_13)
FNDA:0,(anonymous_14)
DA:1,8
DA:2,8
DA:3,8
DA:4,8
DA:5,8
DA:6,8
DA:7,8
DA:8,8
DA:10,8
DA:24,8
DA:26,20
DA:27,20
DA:28,20
DA:32,20
DA:33,20
DA:36,20
DA:37,20
DA:40,20
DA:41,29
DA:42,87
DA:43,87
DA:45,29
DA:46,29
DA:47,28
DA:49,29
DA:50,29
DA:51,29
DA:55,20
DA:60,20
DA:61,10
DA:62,5
DA:64,5
DA:69,20
DA:70,10
DA:71,10
DA:75,20
DA:76,0
DA:77,0
DA:78,0
DA:81,20
DA:83,0
DA:84,0
DA:86,0
DA:92,0
DA:95,20
DA:126,116
DA:127,58
DA:128,58
DA:161,116
DA:162,58
DA:163,58
DA:164,58
DA:172,0
LF:53
LH:45
BRDA:37,0,0,0
BRDA:37,0,1,10
BRDA:37,1,0,0
BRDA:37,1,1,10
BRDA:42,2,0,87
BRDA:42,2,1,85
BRDA:61,3,0,5
BRDA:61,3,1,5
BRDA:70,4,0,10
BRDA:76,5,0,0
BRDA:96,6,0,0
BRDA:96,6,1,20
BRDA:144,7,0,58
BRDA:144,7,1,58
BRDA:159,8,0,20
BRDA:159,8,1,0
BRDA:171,9,0,20
BRDA:171,9,1,38
BRDA:172,10,0,20
BRDA:172,10,1,38
BRF:20
BRH:15
end_of_record
TN:
SF:src/components/model/device-views/spinner/text-backer.tsx
FN:11,(anonymous_0)
FN:11,(anonymous_1)
FN:12,(anonymous_2)
FN:25,(anonymous_3)
FNF:4
FNH:4
FNDA:4,(anonymous_0)
FNDA:3,(anonymous_1)
FNDA:3,(anonymous_2)
FNDA:5,(anonymous_3)
DA:1,8
DA:2,8
DA:11,8
DA:12,3
DA:13,3
DA:14,3
DA:15,2
DA:16,2
DA:17,1
DA:19,1
DA:21,1
DA:25,8
DA:26,5
DA:28,5
DA:29,1
DA:31,4
DA:33,4
LF:17
LH:17
BRDA:13,0,0,1
BRDA:13,0,1,2
BRDA:13,1,0,3
BRDA:13,1,1,2
BRDA:14,2,0,2
BRDA:16,3,0,1
BRDA:16,4,0,2
BRDA:16,4,1,1
BRDA:16,4,2,1
BRDA:16,4,3,1
BRDA:16,4,4,1
BRDA:28,5,0,1
BRDA:40,6,0,1
BRDA:40,6,1,3
BRDA:40,7,0,1
BRDA:40,7,1,2
BRF:16
BRH:16
end_of_record
TN:
SF:src/components/model/device-views/spinner/wedge.tsx
FN:38,(anonymous_0)
FN:45,(anonymous_1)
FN:55,(anonymous_2)
FN:87,(anonymous_3)
FN:130,(anonymous_4)
FN:136,(anonymous_5)
FN:246,(anonymous_6)
FNF:7
FNH:5
FNDA:12,(anonymous_0)
FNDA:12,(anonymous_1)
FNDA:24,(anonymous_2)
FNDA:12,(anonymous_3)
FNDA:1,(anonymous_4)
FNDA:0,(anonymous_5)
FNDA:0,(anonymous_6)
DA:1,8
DA:2,8
DA:3,8
DA:4,8
DA:5,8
DA:7,8
DA:34,8
DA:35,8
DA:36,8
DA:38,8
DA:39,12
DA:40,12
DA:41,12
DA:42,12
DA:45,8
DA:46,12
DA:47,12
DA:48,12
DA:49,12
DA:50,12
DA:51,12
DA:52,12
DA:55,8
DA:78,24
DA:79,24
DA:80,24
DA:81,24
DA:82,24
DA:83,24
DA:84,24
DA:85,24
DA:87,24
DA:88,12
DA:89,12
DA:90,12
DA:91,12
DA:92,12
DA:93,12
DA:94,12
DA:95,12
DA:96,12
DA:99,12
DA:107,12
DA:108,3
DA:110,9
DA:113,12
DA:114,12
DA:115,12
DA:116,12
DA:117,12
DA:118,12
DA:119,12
DA:121,12
DA:123,12
DA:127,12
DA:130,24
DA:131,1
DA:132,1
DA:133,1
DA:136,24
DA:137,0
DA:138,0
DA:142,24
DA:143,24
DA:144,24
DA:147,24
DA:148,24
DA:149,0
DA:151,0
DA:152,0
DA:154,0
DA:155,0
DA:159,24
DA:160,24
DA:161,24
DA:168,24
DA:246,0
LF:77
LH:69
BRDA:69,0,0,8
BRDA:70,1,0,8
BRDA:71,2,0,8
BRDA:80,3,0,0
BRDA:80,3,1,24
BRDA:91,4,0,1
BRDA:91,4,1,11
BRDA:107,5,0,3
BRDA:107,5,1,9
BRDA:118,6,0,0
BRDA:118,6,1,12
BRDA:131,7,0,0
BRDA:137,8,0,0
BRDA:142,9,0,0
BRDA:142,9,1,24
BRDA:143,10,0,0
BRDA:143,10,1,24
BRDA:143,11,0,24
BRDA:143,11,1,0
BRDA:144,12,0,0
BRDA:144,12,1,24
BRDA:144,13,0,24
BRDA:144,13,1,0
BRDA:148,14,0,0
BRDA:149,15,0,0
BRDA:149,15,1,0
BRDA:152,16,0,0
BRDA:175,17,0,0
BRDA:175,17,1,24
BRDA:175,18,0,24
BRDA:175,18,1,0
BRDA:175,19,0,0
BRDA:175,19,1,24
BRDA:175,20,0,24
BRDA:175,20,1,0
BRDA:178,21,0,2
BRDA:178,21,1,22
BRDA:178,22,0,0
BRDA:178,22,1,22
BRDA:182,23,0,0
BRDA:182,23,1,24
BRDA:182,24,0,24
BRDA:182,24,1,0
BRDA:183,25,0,0
BRDA:183,25,1,24
BRDA:183,26,0,24
BRDA:183,26,1,0
BRDA:184,27,0,0
BRDA:184,27,1,24
BRDA:185,28,0,0
BRDA:185,28,1,24
BRDA:186,29,0,0
BRDA:186,29,1,24
BRDA:186,30,0,24
BRDA:186,30,1,0
BRDA:187,31,0,0
BRDA:187,31,1,24
BRDA:187,32,0,24
BRDA:187,32,1,0
BRDA:202,33,0,0
BRDA:202,33,1,24
BRDA:204,34,0,0
BRDA:204,34,1,24
BRDA:208,35,0,0
BRDA:208,35,1,24
BRDA:208,36,0,24
BRDA:208,36,1,0
BRDA:214,37,0,24
BRDA:214,37,1,24
BRDA:214,37,2,2
BRDA:222,38,0,0
BRDA:222,38,1,2
BRDA:222,39,0,2
BRDA:222,39,1,0
BRDA:233,40,0,0
BRDA:233,40,1,2
BRDA:233,41,0,2
BRDA:233,41,1,0
BRDA:240,42,0,2
BRDA:240,42,1,0
BRDA:240,42,2,0
BRDA:244,43,0,0
BRDA:244,43,1,0
BRF:83
BRH:43
end_of_record
TN:
SF:src/components/settings/settings-menu.tsx
FN:5,(anonymous_0)
FN:11,(anonymous_1)
FN:15,(anonymous_2)
FN:17,(anonymous_3)
FN:23,(anonymous_4)
FN:24,(anonymous_5)
FN:31,(anonymous_6)
FN:37,(anonymous_7)
FNF:8
FNH:8
FNDA:36,(anonymous_0)
FNDA:4,(anonymous_1)
FNDA:1,(anonymous_2)
FNDA:1,(anonymous_3)
FNDA:15,(anonymous_4)
FNDA:1,(anonymous_5)
FNDA:15,(anonymous_6)
FNDA:2,(anonymous_7)
DA:1,4
DA:2,4
DA:3,4
DA:5,4
DA:6,36
DA:7,36
DA:8,36
DA:9,36
DA:11,36
DA:12,4
DA:15,36
DA:16,1
DA:17,1
DA:18,1
DA:23,36
DA:24,15
DA:25,1
DA:26,1
DA:30,15
DA:31,15
DA:32,15
DA:37,36
DA:38,2
DA:39,1
DA:40,1
DA:41,1
DA:42,1
DA:46,36
LF:28
LH:28
BRDA:25,0,0,1
BRDA:25,1,0,1
BRDA:25,1,1,1
BRDA:38,2,0,1
BRDA:38,2,1,1
BRDA:40,3,0,1
BRDA:40,4,0,1
BRDA:40,4,1,0
BRDA:73,5,0,36
BRDA:73,5,1,4
BRF:10
BRH:9
end_of_record
TN:
SF:src/helpers/codap-helpers.tsx
FN:18,(anonymous_0)
FN:37,(anonymous_1)
FN:45,(anonymous_2)
FN:53,(anonymous_3)
FN:55,(anonymous_4)
FN:57,(anonymous_5)
FN:62,(anonymous_6)
FN:63,(anonymous_7)
FN:65,(anonymous_8)
FN:67,(anonymous_9)
FN:78,(anonymous_10)
FN:94,(anonymous_11)
FN:98,(anonymous_12)
FN:101,(anonymous_13)
FN:107,(anonymous_14)
FN:108,(anonymous_15)
FN:110,(anonymous_16)
FN:120,(anonymous_17)
FN:130,(anonymous_18)
FN:161,(anonymous_19)
FN:168,(anonymous_20)
FN:174,(anonymous_21)
FN:179,(anonymous_22)
FN:192,(anonymous_23)
FN:193,(anonymous_24)
FN:200,(anonymous_25)
FN:230,(anonymous_26)
FN:242,(anonymous_27)
FN:248,(anonymous_28)
FN:254,(anonymous_29)
FN:274,(anonymous_30)
FN:338,(anonymous_31)
FN:511,(anonymous_32)
FN:663,(anonymous_33)
FNF:34
FNH:30
FNDA:2,(anonymous_0)
FNDA:20,(anonymous_1)
FNDA:8,(anonymous_2)
FNDA:153,(anonymous_3)
FNDA:8,(anonymous_4)
FNDA:48,(anonymous_5)
FNDA:8,(anonymous_6)
FNDA:48,(anonymous_7)
FNDA:153,(anonymous_8)
FNDA:0,(anonymous_9)
FNDA:4,(anonymous_10)
FNDA:4,(anonymous_11)
FNDA:4,(anonymous_12)
FNDA:12,(anonymous_13)
FNDA:5,(anonymous_14)
FNDA:5,(anonymous_15)
FNDA:0,(anonymous_16)
FNDA:0,(anonymous_17)
FNDA:8,(anonymous_18)
FNDA:1,(anonymous_19)
FNDA:4,(anonymous_20)
FNDA:4,(anonymous_21)
FNDA:4,(anonymous_22)
FNDA:5,(anonymous_23)
FNDA:5,(anonymous_24)
FNDA:7,(anonymous_25)
FNDA:4,(anonymous_26)
FNDA:4,(anonymous_27)
FNDA:2,(anonymous_28)
FNDA:2,(anonymous_29)
FNDA:6,(anonymous_30)
FNDA:0,(anonymous_31)
FNDA:5,(anonymous_32)
FNDA:2,(anonymous_33)
DA:1,15
DA:15,15
DA:18,15
DA:19,2
DA:30,2
DA:31,2
DA:32,1
DA:34,1
DA:37,15
DA:38,20
DA:45,15
DA:46,8
DA:53,153
DA:55,8
DA:57,48
DA:62,8
DA:63,8
DA:64,48
DA:65,153
DA:66,46
DA:67,39
DA:68,0
DA:78,15
DA:79,4
DA:94,15
DA:95,4
DA:96,4
DA:97,3
DA:98,4
DA:101,15
DA:102,12
DA:103,12
DA:104,12
DA:106,5
DA:107,5
DA:108,5
DA:109,5
DA:110,0
DA:111,0
DA:114,5
DA:115,5
DA:117,7
DA:118,7
DA:119,7
DA:120,6
DA:121,0
DA:123,6
DA:129,6
DA:130,8
DA:131,6
DA:132,6
DA:134,5
DA:135,5
DA:137,4
DA:138,4
DA:139,4
DA:140,4
DA:141,3
DA:142,3
DA:144,1
DA:147,0
DA:150,1
DA:153,1
DA:156,1
DA:161,15
DA:162,1
DA:168,15
DA:169,4
DA:171,4
DA:175,4
DA:176,4
DA:179,4
DA:181,4
DA:182,1
DA:191,3
DA:192,5
DA:193,5
DA:194,2
DA:195,2
DA:196,0
DA:198,2
DA:199,3
DA:200,7
DA:201,3
DA:202,1
DA:203,1
DA:204,2
DA:205,1
DA:209,2
DA:218,1
DA:219,1
DA:230,15
DA:231,4
DA:232,4
DA:234,4
DA:235,4
DA:236,1
DA:240,3
DA:242,4
DA:244,2
DA:246,1
DA:248,1
DA:249,2
DA:251,1
DA:254,1
DA:255,2
DA:257,1
DA:261,3
DA:274,15
DA:280,6
DA:281,6
DA:283,6
DA:285,6
DA:286,6
DA:287,6
DA:291,6
DA:292,6
DA:293,6
DA:295,6
DA:296,1
DA:297,1
DA:301,5
DA:304,5
DA:305,5
DA:306,4
DA:307,4
DA:311,5
DA:312,2
DA:315,2
DA:316,1
DA:317,1
DA:318,1
DA:320,1
DA:323,1
DA:324,0
DA:325,0
DA:326,0
DA:327,0
DA:334,5
DA:336,1
DA:338,1
DA:339,1
DA:343,5
DA:344,1
DA:345,1
DA:349,4
DA:350,4
DA:351,4
DA:355,4
DA:356,4
DA:357,4
DA:358,4
DA:359,4
DA:363,4
DA:364,4
DA:366,4
DA:367,4
DA:368,4
DA:370,4
DA:371,4
DA:374,4
DA:378,4
DA:379,4
DA:380,4
DA:381,4
DA:382,4
DA:385,4
DA:386,4
DA:387,4
DA:389,4
DA:390,4
DA:393,4
DA:397,4
DA:398,4
DA:399,4
DA:400,4
DA:401,4
DA:404,4
DA:405,4
DA:406,4
DA:409,4
DA:410,7
DA:411,7
DA:414,7
DA:418,7
DA:419,7
DA:420,7
DA:421,7
DA:422,7
DA:425,7
DA:426,7
DA:427,5
DA:431,5
DA:432,5
DA:435,5
DA:436,5
DA:437,5
DA:438,5
DA:439,5
DA:440,5
DA:441,5
DA:442,5
DA:444,5
DA:445,5
DA:446,5
DA:447,5
DA:448,5
DA:449,5
DA:450,5
DA:451,5
DA:452,5
DA:455,5
DA:458,5
DA:460,5
DA:461,5
DA:464,5
DA:467,5
DA:468,5
DA:469,5
DA:470,5
DA:473,5
DA:474,5
DA:475,5
DA:478,5
DA:479,5
DA:480,5
DA:481,5
DA:484,5
DA:485,5
DA:486,5
DA:487,5
DA:489,5
DA:491,5
DA:500,2
DA:510,4
DA:511,4
DA:512,5
DA:513,5
DA:514,5
DA:515,5
DA:516,5
DA:517,5
DA:521,4
DA:522,4
DA:523,4
DA:531,4
DA:532,4
DA:533,4
DA:534,4
DA:535,4
DA:537,0
DA:538,0
DA:542,4
DA:543,4
DA:545,4
DA:548,4
DA:549,7
DA:551,7
DA:552,7
DA:555,7
DA:556,5
DA:557,5
DA:558,5
DA:560,2
DA:562,2
DA:563,2
DA:564,2
DA:565,2
DA:570,7
DA:571,7
DA:572,7
DA:581,4
DA:583,4
DA:584,4
DA:585,4
DA:588,4
DA:593,4
DA:594,4
DA:595,4
DA:596,4
DA:597,4
DA:599,0
DA:602,0
DA:606,4
DA:607,4
DA:608,4
DA:612,4
DA:613,4
DA:614,4
DA:615,4
DA:616,4
DA:618,0
DA:622,4
DA:623,4
DA:625,4
DA:626,5
DA:627,5
DA:628,5
DA:630,5
DA:638,5
DA:639,5
DA:640,5
DA:641,5
DA:642,5
DA:644,0
DA:649,4
DA:650,4
DA:651,4
DA:655,4
DA:656,4
DA:657,4
DA:658,4
DA:659,4
DA:662,4
DA:663,4
DA:664,4
DA:668,4
DA:669,1
DA:670,1
DA:674,4
DA:676,0
LF:321
LH:304
BRDA:31,0,0,1
BRDA:64,1,0,46
BRDA:65,2,0,153
BRDA:65,2,1,153
BRDA:66,3,0,39
BRDA:97,4,0,2
BRDA:97,4,1,1
BRDA:97,5,0,2
BRDA:97,5,1,0
BRDA:97,6,0,2
BRDA:97,6,1,2
BRDA:97,7,0,0
BRDA:97,7,1,2
BRDA:97,8,0,2
BRDA:97,8,1,2
BRDA:104,9,0,5
BRDA:104,9,1,7
BRDA:109,10,0,0
BRDA:119,11,0,6
BRDA:119,11,1,1
BRDA:132,12,0,5
BRDA:132,12,1,1
BRDA:135,13,0,4
BRDA:135,13,1,1
BRDA:138,14,0,4
BRDA:138,14,1,0
BRDA:140,15,0,3
BRDA:140,15,1,1
BRDA:176,16,0,2
BRDA:176,16,1,2
BRDA:181,17,0,1
BRDA:181,17,1,3
BRDA:191,18,0,2
BRDA:191,18,1,1
BRDA:191,19,0,3
BRDA:191,19,1,3
BRDA:195,20,0,0
BRDA:195,20,1,2
BRDA:201,21,0,1
BRDA:201,21,1,2
BRDA:204,22,0,1
BRDA:218,23,0,1
BRDA:218,24,0,1
BRDA:218,24,1,1
BRDA:235,25,0,1
BRDA:240,26,0,2
BRDA:242,27,0,0
BRDA:242,27,1,4
BRDA:242,28,0,4
BRDA:242,28,1,4
BRDA:244,29,0,1
BRDA:244,29,1,1
BRDA:295,30,0,1
BRDA:305,31,0,4
BRDA:305,32,0,5
BRDA:305,32,1,5
BRDA:305,32,2,4
BRDA:311,33,0,2
BRDA:315,34,0,1
BRDA:315,34,1,1
BRDA:318,35,0,1
BRDA:318,36,0,1
BRDA:318,36,1,1
BRDA:323,37,0,0
BRDA:325,38,0,0
BRDA:334,39,0,1
BRDA:334,40,0,5
BRDA:334,40,1,1
BRDA:334,40,2,1
BRDA:336,41,0,1
BRDA:336,42,0,1
BRDA:336,42,1,1
BRDA:343,43,0,1
BRDA:358,44,0,4
BRDA:366,45,0,4
BRDA:366,46,0,4
BRDA:366,46,1,4
BRDA:381,47,0,4
BRDA:385,48,0,4
BRDA:385,49,0,4
BRDA:385,49,1,4
BRDA:400,50,0,4
BRDA:404,51,0,4
BRDA:404,52,0,4
BRDA:404,52,1,4
BRDA:421,53,0,7
BRDA:425,54,0,0
BRDA:425,54,1,7
BRDA:425,55,0,7
BRDA:425,55,1,7
BRDA:426,56,0,5
BRDA:426,56,1,2
BRDA:455,57,0,5
BRDA:455,57,1,4
BRDA:455,57,2,0
BRDA:455,57,3,0
BRDA:455,57,4,0
BRDA:455,57,5,0
BRDA:455,57,6,0
BRDA:455,57,7,0
BRDA:460,58,0,5
BRDA:534,59,0,4
BRDA:534,59,1,0
BRDA:555,60,0,5
BRDA:555,60,1,2
BRDA:555,61,0,7
BRDA:555,61,1,7
BRDA:557,62,0,5
BRDA:557,63,0,5
BRDA:557,63,1,5
BRDA:560,64,0,2
BRDA:560,65,0,2
BRDA:560,65,1,2
BRDA:562,66,0,2
BRDA:564,67,0,2
BRDA:564,68,0,2
BRDA:564,68,1,2
BRDA:570,69,0,7
BRDA:570,70,0,7
BRDA:570,70,1,7
BRDA:583,71,0,4
BRDA:583,71,1,0
BRDA:596,72,0,4
BRDA:596,72,1,0
BRDA:615,73,0,4
BRDA:615,73,1,0
BRDA:641,74,0,5
BRDA:641,74,1,0
BRDA:658,75,0,4
BRDA:662,76,0,4
BRDA:662,77,0,4
BRDA:662,77,1,4
BRDA:668,78,0,1
BRF:133
BRH:113
end_of_record
TN:
SF:src/helpers/model-helpers.ts
FN:3,(anonymous_0)
FN:4,(anonymous_1)
FN:5,(anonymous_2)
FN:11,(anonymous_3)
FN:14,(anonymous_4)
FN:25,(anonymous_5)
FN:30,(anonymous_6)
FN:31,(anonymous_7)
FN:32,(anonymous_8)
FN:40,(anonymous_9)
FN:41,(anonymous_10)
FN:42,(anonymous_11)
FN:48,(anonymous_12)
FN:49,(anonymous_13)
FN:50,(anonymous_14)
FNF:15
FNH:12
FNDA:22,(anonymous_0)
FNDA:4,(anonymous_1)
FNDA:6,(anonymous_2)
FNDA:0,(anonymous_3)
FNDA:0,(anonymous_4)
FNDA:0,(anonymous_5)
FNDA:2,(anonymous_6)
FNDA:4,(anonymous_7)
FNDA:6,(anonymous_8)
FNDA:2,(anonymous_9)
FNDA:4,(anonymous_10)
FNDA:6,(anonymous_11)
FNDA:4,(anonymous_12)
FNDA:6,(anonymous_13)
FNDA:7,(anonymous_14)
DA:3,23
DA:4,22
DA:5,4
DA:6,6
DA:11,23
DA:12,0
DA:14,0
DA:15,0
DA:16,0
DA:21,0
DA:22,0
DA:23,0
DA:24,0
DA:25,0
DA:27,0
DA:30,23
DA:31,2
DA:32,4
DA:33,6
DA:34,1
DA:40,23
DA:41,2
DA:42,4
DA:43,6
DA:44,6
DA:48,2
DA:49,4
DA:50,6
DA:51,7
DA:52,6
DA:54,7
LF:31
LH:21
BRDA:6,0,0,6
BRDA:6,0,1,5
BRDA:33,1,0,1
BRDA:33,2,0,0
BRDA:33,2,1,6
BRDA:33,3,0,6
BRDA:33,3,1,6
BRDA:51,4,0,6
BRF:8
BRH:7
end_of_record
TN:
SF:src/hooks/use-resizer.ts
FN:6,(anonymous_0)
FN:7,(anonymous_1)
FN:13,(anonymous_2)
FN:13,(anonymous_3)
FN:22,(anonymous_4)
FN:30,(anonymous_5)
FN:31,(anonymous_6)
FN:33,(anonymous_7)
FNF:8
FNH:7
FNDA:10,(anonymous_0)
FNDA:10,(anonymous_1)
FNDA:6,(anonymous_2)
FNDA:9,(anonymous_3)
FNDA:0,(anonymous_4)
FNDA:10,(anonymous_5)
FNDA:10,(anonymous_6)
FNDA:10,(anonymous_7)
DA:1,3
DA:4,3
DA:6,10
DA:7,3
DA:8,10
DA:9,10
DA:10,0
DA:13,9
DA:16,3
DA:19,3
DA:20,3
DA:21,3
DA:22,3
DA:23,0
DA:24,0
DA:25,0
DA:28,3
DA:30,3
DA:31,10
DA:32,10
DA:33,10
LF:21
LH:17
BRDA:9,0,0,0
BRDA:24,1,0,0
BRF:2
BRH:0
end_of_record
TN:
SF:src/hooks/useAnimation.tsx
FN:21,(anonymous_0)
FN:25,(anonymous_1)
FN:28,(anonymous_2)
FN:35,(anonymous_3)
FN:41,(anonymous_4)
FN:41,(anonymous_5)
FN:56,(anonymous_6)
FN:58,(anonymous_7)
FN:73,(anonymous_8)
FN:90,(anonymous_9)
FN:94,(anonymous_10)
FN:117,(anonymous_11)
FN:117,(anonymous_12)
FN:167,(anonymous_13)
FN:204,(anonymous_14)
FN:238,(anonymous_15)
FN:239,(anonymous_16)
FN:242,(anonymous_17)
FN:244,(anonymous_18)
FN:264,(anonymous_19)
FN:298,(anonymous_20)
FN:333,(anonymous_21)
FN:348,(anonymous_22)
FN:358,(anonymous_23)
FN:362,(anonymous_24)
FN:366,(anonymous_25)
FN:371,(anonymous_26)
FN:372,(anonymous_27)
FN:380,(anonymous_28)
FN:387,(anonymous_29)
FN:394,(anonymous_30)
FN:396,(anonymous_31)
FN:408,(anonymous_32)
FN:414,(anonymous_33)
FN:415,(anonymous_34)
FN:419,(anonymous_35)
FN:442,(anonymous_36)
FN:444,(anonymous_37)
FN:449,(anonymous_38)
FN:451,(anonymous_39)
FN:455,(anonymous_40)
FN:458,(anonymous_41)
FN:463,(anonymous_42)
FN:465,(anonymous_43)
FN:477,(anonymous_44)
FN:478,(anonymous_45)
FN:479,(anonymous_46)
FN:480,(anonymous_47)
FN:480,(anonymous_48)
FN:482,(anonymous_49)
FNF:50
FNH:32
FNDA:2,(anonymous_0)
FNDA:11,(anonymous_1)
FNDA:101,(anonymous_2)
FNDA:102,(anonymous_3)
FNDA:102,(anonymous_4)
FNDA:102,(anonymous_5)
FNDA:0,(anonymous_6)
FNDA:0,(anonymous_7)
FNDA:16,(anonymous_8)
FNDA:16,(anonymous_9)
FNDA:100,(anonymous_10)
FNDA:100,(anonymous_11)
FNDA:100,(anonymous_12)
FNDA:0,(anonymous_13)
FNDA:1,(anonymous_14)
FNDA:10,(anonymous_15)
FNDA:10,(anonymous_16)
FNDA:0,(anonymous_17)
FNDA:20,(anonymous_18)
FNDA:100,(anonymous_19)
FNDA:0,(anonymous_20)
FNDA:0,(anonymous_21)
FNDA:1,(anonymous_22)
FNDA:2,(anonymous_23)
FNDA:0,(anonymous_24)
FNDA:1,(anonymous_25)
FNDA:0,(anonymous_26)
FNDA:0,(anonymous_27)
FNDA:0,(anonymous_28)
FNDA:0,(anonymous_29)
FNDA:1,(anonymous_30)
FNDA:1,(anonymous_31)
FNDA:1,(anonymous_32)
FNDA:0,(anonymous_33)
FNDA:0,(anonymous_34)
FNDA:1,(anonymous_35)
FNDA:2,(anonymous_36)
FNDA:2,(anonymous_37)
FNDA:0,(anonymous_38)
FNDA:0,(anonymous_39)
FNDA:9,(anonymous_40)
FNDA:9,(anonymous_41)
FNDA:16,(anonymous_42)
FNDA:8,(anonymous_43)
FNDA:0,(anonymous_44)
FNDA:0,(anonymous_45)
FNDA:0,(anonymous_46)
FNDA:31,(anonymous_47)
FNDA:31,(anonymous_48)
FNDA:120,(anonymous_49)
DA:1,12
DA:2,12
DA:3,12
DA:4,12
DA:5,12
DA:6,12
DA:7,12
DA:8,12
DA:9,12
DA:10,12
DA:11,12
DA:13,12
DA:21,12
DA:22,2
DA:23,2
DA:25,2
DA:26,11
DA:28,11
DA:29,101
DA:31,101
DA:32,101
DA:33,101
DA:35,101
DA:36,102
DA:37,102
DA:39,102
DA:41,102
DA:42,102
DA:44,102
DA:45,1
DA:48,102
DA:51,101
DA:53,101
DA:56,11
DA:57,0
DA:58,0
DA:59,0
DA:60,0
DA:61,0
DA:65,11
DA:68,2
DA:70,2
DA:73,12
DA:74,16
DA:75,16
DA:77,16
DA:78,16
DA:79,16
DA:85,16
DA:86,16
DA:87,16
DA:90,16
DA:91,16
DA:94,16
DA:95,100
DA:96,100
DA:97,100
DA:98,100
DA:100,100
DA:102,100
DA:104,100
DA:108,100
DA:109,100
DA:110,0
DA:113,100
DA:114,100
DA:117,100
DA:121,100
DA:123,0
DA:126,0
DA:127,0
DA:130,0
DA:131,0
DA:132,0
DA:136,0
DA:137,0
DA:138,0
DA:141,0
DA:149,100
DA:152,100
DA:153,0
DA:156,100
DA:158,100
DA:159,0
DA:160,0
DA:161,0
DA:164,0
DA:165,0
DA:167,0
DA:168,0
DA:169,0
DA:171,0
DA:174,0
DA:175,0
DA:176,0
DA:177,0
DA:178,0
DA:182,100
DA:184,100
DA:185,100
DA:189,100
DA:190,100
DA:192,100
DA:193,0
DA:194,0
DA:195,0
DA:197,100
DA:201,100
DA:204,16
DA:205,1
DA:206,1
DA:207,1
DA:208,1
DA:211,1
DA:216,1
DA:218,1
DA:228,1
DA:231,1
DA:234,1
DA:236,1
DA:237,10
DA:238,10
DA:239,10
DA:241,10
DA:242,0
DA:244,20
DA:246,10
DA:250,10
DA:251,100
DA:252,100
DA:253,100
DA:254,100
DA:255,100
DA:256,100
DA:257,100
DA:259,100
DA:260,100
DA:262,100
DA:263,100
DA:264,100
DA:265,100
DA:267,100
DA:270,100
DA:273,100
DA:274,0
DA:275,0
DA:278,0
DA:282,10
DA:285,10
DA:286,0
DA:290,1
DA:295,1
DA:298,16
DA:299,0
DA:301,0
DA:304,0
DA:305,0
DA:308,0
DA:309,0
DA:310,0
DA:311,0
DA:313,0
DA:315,0
DA:316,0
DA:317,0
DA:320,0
DA:323,0
DA:327,0
DA:333,0
DA:335,0
DA:336,0
DA:337,0
DA:338,0
DA:339,0
DA:343,0
DA:344,0
DA:348,16
DA:349,1
DA:355,1
DA:358,16
DA:359,2
DA:362,16
DA:363,0
DA:366,16
DA:367,1
DA:368,1
DA:371,16
DA:372,0
DA:373,0
DA:374,0
DA:375,0
DA:380,16
DA:382,0
DA:383,0
DA:386,0
DA:387,0
DA:390,0
DA:394,16
DA:395,1
DA:396,1
DA:397,1
DA:398,1
DA:399,0
DA:400,0
DA:403,1
DA:404,1
DA:406,1
DA:408,1
DA:409,1
DA:410,1
DA:411,1
DA:414,1
DA:415,0
DA:416,0
DA:419,1
DA:420,1
DA:421,1
DA:424,1
DA:427,1
DA:429,0
DA:432,1
DA:435,0
DA:436,0
DA:437,0
DA:438,0
DA:442,16
DA:443,2
DA:444,2
DA:445,2
DA:449,16
DA:450,0
DA:451,0
DA:452,0
DA:455,16
DA:456,9
DA:458,9
DA:459,9
DA:463,16
DA:465,16
DA:468,16
DA:476,12
DA:477,0
DA:478,0
DA:479,0
DA:480,31
DA:482,120
LF:246
LH:159
BRDA:23,0,0,2
BRDA:23,0,1,0
BRDA:23,1,0,2
BRDA:23,1,1,2
BRDA:23,2,0,0
BRDA:23,2,1,2
BRDA:23,3,0,2
BRDA:23,3,1,2
BRDA:44,4,0,1
BRDA:57,5,0,0
BRDA:60,6,0,0
BRDA:60,7,0,0
BRDA:60,7,1,0
BRDA:60,8,0,0
BRDA:60,8,1,0
BRDA:78,9,0,16
BRDA:78,9,1,0
BRDA:104,10,0,100
BRDA:104,10,1,0
BRDA:104,10,2,0
BRDA:109,11,0,0
BRDA:117,12,0,100
BRDA:117,12,1,0
BRDA:117,13,0,0
BRDA:117,13,1,100
BRDA:117,14,0,100
BRDA:117,14,1,100
BRDA:121,15,0,0
BRDA:121,15,1,100
BRDA:136,16,0,0
BRDA:152,17,0,0
BRDA:159,18,0,0
BRDA:168,19,0,0
BRDA:176,20,0,0
BRDA:182,21,0,100
BRDA:182,22,0,100
BRDA:182,22,1,100
BRDA:192,23,0,0
BRDA:192,23,1,100
BRDA:194,24,0,0
BRDA:211,25,0,1
BRDA:211,25,1,0
BRDA:211,25,2,0
BRDA:216,26,0,0
BRDA:216,26,1,1
BRDA:228,27,0,0
BRDA:228,27,1,1
BRDA:228,28,0,1
BRDA:228,28,1,1
BRDA:236,29,0,11
BRDA:236,29,1,10
BRDA:241,30,0,0
BRDA:241,30,1,10
BRDA:241,31,0,10
BRDA:241,31,1,0
BRDA:241,31,2,0
BRDA:255,32,0,100
BRDA:255,32,1,0
BRDA:256,33,0,100
BRDA:256,33,1,100
BRDA:263,34,0,100
BRDA:263,34,1,0
BRDA:273,35,0,0
BRDA:273,36,0,100
BRDA:273,36,1,0
BRDA:285,37,0,0
BRDA:304,38,0,0
BRDA:308,39,0,0
BRDA:309,40,0,0
BRDA:309,40,1,0
BRDA:309,41,0,0
BRDA:309,41,1,0
BRDA:310,42,0,0
BRDA:316,43,0,0
BRDA:316,43,1,0
BRDA:316,44,0,0
BRDA:316,44,1,0
BRDA:320,45,0,0
BRDA:320,45,1,0
BRDA:323,46,0,0
BRDA:323,46,1,0
BRDA:323,47,0,0
BRDA:323,47,1,0
BRDA:323,47,2,0
BRDA:335,48,0,0
BRDA:336,49,0,0
BRDA:336,49,1,0
BRDA:336,50,0,0
BRDA:336,50,1,0
BRDA:343,51,0,0
BRDA:359,52,0,1
BRDA:359,52,1,1
BRDA:390,53,0,0
BRDA:390,53,1,0
BRDA:390,54,0,0
BRDA:390,54,1,0
BRDA:398,55,0,0
BRDA:427,56,0,0
BRDA:427,56,1,1
BRF:99
BRH:35
end_of_record
TN:
SF:src/hooks/useGlobalState.tsx
FN:19,(anonymous_0)
FN:60,(anonymous_1)
FN:63,(anonymous_2)
FN:64,(anonymous_3)
FN:81,(anonymous_4)
FN:85,(anonymous_5)
FN:100,(anonymous_6)
FN:104,(anonymous_7)
FN:106,(anonymous_8)
FN:108,(anonymous_9)
FN:110,(anonymous_10)
FN:111,(anonymous_11)
FN:112,(anonymous_12)
FN:132,(anonymous_13)
FN:133,(anonymous_14)
FNF:15
FNH:8
FNDA:54,(anonymous_0)
FNDA:26,(anonymous_1)
FNDA:10,(anonymous_2)
FNDA:10,(anonymous_3)
FNDA:0,(anonymous_4)
FNDA:5,(anonymous_5)
FNDA:25,(anonymous_6)
FNDA:10,(anonymous_7)
FNDA:0,(anonymous_8)
FNDA:0,(anonymous_9)
FNDA:0,(anonymous_10)
FNDA:0,(anonymous_11)
FNDA:0,(anonymous_12)
FNDA:0,(anonymous_13)
FNDA:456,(anonymous_14)
DA:1,23
DA:2,23
DA:3,23
DA:4,23
DA:5,23
DA:6,23
DA:7,23
DA:8,23
DA:10,23
DA:19,23
DA:21,54
DA:25,54
DA:60,23
DA:61,26
DA:63,26
DA:64,10
DA:65,10
DA:69,10
DA:70,10
DA:71,5
DA:73,0
DA:74,0
DA:75,0
DA:79,0
DA:81,0
DA:82,0
DA:85,5
DA:86,5
DA:87,5
DA:92,5
DA:97,10
DA:100,26
DA:101,25
DA:104,26
DA:105,10
DA:106,0
DA:107,0
DA:108,0
DA:109,0
DA:110,0
DA:111,0
DA:112,0
DA:113,0
DA:114,0
DA:115,0
DA:125,26
DA:132,23
DA:133,456
LF:48
LH:32
BRDA:21,0,0,54
BRDA:21,0,1,54
BRDA:21,0,2,0
BRDA:71,1,0,0
BRDA:71,1,1,5
BRDA:71,2,0,5
BRDA:71,2,1,0
BRDA:74,3,0,0
BRDA:105,4,0,0
BRDA:107,5,0,0
BRDA:113,6,0,0
BRDA:113,7,0,0
BRDA:113,7,1,0
BRF:13
BRH:4
end_of_record
TN:
SF:src/hooks/useReducedMotion.tsx
FN:7,(anonymous_0)
FNF:1
FNH:1
FNDA:2,(anonymous_0)
DA:1,1
DA:7,1
DA:8,2
DA:9,2
LF:4
LH:4
BRF:0
BRH:0
end_of_record
TN:
SF:src/hooks/useSpinnerAnimation.tsx
FN:23,(anonymous_0)
FN:48,(anonymous_1)
FN:73,(anonymous_2)
FN:117,(anonymous_3)
FN:129,(anonymous_4)
FN:152,(anonymous_5)
FN:159,(anonymous_6)
FNF:7
FNH:7
FNDA:82,(anonymous_0)
FNDA:31,(anonymous_1)
FNDA:7,(anonymous_2)
FNDA:15,(anonymous_3)
FNDA:1,(anonymous_4)
FNDA:33,(anonymous_5)
FNDA:60,(anonymous_6)
DA:1,10
DA:3,10
DA:4,10
DA:23,10
DA:24,82
DA:25,82
DA:34,82
DA:35,82
DA:36,82
DA:37,82
DA:38,82
DA:39,82
DA:40,82
DA:43,82
DA:48,82
DA:49,31
DA:50,31
DA:52,31
DA:54,5
DA:55,5
DA:56,5
DA:57,5
DA:59,5
DA:67,26
DA:69,7
DA:70,7
DA:71,7
DA:73,7
DA:79,19
DA:80,15
DA:82,15
DA:85,15
DA:86,5
DA:87,5
DA:90,5
DA:91,5
DA:92,5
DA:94,5
DA:95,5
DA:103,15
DA:105,0
DA:108,15
DA:115,15
DA:117,15
DA:125,4
DA:127,1
DA:129,1
DA:135,3
DA:137,2
DA:138,2
DA:139,2
DA:141,2
DA:152,82
DA:153,33
DA:157,82
DA:160,60
LF:56
LH:55
BRDA:50,0,0,31
BRDA:50,0,1,31
BRDA:50,1,0,15
BRDA:50,1,1,16
BRDA:50,2,0,31
BRDA:50,2,1,31
BRDA:52,3,0,5
BRDA:52,3,1,26
BRDA:67,4,0,7
BRDA:67,4,1,19
BRDA:79,5,0,15
BRDA:79,5,1,4
BRDA:79,6,0,19
BRDA:79,6,1,16
BRDA:80,7,0,0
BRDA:82,8,0,0
BRDA:82,9,0,15
BRDA:82,9,1,0
BRDA:85,10,0,5
BRDA:90,11,0,5
BRDA:90,12,0,5
BRDA:90,12,1,5
BRDA:92,13,0,5
BRDA:103,14,0,0
BRDA:103,14,1,15
BRDA:125,15,0,1
BRDA:125,15,1,3
BRDA:135,16,0,2
BRDA:160,17,0,60
BRDA:160,17,1,2
BRF:30
BRH:26
end_of_record
TN:
SF:src/lib/codap-interface.ts
FN:24,(anonymous_0)
FN:27,(anonymous_1)
FNF:2
FNH:2
FNDA:7,(anonymous_0)
FNDA:7,(anonymous_1)
DA:24,13
DA:27,7
DA:28,7
DA:35,7
DA:36,6
DA:41,1
DA:46,13
DA:50,13
LF:8
LH:8
BRF:0
BRH:0
end_of_record
TN:
SF:src/models/device-model.tsx
FN:4,gcd
FN:8,lcm
FN:12,isOneThirdOrTwoThirds
FN:16,percentageToFraction
FN:23,findCommonDenominator
FN:24,(anonymous_5)
FN:25,(anonymous_6)
FN:26,(anonymous_7)
FN:30,findEquivNum
FN:35,(anonymous_9)
FNF:10
FNH:1
FNDA:0,gcd
FNDA:0,lcm
FNDA:0,isOneThirdOrTwoThirds
FNDA:0,percentageToFraction
FNDA:0,findCommonDenominator
FNDA:0,(anonymous_5)
FNDA:0,(anonymous_6)
FNDA:0,(anonymous_7)
FNDA:0,findEquivNum
FNDA:159,(anonymous_9)
DA:1,24
DA:2,24
DA:4,24
DA:5,0
DA:8,24
DA:9,0
DA:12,24
DA:13,0
DA:16,24
DA:17,0
DA:18,0
DA:19,0
DA:20,0
DA:23,24
DA:24,0
DA:25,0
DA:26,0
DA:27,0
DA:30,24
DA:31,0
DA:34,24
DA:35,24
DA:36,159
LF:23
LH:11
BRDA:5,0,0,0
BRDA:5,0,1,0
BRDA:13,1,0,0
BRDA:13,1,1,0
BRF:4
BRH:0
end_of_record
TN:
SF:src/models/model-model.tsx
FN:3,(anonymous_0)
FN:7,(anonymous_1)
FN:8,(anonymous_2)
FN:9,(anonymous_3)
FN:16,(anonymous_4)
FN:17,(anonymous_5)
FN:20,(anonymous_6)
FN:21,(anonymous_7)
FN:27,(anonymous_8)
FN:28,(anonymous_9)
FN:28,(anonymous_10)
FN:31,(anonymous_11)
FN:32,(anonymous_12)
FN:36,(anonymous_13)
FN:41,(anonymous_14)
FN:46,(anonymous_15)
FN:49,(anonymous_16)
FN:56,(anonymous_17)
FN:81,(anonymous_18)
FN:82,(anonymous_19)
FNF:20
FNH:11
FNDA:58,(anonymous_0)
FNDA:59,(anonymous_1)
FNDA:60,(anonymous_2)
FNDA:58,(anonymous_3)
FNDA:0,(anonymous_4)
FNDA:0,(anonymous_5)
FNDA:0,(anonymous_6)
FNDA:0,(anonymous_7)
FNDA:116,(anonymous_8)
FNDA:120,(anonymous_9)
FNDA:116,(anonymous_10)
FNDA:0,(anonymous_11)
FNDA:0,(anonymous_12)
FNDA:0,(anonymous_13)
FNDA:58,(anonymous_14)
FNDA:58,(anonymous_15)
FNDA:58,(anonymous_16)
FNDA:58,(anonymous_17)
FNDA:0,(anonymous_18)
FNDA:0,(anonymous_19)
DA:3,12
DA:4,58
DA:7,12
DA:8,59
DA:9,60
DA:10,58
DA:11,58
DA:16,12
DA:17,0
DA:20,12
DA:21,0
DA:22,0
DA:23,0
DA:27,12
DA:28,120
DA:31,12
DA:32,0
DA:36,12
DA:37,0
DA:41,12
DA:42,58
DA:46,12
DA:47,58
DA:48,58
DA:49,58
DA:51,0
DA:56,12
DA:57,58
DA:58,58
DA:59,58
DA:60,58
DA:63,0
DA:64,0
DA:67,0
DA:68,0
DA:72,0
DA:73,0
DA:74,0
DA:78,0
DA:81,12
DA:82,0
LF:41
LH:25
BRDA:48,0,0,58
BRDA:59,1,0,58
BRDA:59,2,0,58
BRDA:59,2,1,58
BRDA:67,3,0,0
BRDA:67,4,0,0
BRDA:67,4,1,0
BRDA:73,5,0,0
BRF:8
BRH:4
end_of_record
TN:
SF:src/test/a11y-test-helpers.ts
FN:18,getFocusableElements
FN:38,(anonymous_1)
FN:49,simulateTabNavigation
FN:55,(anonymous_3)
FN:56,(anonymous_4)
FN:64,(anonymous_5)
FN:70,(anonymous_6)
FN:87,getContrastRatio
FN:108,parseColor
FN:137,calculateRelativeLuminance
FN:139,(anonymous_10)
FN:155,verifyReadingOrder
FN:170,(anonymous_12)
FN:194,(anonymous_13)
FN:206,(anonymous_14)
FN:212,(anonymous_15)
FN:247,(anonymous_16)
FN:280,runAxeTests
FN:289,hasFocusIndicator
FNF:19
FNH:14
FNDA:7,getFocusableElements
FNDA:47,(anonymous_1)
FNDA:5,simulateTabNavigation
FNDA:32,(anonymous_3)
FNDA:19,(anonymous_4)
FNDA:32,(anonymous_5)
FNDA:32,(anonymous_6)
FNDA:0,getContrastRatio
FNDA:0,parseColor
FNDA:0,calculateRelativeLuminance
FNDA:0,(anonymous_10)
FNDA:6,verifyReadingOrder
FNDA:15,(anonymous_12)
FNDA:12,(anonymous_13)
FNDA:50,(anonymous_14)
FNDA:44,(anonymous_15)
FNDA:12,(anonymous_16)
FNDA:0,runAxeTests
FNDA:17,hasFocusIndicator
DA:7,4
DA:8,4
DA:11,4
DA:18,4
DA:20,7
DA:33,7
DA:38,7
DA:39,47
DA:40,47
DA:49,4
DA:50,5
DA:51,5
DA:54,5
DA:55,32
DA:57,19
DA:58,19
DA:59,19
DA:63,5
DA:64,32
DA:67,5
DA:70,5
DA:71,32
DA:72,32
DA:75,32
DA:78,5
DA:87,4
DA:89,0
DA:90,0
DA:93,0
DA:94,0
DA:97,0
DA:98,0
DA:100,0
DA:110,0
DA:111,0
DA:112,0
DA:115,0
DA:116,0
DA:119,0
DA:121,0
DA:122,0
DA:125,0
DA:139,0
DA:140,0
DA:141,0
DA:147,0
DA:155,4
DA:162,6
DA:165,6
DA:169,6
DA:170,15
DA:173,6
DA:174,2
DA:181,6
DA:182,9
DA:183,0
DA:192,6
DA:194,6
DA:195,12
DA:196,12
DA:197,0
DA:205,6
DA:206,50
DA:208,6
DA:210,6
DA:213,44
DA:218,6
DA:219,2
DA:231,6
DA:232,6
DA:233,6
DA:235,6
DA:237,0
DA:244,6
DA:245,6
DA:247,6
DA:248,12
DA:251,6
DA:253,0
DA:268,6
DA:280,4
DA:281,0
DA:289,4
DA:302,17
DA:305,17
DA:307,17
DA:318,17
DA:321,3
DA:328,14
DA:329,1
DA:330,1
DA:337,13
DA:338,13
DA:339,13
DA:341,13
LF:95
LH:70
BRDA:40,0,0,47
BRDA:40,0,1,47
BRDA:40,0,2,47
BRDA:55,1,0,32
BRDA:55,1,1,9
BRDA:57,2,0,19
BRDA:57,2,1,0
BRDA:58,3,0,19
BRDA:58,3,1,0
BRDA:64,4,0,32
BRDA:64,4,1,9
BRDA:121,5,0,0
BRDA:141,6,0,0
BRDA:141,6,1,0
BRDA:169,7,0,6
BRDA:173,8,0,2
BRDA:182,9,0,0
BRDA:196,10,0,0
BRDA:196,11,0,12
BRDA:196,11,1,12
BRDA:208,12,0,6
BRDA:213,13,0,44
BRDA:213,13,1,44
BRDA:213,13,2,44
BRDA:218,14,0,2
BRDA:231,15,0,0
BRDA:231,15,1,6
BRDA:231,16,0,6
BRDA:231,16,1,6
BRDA:231,17,0,0
BRDA:231,17,1,6
BRDA:231,18,0,6
BRDA:231,18,1,6
BRDA:232,19,0,0
BRDA:232,19,1,6
BRDA:232,20,0,6
BRDA:232,20,1,6
BRDA:232,21,0,0
BRDA:232,21,1,6
BRDA:232,22,0,6
BRDA:232,22,1,6
BRDA:233,23,0,1
BRDA:233,23,1,5
BRDA:233,24,0,6
BRDA:233,24,1,6
BRDA:233,25,0,1
BRDA:233,25,1,5
BRDA:233,26,0,6
BRDA:233,26,1,5
BRDA:235,27,0,0
BRDA:235,28,0,6
BRDA:235,28,1,0
BRDA:235,28,2,0
BRDA:244,29,0,0
BRDA:244,29,1,6
BRDA:244,30,0,6
BRDA:244,30,1,6
BRDA:244,31,0,0
BRDA:244,31,1,6
BRDA:244,32,0,6
BRDA:244,32,1,6
BRDA:245,33,0,6
BRDA:245,33,1,0
BRDA:246,34,0,0
BRDA:246,34,1,0
BRDA:246,35,0,0
BRDA:246,35,1,0
BRDA:246,36,0,0
BRDA:246,36,1,0
BRDA:246,37,0,0
BRDA:246,37,1,0
BRDA:248,38,0,12
BRDA:248,38,1,12
BRDA:251,39,0,0
BRDA:251,40,0,6
BRDA:251,40,1,6
BRDA:260,41,0,0
BRDA:260,41,1,0
BRDA:280,42,0,0
BRDA:318,43,0,3
BRDA:318,44,0,17
BRDA:318,44,1,16
BRDA:318,44,2,15
BRDA:328,45,0,1
BRDA:337,46,0,13
BRDA:337,46,1,13
BRDA:338,47,0,13
BRDA:338,47,1,13
BRDA:342,48,0,13
BRDA:342,48,1,0
BRDA:342,48,2,0
BRF:91
BRH:60
end_of_record
TN:
SF:src/test/a11y-utils.ts
FN:20,renderWithA11y
FN:28,(anonymous_1)
FN:40,testA11y
FNF:3
FNH:1
FNDA:0,renderWithA11y
FNDA:0,(anonymous_1)
FNDA:2,testA11y
DA:1,2
DA:3,2
DA:6,2
DA:20,2
DA:24,0
DA:26,0
DA:29,0
DA:30,0
DA:40,2
DA:41,2
DA:42,2
LF:11
LH:7
BRDA:22,0,0,0
BRF:1
BRH:0
end_of_record
TN:
SF:src/test/color-contrast-checker.ts
FN:11,hexToRgb
FN:39,getLuminance
FN:64,getContrastRatio
FN:89,meetsWCAG2AA
FN:106,meetsWCAG2AAA
FN:121,extractColorsFromCSS
FN:126,(anonymous_6)
FN:143,rgbToHex
FNF:8
FNH:5
FNDA:52,hexToRgb
FNDA:52,getLuminance
FNDA:26,getContrastRatio
FNDA:26,meetsWCAG2AA
FNDA:0,meetsWCAG2AAA
FNDA:2,extractColorsFromCSS
FNDA:0,(anonymous_6)
FNDA:0,rgbToHex
DA:11,1
DA:13,52
DA:16,52
DA:19,52
DA:20,0
DA:21,0
DA:22,0
DA:23,0
DA:24,52
DA:25,52
DA:26,52
DA:27,52
DA:28,52
DA:31,0
DA:39,1
DA:41,52
DA:48,52
DA:55,52
DA:64,1
DA:65,26
DA:66,26
DA:68,26
DA:69,0
DA:72,26
DA:73,26
DA:76,26
DA:77,26
DA:79,26
DA:89,1
DA:90,26
DA:91,26
DA:93,26
DA:106,1
DA:107,0
DA:108,0
DA:110,0
DA:121,1
DA:122,2
DA:123,2
DA:125,2
DA:126,2
DA:127,0
DA:128,0
DA:129,0
DA:130,0
DA:133,2
DA:143,1
DA:144,0
LF:48
LH:34
BRDA:19,0,0,0
BRDA:19,0,1,52
BRDA:24,1,0,52
BRDA:49,2,0,11
BRDA:49,2,1,41
BRDA:50,3,0,1
BRDA:50,3,1,51
BRDA:51,4,0,1
BRDA:51,4,1,51
BRDA:68,5,0,0
BRDA:68,6,0,26
BRDA:68,6,1,26
BRDA:89,7,0,0
BRDA:91,8,0,0
BRDA:91,8,1,26
BRDA:106,9,0,0
BRDA:108,10,0,0
BRDA:108,10,1,0
BRDA:125,11,0,2
BRDA:125,11,1,0
BRF:20
BRH:12
end_of_record
TN:
SF:src/test/keyboard-accessibility.ts
FN:14,simulateTabNavigation
FN:63,isKeyboardAccessible
FN:88,(anonymous_2)
FN:96,(anonymous_3)
FN:139,findInteractiveElements
FN:160,checkKeyboardAccessibility
FN:167,(anonymous_6)
FNF:7
FNH:7
FNDA:2,simulateTabNavigation
FNDA:10,isKeyboardAccessible
FNDA:27,(anonymous_2)
FNDA:27,(anonymous_3)
FNDA:3,findInteractiveElements
FNDA:3,checkKeyboardAccessibility
FNDA:10,(anonymous_6)
DA:6,1
DA:14,1
DA:26,2
DA:29,2
DA:30,2
DA:33,2
DA:36,2
DA:37,12
DA:45,12
DA:46,2
DA:49,2
DA:50,1
DA:55,2
DA:63,1
DA:71,10
DA:74,10
DA:77,10
DA:78,0
DA:84,10
DA:89,27
DA:94,10
DA:97,27
DA:102,10
DA:107,10
DA:109,10
DA:110,0
DA:114,10
DA:117,10
DA:120,10
DA:121,0
DA:124,10
DA:139,1
DA:141,3
DA:148,3
DA:152,3
DA:160,1
DA:164,3
DA:165,3
DA:167,3
DA:168,10
DA:169,10
DA:170,0
DA:177,3
LF:43
LH:39
BRDA:16,0,0,2
BRDA:23,1,0,2
BRDA:24,2,0,2
BRDA:25,3,0,2
BRDA:29,4,0,2
BRDA:37,5,0,12
BRDA:37,5,1,0
BRDA:45,6,0,2
BRDA:45,7,0,12
BRDA:45,7,1,12
BRDA:49,8,0,1
BRDA:49,9,0,2
BRDA:49,9,1,1
BRDA:74,10,0,10
BRDA:74,10,1,0
BRDA:77,11,0,0
BRDA:84,12,0,10
BRDA:84,12,1,10
BRDA:84,12,2,10
BRDA:84,12,3,10
BRDA:89,13,0,27
BRDA:89,13,1,0
BRDA:89,13,2,0
BRDA:94,14,0,10
BRDA:94,14,1,10
BRDA:97,15,0,27
BRDA:97,15,1,0
BRDA:102,16,0,10
BRDA:102,16,1,10
BRDA:109,17,0,0
BRDA:109,18,0,10
BRDA:109,18,1,9
BRDA:109,18,2,9
BRDA:117,19,0,10
BRDA:117,19,1,9
BRDA:120,20,0,0
BRDA:120,21,0,10
BRDA:120,21,1,0
BRDA:169,22,0,0
BRF:39
BRH:29
end_of_record
TN:
SF:src/test/screen-reader-utils.ts
FN:14,analyzeScreenReaderAccessibility
FN:30,(anonymous_1)
FN:31,(anonymous_2)
FN:45,(anonymous_3)
FN:59,(anonymous_4)
FN:61,(anonymous_5)
FN:77,(anonymous_6)
FN:79,(anonymous_7)
FN:101,checkElementLabeling
FN:191,checkFocusManagement
FNF:10
FNH:7
FNDA:3,analyzeScreenReaderAccessibility
FNDA:54,(anonymous_1)
FNDA:80,(anonymous_2)
FNDA:4,(anonymous_3)
FNDA:24,(anonymous_4)
FNDA:1,(anonymous_5)
FNDA:21,(anonymous_6)
FNDA:0,(anonymous_7)
FNDA:0,checkElementLabeling
FNDA:0,checkFocusManagement
DA:6,1
DA:7,1
DA:14,1
DA:23,3
DA:24,3
DA:27,3
DA:28,3
DA:30,3
DA:31,54
DA:32,80
DA:33,22
DA:34,22
DA:35,11
DA:37,22
DA:43,3
DA:44,3
DA:45,3
DA:46,4
DA:47,4
DA:48,4
DA:53,3
DA:54,3
DA:59,3
DA:60,24
DA:61,24
DA:62,1
DA:67,3
DA:77,3
DA:78,21
DA:79,21
DA:80,0
DA:85,3
DA:87,3
DA:101,1
DA:107,0
DA:108,0
DA:109,0
DA:117,0
DA:118,0
DA:119,0
DA:120,0
DA:121,0
DA:129,0
DA:130,0
DA:131,0
DA:132,0
DA:133,0
DA:134,0
DA:135,0
DA:145,0
DA:146,0
DA:147,0
DA:148,0
DA:156,0
DA:157,0
DA:158,0
DA:166,0
DA:167,0
DA:168,0
DA:169,0
DA:170,0
DA:179,0
DA:191,1
DA:197,0
DA:198,0
DA:201,0
DA:202,0
DA:205,0
DA:208,0
DA:209,0
DA:213,0
LF:71
LH:34
BRDA:32,0,0,22
BRDA:34,1,0,11
BRDA:47,2,0,4
BRDA:108,3,0,0
BRDA:118,4,0,0
BRDA:120,5,0,0
BRDA:120,5,1,0
BRDA:120,6,0,0
BRDA:120,6,1,0
BRDA:120,7,0,0
BRDA:120,7,1,0
BRDA:129,8,0,0
BRDA:131,9,0,0
BRDA:133,10,0,0
BRDA:133,10,1,0
BRDA:133,11,0,0
BRDA:133,11,1,0
BRDA:133,12,0,0
BRDA:133,12,1,0
BRDA:134,13,0,0
BRDA:145,14,0,0
BRDA:146,15,0,0
BRDA:146,15,1,0
BRDA:146,16,0,0
BRDA:146,16,1,0
BRDA:146,17,0,0
BRDA:146,17,1,0
BRDA:147,18,0,0
BRDA:157,19,0,0
BRDA:167,20,0,0
BRDA:169,21,0,0
BRDA:169,21,1,0
BRDA:169,22,0,0
BRDA:169,22,1,0
BRDA:169,23,0,0
BRDA:169,23,1,0
BRDA:202,24,0,0
BRDA:202,24,1,0
BRDA:205,25,0,0
BRDA:205,25,1,0
BRDA:205,25,2,0
BRDA:209,26,0,0
BRDA:209,26,1,0
BRDA:209,26,2,0
BRF:44
BRH:3
end_of_record
TN:
SF:src/test-utils/mock-global-state.ts
FN:23,(anonymous_0)
FN:32,(anonymous_1)
FN:45,(anonymous_2)
FNF:3
FNH:3
FNDA:60,(anonymous_0)
FNDA:10,(anonymous_1)
FNDA:10,(anonymous_2)
DA:1,4
DA:23,60
DA:32,10
DA:45,4
DA:46,10
DA:88,10
LF:6
LH:6
BRF:0
BRH:0
end_of_record
TN:
SF:src/utils/condition-parser.ts
FN:11,(anonymous_0)
FN:30,(anonymous_1)
FN:62,(anonymous_2)
FN:63,(anonymous_3)
FN:66,(anonymous_4)
FN:91,(anonymous_5)
FN:122,(anonymous_6)
FNF:7
FNH:7
FNDA:13,(anonymous_0)
FNDA:4,(anonymous_1)
FNDA:2,(anonymous_2)
FNDA:6,(anonymous_3)
FNDA:7,(anonymous_4)
FNDA:2,(anonymous_5)
FNDA:6,(anonymous_6)
DA:6,13
DA:11,13
DA:12,13
DA:13,13
DA:14,13
DA:30,13
DA:32,4
DA:33,1
DA:39,3
DA:42,3
DA:43,2
DA:50,1
DA:62,13
DA:63,6
DA:66,2
DA:67,7
DA:71,2
DA:72,3
DA:73,3
DA:74,7
DA:75,2
DA:76,2
DA:79,3
DA:82,1
DA:91,13
DA:95,2
DA:96,2
DA:106,1
DA:109,1
DA:110,0
DA:112,1
DA:122,13
DA:127,6
DA:128,2
DA:131,4
DA:132,2
DA:135,2
DA:136,2
DA:139,0
LF:39
LH:37
BRDA:11,0,0,13
BRDA:11,0,1,13
BRDA:32,1,0,1
BRDA:32,2,0,4
BRDA:32,2,1,3
BRDA:42,3,0,2
BRDA:67,4,0,7
BRDA:67,4,1,0
BRDA:74,5,0,2
BRDA:79,6,0,1
BRDA:106,7,0,1
BRDA:106,7,1,1
BRDA:109,8,0,0
BRDA:127,9,0,2
BRDA:127,10,0,6
BRDA:127,10,1,5
BRDA:131,11,0,2
BRDA:135,12,0,2
BRF:18
BRH:16
end_of_record
TN:
SF:src/utils/formula-parser.ts
FN:49,(anonymous_0)
FN:51,(anonymous_1)
FN:54,(anonymous_2)
FN:58,(anonymous_3)
FN:62,(anonymous_4)
FN:68,(anonymous_5)
FN:75,(anonymous_6)
FN:83,(anonymous_7)
FN:113,(anonymous_8)
FN:130,(anonymous_9)
FN:147,(anonymous_10)
FN:164,(anonymous_11)
FN:181,(anonymous_12)
FN:198,(anonymous_13)
FN:215,(anonymous_14)
FN:229,(anonymous_15)
FN:255,(anonymous_16)
FN:271,(anonymous_17)
FN:286,(anonymous_18)
FN:295,(anonymous_19)
FN:311,(anonymous_20)
FN:319,(anonymous_21)
FNF:22
FNH:21
FNDA:7,(anonymous_0)
FNDA:67,(anonymous_1)
FNDA:222,(anonymous_2)
FNDA:55,(anonymous_3)
FNDA:8,(anonymous_4)
FNDA:12,(anonymous_5)
FNDA:0,(anonymous_6)
FNDA:13,(anonymous_7)
FNDA:20,(anonymous_8)
FNDA:24,(anonymous_9)
FNDA:24,(anonymous_10)
FNDA:25,(anonymous_11)
FNDA:30,(anonymous_12)
FNDA:31,(anonymous_13)
FNDA:31,(anonymous_14)
FNDA:31,(anonymous_15)
FNDA:3,(anonymous_16)
FNDA:18,(anonymous_17)
FNDA:2,(anonymous_18)
FNDA:28,(anonymous_19)
FNDA:5,(anonymous_20)
FNDA:7,(anonymous_21)
DA:49,14
DA:50,7
DA:51,67
DA:54,14
DA:55,222
DA:58,14
DA:59,55
DA:62,14
DA:63,8
DA:64,1
DA:68,14
DA:69,12
DA:71,2
DA:73,0
DA:75,0
DA:77,7
DA:79,3
DA:83,14
DA:84,13
DA:89,13
DA:90,2
DA:91,2
DA:98,11
DA:101,11
DA:102,9
DA:110,11
DA:113,14
DA:114,20
DA:116,18
DA:117,4
DA:118,4
DA:119,4
DA:127,18
DA:130,14
DA:131,24
DA:133,22
DA:134,0
DA:135,0
DA:136,0
DA:144,22
DA:147,14
DA:148,24
DA:150,22
DA:151,1
DA:152,1
DA:153,1
DA:161,22
DA:164,14
DA:165,25
DA:167,23
DA:168,5
DA:169,5
DA:170,5
DA:178,23
DA:181,14
DA:182,30
DA:184,28
DA:185,1
DA:186,1
DA:187,1
DA:195,28
DA:198,14
DA:199,31
DA:201,29
DA:202,0
DA:203,0
DA:204,0
DA:212,29
DA:215,14
DA:216,31
DA:217,0
DA:218,0
DA:219,0
DA:226,31
DA:229,14
DA:230,31
DA:232,31
DA:233,2
DA:234,2
DA:235,1
DA:241,29
DA:242,11
DA:245,18
DA:246,17
DA:247,3
DA:249,14
DA:252,1
DA:255,14
DA:256,3
DA:257,3
DA:258,3
DA:259,2
DA:260,5
DA:263,3
DA:264,3
DA:271,14
DA:272,18
DA:274,4
DA:276,1
DA:278,4
DA:280,6
DA:281,1
DA:283,5
DA:286,2
DA:289,1
DA:291,1
DA:295,14
DA:296,28
DA:298,6
DA:299,6
DA:300,6
DA:302,2
DA:303,2
DA:306,5
DA:308,11
DA:309,11
DA:311,5
DA:312,2
DA:314,2
DA:315,2
DA:319,14
DA:320,7
DA:321,7
DA:322,7
LF:124
LH:113
BRDA:51,0,0,7
BRDA:51,0,1,0
BRDA:63,1,0,1
BRDA:69,2,0,2
BRDA:69,2,1,0
BRDA:69,2,2,0
BRDA:69,2,3,7
BRDA:69,2,4,3
BRDA:71,3,0,2
BRDA:71,3,1,2
BRDA:75,4,0,0
BRDA:75,4,1,0
BRDA:89,5,0,2
BRDA:89,5,1,11
BRDA:101,6,0,9
BRDA:101,7,0,11
BRDA:101,7,1,8
BRDA:216,8,0,0
BRDA:232,9,0,2
BRDA:241,10,0,11
BRDA:245,11,0,17
BRDA:246,12,0,3
BRDA:258,13,0,2
BRDA:261,14,0,5
BRDA:261,14,1,3
BRDA:272,15,0,4
BRDA:272,15,1,1
BRDA:272,15,2,4
BRDA:272,15,3,6
BRDA:272,15,4,1
BRDA:272,15,5,1
BRDA:272,15,6,1
BRDA:280,16,0,1
BRDA:280,16,1,5
BRDA:296,17,0,6
BRDA:296,17,1,2
BRDA:296,17,2,5
BRDA:296,17,3,11
BRDA:296,17,4,2
BRDA:296,17,5,2
BRF:40
BRH:34
end_of_record
TN:
SF:src/utils/id.ts
FN:4,(anonymous_0)
FNF:1
FNH:1
FNDA:283,(anonymous_0)
DA:3,23
DA:4,23
DA:5,283
DA:7,283
DA:8,2830
DA:9,2830
DA:12,283
LF:7
LH:7
BRF:0
BRH:0
end_of_record
TN:
SF:src/utils/index.ts
FN:10,(anonymous_0)
FN:11,(anonymous_1)
FN:12,(anonymous_2)
FN:13,(anonymous_3)
FN:17,(anonymous_4)
FN:17,(anonymous_5)
FN:17,(anonymous_6)
FNF:7
FNH:3
FNDA:0,(anonymous_0)
FNDA:0,(anonymous_1)
FNDA:0,(anonymous_2)
FNDA:0,(anonymous_3)
FNDA:4,(anonymous_4)
FNDA:6,(anonymous_5)
FNDA:9,(anonymous_6)
DA:9,1
DA:10,1
DA:11,1
DA:12,1
DA:13,1
DA:17,10
LF:6
LH:6
BRF:0
BRH:0
end_of_record
TN:
SF:src/utils/password-utils.ts
FN:14,(anonymous_0)
FN:24,(anonymous_1)
FN:35,(anonymous_2)
FN:45,(anonymous_3)
FNF:4
FNH:4
FNDA:12,(anonymous_0)
FNDA:384,(anonymous_1)
FNDA:4,(anonymous_2)
FNDA:7,(anonymous_3)
DA:14,4
DA:16,12
DA:17,12
DA:20,12
DA:23,12
DA:24,384
DA:26,12
DA:35,4
DA:36,4
DA:37,4
DA:45,4
DA:47,7
LF:12
LH:12
BRF:0
BRH:0
end_of_record
TN:
SF:src/utils/secure-storage.ts
FN:25,(anonymous_0)
FN:58,(anonymous_1)
FN:92,(anonymous_2)
FN:107,(anonymous_3)
FN:123,(anonymous_4)
FN:137,(anonymous_5)
FNF:6
FNH:0
FNDA:0,(anonymous_0)
FNDA:0,(anonymous_1)
FNDA:0,(anonymous_2)
FNDA:0,(anonymous_3)
FNDA:0,(anonymous_4)
FNDA:0,(anonymous_5)
DA:14,4
DA:15,4
DA:25,4
DA:26,0
DA:28,0
DA:31,0
DA:35,0
DA:36,0
DA:37,0
DA:40,0
DA:41,0
DA:45,0
DA:47,0
DA:48,0
DA:58,4
DA:59,0
DA:61,0
DA:64,0
DA:67,0
DA:68,0
DA:69,0
DA:72,0
DA:73,0
DA:75,0
DA:79,0
DA:81,0
DA:82,0
DA:92,4
DA:93,0
DA:94,0
DA:95,0
DA:97,0
DA:98,0
DA:107,4
DA:108,0
DA:109,0
DA:110,0
DA:111,0
DA:113,0
DA:114,0
DA:123,4
DA:124,0
DA:125,0
DA:127,0
DA:128,0
DA:137,4
DA:138,0
DA:139,0
DA:140,0
DA:142,0
DA:143,0
LF:51
LH:8
BRDA:73,0,0,0
BRDA:110,1,0,0
BRF:2
BRH:0
end_of_record
TN:
SF:src/utils/seizure-prevention.ts
FN:10,prefersReducedMotion
FN:21,isSafeFrequency
FN:32,shouldSkipAnimation
FN:42,getSafeAnimationDuration
FN:57,isSafeFlashing
FNF:5
FNH:5
FNDA:23,prefersReducedMotion
FNDA:8,isSafeFrequency
FNDA:25,shouldSkipAnimation
FNDA:7,getSafeAnimationDuration
FNDA:14,isSafeFlashing
DA:10,1
DA:11,23
DA:13,23
DA:21,1
DA:24,8
DA:32,1
DA:33,25
DA:42,1
DA:43,7
DA:44,2
DA:48,5
DA:57,1
DA:58,14
DA:59,6
DA:63,8
LF:15
LH:15
BRDA:11,0,0,0
BRDA:24,1,0,8
BRDA:24,1,1,6
BRDA:32,2,0,1
BRDA:33,3,0,25
BRDA:33,3,1,20
BRDA:42,4,0,1
BRDA:43,5,0,2
BRDA:57,6,0,2
BRDA:58,7,0,6
BRF:10
BRH:9
end_of_record
TN:
SF:src/utils/utils.ts
FN:3,bothStringsWithSameCaps
FN:10,getDecimalPlaces
FN:18,parseSequence
FN:37,(anonymous_3)
FN:47,(anonymous_4)
FN:55,parseSpecifier
FN:60,(anonymous_6)
FN:77,(anonymous_7)
FN:83,(anonymous_8)
FN:90,(anonymous_9)
FNF:10
FNH:10
FNDA:9,bothStringsWithSameCaps
FNDA:24,getDecimalPlaces
FNDA:19,parseSequence
FNDA:50,(anonymous_3)
FNDA:26,(anonymous_4)
FNDA:11,parseSpecifier
FNDA:26,(anonymous_6)
FNDA:2,(anonymous_7)
FNDA:4,(anonymous_8)
FNDA:3,(anonymous_9)
DA:1,13
DA:4,9
DA:5,9
DA:6,9
DA:7,9
DA:10,13
DA:11,24
DA:12,24
DA:13,15
DA:15,9
DA:18,13
DA:20,19
DA:21,19
DA:22,19
DA:23,2
DA:25,17
DA:26,17
DA:27,17
DA:28,17
DA:30,17
DA:31,8
DA:32,8
DA:33,8
DA:34,8
DA:35,8
DA:36,8
DA:37,8
DA:38,50
DA:39,50
DA:42,9
DA:43,6
DA:44,6
DA:45,6
DA:47,6
DA:48,26
DA:49,26
DA:52,17
DA:55,13
DA:56,11
DA:57,11
DA:58,11
DA:60,11
DA:61,26
DA:62,4
DA:63,4
DA:64,4
DA:67,22
DA:68,19
DA:69,18
DA:74,11
DA:77,13
DA:78,2
DA:79,2
DA:80,2
DA:83,13
DA:84,4
DA:85,4
DA:86,4
DA:87,4
DA:90,13
DA:91,3
DA:92,1
DA:95,2
DA:97,2
DA:98,1
DA:100,1
LF:66
LH:66
BRDA:4,0,0,0
BRDA:4,1,0,9
BRDA:4,1,1,9
BRDA:12,2,0,15
BRDA:22,3,0,2
BRDA:22,4,0,19
BRDA:22,4,1,17
BRDA:30,5,0,8
BRDA:30,5,1,9
BRDA:30,6,0,17
BRDA:30,6,1,9
BRDA:30,6,2,9
BRDA:38,7,0,45
BRDA:38,7,1,5
BRDA:42,8,0,6
BRDA:42,9,0,9
BRDA:42,9,1,8
BRDA:48,10,0,21
BRDA:48,10,1,5
BRDA:56,11,0,11
BRDA:56,11,1,0
BRDA:61,12,0,4
BRDA:61,12,1,22
BRDA:63,13,0,4
BRDA:67,14,0,19
BRDA:68,15,0,18
BRDA:74,16,0,8
BRDA:74,16,1,3
BRDA:91,17,0,1
BRF:29
BRH:27
end_of_record
TN:
SF:src/utils/formula/FormulaParser.tsx
FN:26,(anonymous_0)
FN:47,(anonymous_1)
FN:52,(anonymous_2)
FN:66,(anonymous_3)
FN:97,(anonymous_4)
FN:116,(anonymous_5)
FN:126,(anonymous_6)
FNF:7
FNH:7
FNDA:46,(anonymous_0)
FNDA:9,(anonymous_1)
FNDA:102,(anonymous_2)
FNDA:26,(anonymous_3)
FNDA:50,(anonymous_4)
FNDA:50,(anonymous_5)
FNDA:50,(anonymous_6)
DA:5,10
DA:7,10
DA:27,46
DA:28,2
DA:32,44
DA:33,2
DA:37,42
DA:43,42
DA:46,42
DA:47,42
DA:50,42
DA:51,42
DA:52,102
DA:55,42
DA:67,26
DA:68,1
DA:72,25
DA:73,0
DA:76,25
DA:79,25
DA:80,25
DA:83,25
DA:84,25
DA:86,25
DA:99,50
DA:102,50
DA:103,52
DA:107,50
DA:117,50
DA:127,50
DA:128,50
DA:129,50
DA:131,50
DA:132,836
DA:135,836
DA:137,4
DA:138,4
DA:139,4
DA:141,832
DA:145,836
DA:146,50
DA:150,50
LF:42
LH:41
BRDA:27,0,0,2
BRDA:32,1,0,2
BRDA:43,2,0,42
BRDA:43,2,1,2
BRDA:46,3,0,42
BRDA:46,3,1,36
BRDA:67,4,0,1
BRDA:67,5,0,26
BRDA:67,5,1,25
BRDA:72,6,0,0
BRDA:135,7,0,4
BRDA:135,7,1,832
BRDA:135,8,0,836
BRDA:135,8,1,4
BRDA:135,8,2,4
BRDA:145,9,0,50
BRF:16
BRH:15
end_of_record
TN:
SF:src/utils/formula/FormulaReferenceTracker.tsx
FN:26,(anonymous_0)
FN:38,(anonymous_1)
FN:50,(anonymous_2)
FN:71,(anonymous_3)
FN:76,(anonymous_4)
FN:119,(anonymous_5)
FN:128,(anonymous_6)
FN:134,(anonymous_7)
FN:135,(anonymous_8)
FN:151,(anonymous_9)
FN:153,(anonymous_10)
FN:161,(anonymous_11)
FN:171,(anonymous_12)
FN:173,(anonymous_13)
FNF:14
FNH:14
FNDA:30,(anonymous_0)
FNDA:36,(anonymous_1)
FNDA:77,(anonymous_2)
FNDA:15,(anonymous_3)
FNDA:16,(anonymous_4)
FNDA:14,(anonymous_5)
FNDA:39,(anonymous_6)
FNDA:38,(anonymous_7)
FNDA:45,(anonymous_8)
FNDA:36,(anonymous_9)
FNDA:30,(anonymous_10)
FNDA:9,(anonymous_11)
FNDA:16,(anonymous_12)
FNDA:19,(anonymous_13)
DA:1,9
DA:18,9
DA:27,30
DA:28,30
DA:29,30
DA:40,36
DA:43,36
DA:44,36
DA:47,36
DA:50,36
DA:51,77
DA:56,77
DA:57,68
DA:60,77
DA:72,15
DA:73,15
DA:76,15
DA:78,16
DA:84,16
DA:90,16
DA:91,16
DA:92,16
DA:97,16
DA:101,16
DA:104,16
DA:105,13
DA:107,16
DA:110,15
DA:120,14
DA:130,39
DA:131,39
DA:134,39
DA:135,45
DA:137,38
DA:138,6
DA:140,32
DA:152,36
DA:153,36
DA:162,9
DA:172,16
DA:173,19
DA:175,16
DA:176,13
DA:178,3
LF:44
LH:44
BRDA:56,0,0,68
BRDA:60,1,0,0
BRDA:60,1,1,77
BRDA:60,2,0,77
BRDA:60,2,1,77
BRDA:72,3,0,15
BRDA:72,3,1,2
BRDA:91,4,0,16
BRDA:104,5,0,13
BRDA:107,6,0,0
BRDA:107,6,1,16
BRDA:107,7,0,16
BRDA:107,7,1,16
BRDA:120,8,0,14
BRDA:120,8,1,1
BRDA:137,9,0,6
BRDA:137,9,1,32
BRDA:152,10,0,36
BRDA:152,10,1,10
BRDA:172,11,0,16
BRDA:172,11,1,0
BRDA:175,12,0,13
BRDA:175,12,1,3
BRF:23
BRH:20
end_of_record
TN:
SF:src/utils/formula/FormulaVariableRenaming.tsx
FN:15,(anonymous_0)
FN:20,(anonymous_1)
FN:21,(anonymous_2)
FN:22,(anonymous_3)
FN:33,(anonymous_4)
FN:36,(anonymous_5)
FN:53,(anonymous_6)
FN:63,(anonymous_7)
FN:66,(anonymous_8)
FN:68,(anonymous_9)
FN:69,(anonymous_10)
FN:71,(anonymous_11)
FN:102,(anonymous_12)
FN:113,(anonymous_13)
FN:124,(anonymous_14)
FN:136,(anonymous_15)
FN:146,(anonymous_16)
FN:178,(anonymous_17)
FNF:18
FNH:5
FNDA:25,(anonymous_0)
FNDA:13,(anonymous_1)
FNDA:13,(anonymous_2)
FNDA:0,(anonymous_3)
FNDA:25,(anonymous_4)
FNDA:75,(anonymous_5)
FNDA:0,(anonymous_6)
FNDA:0,(anonymous_7)
FNDA:0,(anonymous_8)
FNDA:0,(anonymous_9)
FNDA:0,(anonymous_10)
FNDA:0,(anonymous_11)
FNDA:0,(anonymous_12)
FNDA:0,(anonymous_13)
FNDA:0,(anonymous_14)
FNDA:0,(anonymous_15)
FNDA:0,(anonymous_16)
FNDA:0,(anonymous_17)
DA:2,7
DA:3,7
DA:8,7
DA:15,7
DA:17,25
DA:20,25
DA:21,13
DA:22,13
DA:23,0
DA:24,0
DA:33,7
DA:36,25
DA:37,75
DA:39,75
DA:53,7
DA:60,0
DA:63,0
DA:66,0
DA:68,0
DA:69,0
DA:71,0
DA:72,0
DA:75,0
DA:77,0
DA:80,0
DA:81,0
DA:89,0
DA:92,0
DA:102,7
DA:103,0
DA:104,0
DA:113,7
DA:114,0
DA:115,0
DA:124,7
DA:125,0
DA:136,7
DA:145,0
DA:146,0
DA:147,0
DA:150,0
DA:157,0
DA:160,0
DA:161,0
DA:162,0
DA:164,0
DA:168,0
DA:169,0
DA:170,0
DA:172,0
DA:176,0
DA:178,0
DA:179,0
DA:180,0
DA:181,0
DA:182,0
DA:186,0
LF:57
LH:17
BRDA:37,0,0,75
BRDA:75,1,0,0
BRDA:80,2,0,0
BRDA:147,3,0,0
BRDA:150,4,0,0
BRDA:157,5,0,0
BRDA:157,5,1,0
BRDA:157,5,2,0
BRDA:161,6,0,0
BRDA:169,7,0,0
BRDA:176,8,0,0
BRDA:176,9,0,0
BRDA:176,9,1,0
BRDA:179,10,0,0
BRF:14
BRH:1
end_of_record
